{"/Users/surebest/WeChatProjects/miniprogram-3/server/src/adapters/baseAdapter.js": {"path":"/Users/surebest/WeChatProjects/miniprogram-3/server/src/adapters/baseAdapter.js","statementMap":{"0":{"start":{"line":3,"column":4},"end":{"line":3,"column":21}},"1":{"start":{"line":7,"column":4},"end":{"line":7,"column":61}},"2":{"start":{"line":11,"column":18},"end":{"line":11,"column":57}},"3":{"start":{"line":12,"column":18},"end":{"line":12,"column":57}},"4":{"start":{"line":14,"column":19},"end":{"line":14,"column":21}},"5":{"start":{"line":15,"column":17},"end":{"line":15,"column":26}},"6":{"start":{"line":17,"column":4},"end":{"line":29,"column":5}},"7":{"start":{"line":17,"column":20},"end":{"line":17,"column":21}},"8":{"start":{"line":18,"column":19},"end":{"line":18,"column":71}},"9":{"start":{"line":19,"column":6},"end":{"line":19,"column":57}},"10":{"start":{"line":19,"column":48},"end":{"line":19,"column":57}},"11":{"start":{"line":21,"column":6},"end":{"line":28,"column":7}},"12":{"start":{"line":22,"column":8},"end":{"line":22,"column":32}},"13":{"start":{"line":22,"column":23},"end":{"line":22,"column":32}},"14":{"start":{"line":23,"column":20},"end":{"line":23,"column":45}},"15":{"start":{"line":24,"column":8},"end":{"line":24,"column":36}},"16":{"start":{"line":24,"column":27},"end":{"line":24,"column":36}},"17":{"start":{"line":25,"column":8},"end":{"line":25,"column":22}},"18":{"start":{"line":26,"column":8},"end":{"line":26,"column":26}},"19":{"start":{"line":27,"column":8},"end":{"line":27,"column":50}},"20":{"start":{"line":27,"column":36},"end":{"line":27,"column":50}},"21":{"start":{"line":31,"column":4},"end":{"line":31,"column":18}}},"fnMap":{"0":{"name":"(anonymous_0)","decl":{"start":{"line":2,"column":2},"end":{"line":2,"column":3}},"loc":{"start":{"line":2,"column":20},"end":{"line":4,"column":3}},"line":2},"1":{"name":"(anonymous_1)","decl":{"start":{"line":6,"column":2},"end":{"line":6,"column":3}},"loc":{"start":{"line":6,"column":58},"end":{"line":8,"column":3}},"line":6},"2":{"name":"(anonymous_2)","decl":{"start":{"line":10,"column":2},"end":{"line":10,"column":3}},"loc":{"start":{"line":10,"column":45},"end":{"line":32,"column":3}},"line":10}},"branchMap":{"0":{"loc":{"start":{"line":6,"column":43},"end":{"line":6,"column":56}},"type":"default-arg","locations":[{"start":{"line":6,"column":54},"end":{"line":6,"column":56}}],"line":6},"1":{"loc":{"start":{"line":10,"column":31},"end":{"line":10,"column":43}},"type":"default-arg","locations":[{"start":{"line":10,"column":41},"end":{"line":10,"column":43}}],"line":10},"2":{"loc":{"start":{"line":11,"column":37},"end":{"line":11,"column":55}},"type":"binary-expr","locations":[{"start":{"line":11,"column":37},"end":{"line":11,"column":50}},{"start":{"line":11,"column":54},"end":{"line":11,"column":55}}],"line":11},"3":{"loc":{"start":{"line":12,"column":37},"end":{"line":12,"column":55}},"type":"binary-expr","locations":[{"start":{"line":12,"column":37},"end":{"line":12,"column":50}},{"start":{"line":12,"column":54},"end":{"line":12,"column":55}}],"line":12},"4":{"loc":{"start":{"line":19,"column":6},"end":{"line":19,"column":57}},"type":"if","locations":[{"start":{"line":19,"column":6},"end":{"line":19,"column":57}},{"start":{},"end":{}}],"line":19},"5":{"loc":{"start":{"line":19,"column":10},"end":{"line":19,"column":46}},"type":"binary-expr","locations":[{"start":{"line":19,"column":10},"end":{"line":19,"column":30}},{"start":{"line":19,"column":34},"end":{"line":19,"column":46}}],"line":19},"6":{"loc":{"start":{"line":22,"column":8},"end":{"line":22,"column":32}},"type":"if","locations":[{"start":{"line":22,"column":8},"end":{"line":22,"column":32}},{"start":{},"end":{}}],"line":22},"7":{"loc":{"start":{"line":24,"column":8},"end":{"line":24,"column":36}},"type":"if","locations":[{"start":{"line":24,"column":8},"end":{"line":24,"column":36}},{"start":{},"end":{}}],"line":24},"8":{"loc":{"start":{"line":27,"column":8},"end":{"line":27,"column":50}},"type":"if","locations":[{"start":{"line":27,"column":8},"end":{"line":27,"column":50}},{"start":{},"end":{}}],"line":27}},"s":{"0":0,"1":0,"2":0,"3":0,"4":0,"5":0,"6":0,"7":0,"8":0,"9":0,"10":0,"11":0,"12":0,"13":0,"14":0,"15":0,"16":0,"17":0,"18":0,"19":0,"20":0,"21":0},"f":{"0":0,"1":0,"2":0},"b":{"0":[0],"1":[0],"2":[0,0],"3":[0,0],"4":[0,0],"5":[0,0],"6":[0,0],"7":[0,0],"8":[0,0]},"inputSourceMap":null}
,"/Users/surebest/WeChatProjects/miniprogram-3/server/src/adapters/dewuAdapter.js": {"path":"/Users/surebest/WeChatProjects/miniprogram-3/server/src/adapters/dewuAdapter.js","statementMap":{"0":{"start":{"line":5,"column":4},"end":{"line":5,"column":16}},"1":{"start":{"line":9,"column":17},"end":{"line":9,"column":43}},"2":{"start":{"line":10,"column":21},"end":{"line":10,"column":22}},"3":{"start":{"line":11,"column":18},"end":{"line":11,"column":39}},"4":{"start":{"line":12,"column":4},"end":{"line":12,"column":47}},"5":{"start":{"line":17,"column":12},"end":{"line":17,"column":34}},"6":{"start":{"line":18,"column":2},"end":{"line":69,"column":4}}},"fnMap":{"0":{"name":"(anonymous_0)","decl":{"start":{"line":4,"column":2},"end":{"line":4,"column":3}},"loc":{"start":{"line":4,"column":16},"end":{"line":6,"column":3}},"line":4},"1":{"name":"(anonymous_1)","decl":{"start":{"line":8,"column":2},"end":{"line":8,"column":3}},"loc":{"start":{"line":8,"column":45},"end":{"line":13,"column":3}},"line":8},"2":{"name":"buildNikeDunkSeed","decl":{"start":{"line":16,"column":9},"end":{"line":16,"column":26}},"loc":{"start":{"line":16,"column":36},"end":{"line":70,"column":1}},"line":16}},"branchMap":{"0":{"loc":{"start":{"line":8,"column":35},"end":{"line":8,"column":43}},"type":"default-arg","locations":[{"start":{"line":8,"column":42},"end":{"line":8,"column":43}}],"line":8},"1":{"loc":{"start":{"line":17,"column":12},"end":{"line":17,"column":34}},"type":"binary-expr","locations":[{"start":{"line":17,"column":12},"end":{"line":17,"column":19}},{"start":{"line":17,"column":23},"end":{"line":17,"column":34}}],"line":17}},"s":{"0":0,"1":0,"2":0,"3":0,"4":0,"5":0,"6":0},"f":{"0":0,"1":0,"2":0},"b":{"0":[0],"1":[0,0]},"inputSourceMap":null}
,"/Users/surebest/WeChatProjects/miniprogram-3/server/src/adapters/farfetchAdapter.js": {"path":"/Users/surebest/WeChatProjects/miniprogram-3/server/src/adapters/farfetchAdapter.js","statementMap":{"0":{"start":{"line":6,"column":4},"end":{"line":6,"column":22}},"1":{"start":{"line":10,"column":18},"end":{"line":10,"column":37}},"2":{"start":{"line":11,"column":19},"end":{"line":11,"column":80}},"3":{"start":{"line":12,"column":18},"end":{"line":12,"column":66}},"4":{"start":{"line":14,"column":4},"end":{"line":26,"column":8}},"5":{"start":{"line":14,"column":29},"end":{"line":26,"column":5}}},"fnMap":{"0":{"name":"(anonymous_0)","decl":{"start":{"line":5,"column":2},"end":{"line":5,"column":3}},"loc":{"start":{"line":5,"column":16},"end":{"line":7,"column":3}},"line":5},"1":{"name":"(anonymous_1)","decl":{"start":{"line":9,"column":2},"end":{"line":9,"column":3}},"loc":{"start":{"line":9,"column":59},"end":{"line":27,"column":3}},"line":9},"2":{"name":"(anonymous_2)","decl":{"start":{"line":14,"column":21},"end":{"line":14,"column":22}},"loc":{"start":{"line":14,"column":29},"end":{"line":26,"column":5}},"line":14}},"branchMap":{"0":{"loc":{"start":{"line":9,"column":35},"end":{"line":9,"column":43}},"type":"default-arg","locations":[{"start":{"line":9,"column":42},"end":{"line":9,"column":43}}],"line":9},"1":{"loc":{"start":{"line":9,"column":45},"end":{"line":9,"column":57}},"type":"default-arg","locations":[{"start":{"line":9,"column":55},"end":{"line":9,"column":57}}],"line":9},"2":{"loc":{"start":{"line":10,"column":18},"end":{"line":10,"column":37}},"type":"binary-expr","locations":[{"start":{"line":10,"column":18},"end":{"line":10,"column":31}},{"start":{"line":10,"column":35},"end":{"line":10,"column":37}}],"line":10},"3":{"loc":{"start":{"line":12,"column":18},"end":{"line":12,"column":66}},"type":"cond-expr","locations":[{"start":{"line":12,"column":49},"end":{"line":12,"column":61}},{"start":{"line":12,"column":64},"end":{"line":12,"column":66}}],"line":12},"4":{"loc":{"start":{"line":20,"column":18},"end":{"line":20,"column":34}},"type":"binary-expr","locations":[{"start":{"line":20,"column":18},"end":{"line":20,"column":28}},{"start":{"line":20,"column":32},"end":{"line":20,"column":34}}],"line":20},"5":{"loc":{"start":{"line":21,"column":19},"end":{"line":21,"column":40}},"type":"binary-expr","locations":[{"start":{"line":21,"column":19},"end":{"line":21,"column":30}},{"start":{"line":21,"column":34},"end":{"line":21,"column":40}}],"line":21},"6":{"loc":{"start":{"line":23,"column":20},"end":{"line":23,"column":32}},"type":"binary-expr","locations":[{"start":{"line":23,"column":20},"end":{"line":23,"column":27}},{"start":{"line":23,"column":31},"end":{"line":23,"column":32}}],"line":23},"7":{"loc":{"start":{"line":24,"column":16},"end":{"line":24,"column":35}},"type":"binary-expr","locations":[{"start":{"line":24,"column":16},"end":{"line":24,"column":26}},{"start":{"line":24,"column":30},"end":{"line":24,"column":35}}],"line":24}},"s":{"0":0,"1":0,"2":0,"3":0,"4":0,"5":0},"f":{"0":0,"1":0,"2":0},"b":{"0":[0],"1":[0],"2":[0,0],"3":[0,0],"4":[0,0],"5":[0,0],"6":[0,0],"7":[0,0]},"inputSourceMap":null}
,"/Users/surebest/WeChatProjects/miniprogram-3/server/src/adapters/jdAdapter.js": {"path":"/Users/surebest/WeChatProjects/miniprogram-3/server/src/adapters/jdAdapter.js","statementMap":{"0":{"start":{"line":7,"column":4},"end":{"line":7,"column":16}},"1":{"start":{"line":11,"column":18},"end":{"line":11,"column":37}},"2":{"start":{"line":12,"column":14},"end":{"line":12,"column":26}},"3":{"start":{"line":13,"column":16},"end":{"line":13,"column":95}},"4":{"start":{"line":14,"column":21},"end":{"line":14,"column":76}},"5":{"start":{"line":15,"column":14},"end":{"line":15,"column":41}},"6":{"start":{"line":17,"column":18},"end":{"line":17,"column":20}},"7":{"start":{"line":18,"column":4},"end":{"line":45,"column":7}},"8":{"start":{"line":19,"column":6},"end":{"line":19,"column":40}},"9":{"start":{"line":19,"column":33},"end":{"line":19,"column":40}},"10":{"start":{"line":20,"column":19},"end":{"line":20,"column":24}},"11":{"start":{"line":21,"column":17},"end":{"line":21,"column":44}},"12":{"start":{"line":22,"column":6},"end":{"line":22,"column":22}},"13":{"start":{"line":22,"column":15},"end":{"line":22,"column":22}},"14":{"start":{"line":24,"column":20},"end":{"line":24,"column":78}},"15":{"start":{"line":25,"column":21},"end":{"line":25,"column":66}},"16":{"start":{"line":26,"column":20},"end":{"line":26,"column":34}},"17":{"start":{"line":27,"column":6},"end":{"line":27,"column":35}},"18":{"start":{"line":27,"column":28},"end":{"line":27,"column":35}},"19":{"start":{"line":29,"column":18},"end":{"line":29,"column":108}},"20":{"start":{"line":30,"column":6},"end":{"line":30,"column":59}},"21":{"start":{"line":30,"column":34},"end":{"line":30,"column":59}},"22":{"start":{"line":32,"column":19},"end":{"line":32,"column":60}},"23":{"start":{"line":33,"column":6},"end":{"line":33,"column":62}},"24":{"start":{"line":33,"column":35},"end":{"line":33,"column":62}},"25":{"start":{"line":35,"column":6},"end":{"line":44,"column":9}},"26":{"start":{"line":47,"column":4},"end":{"line":47,"column":17}}},"fnMap":{"0":{"name":"(anonymous_0)","decl":{"start":{"line":6,"column":2},"end":{"line":6,"column":3}},"loc":{"start":{"line":6,"column":16},"end":{"line":8,"column":3}},"line":6},"1":{"name":"(anonymous_1)","decl":{"start":{"line":10,"column":2},"end":{"line":10,"column":3}},"loc":{"start":{"line":10,"column":59},"end":{"line":48,"column":3}},"line":10},"2":{"name":"(anonymous_2)","decl":{"start":{"line":18,"column":25},"end":{"line":18,"column":26}},"loc":{"start":{"line":18,"column":36},"end":{"line":45,"column":5}},"line":18}},"branchMap":{"0":{"loc":{"start":{"line":10,"column":35},"end":{"line":10,"column":43}},"type":"default-arg","locations":[{"start":{"line":10,"column":42},"end":{"line":10,"column":43}}],"line":10},"1":{"loc":{"start":{"line":10,"column":45},"end":{"line":10,"column":57}},"type":"default-arg","locations":[{"start":{"line":10,"column":55},"end":{"line":10,"column":57}}],"line":10},"2":{"loc":{"start":{"line":11,"column":18},"end":{"line":11,"column":37}},"type":"binary-expr","locations":[{"start":{"line":11,"column":18},"end":{"line":11,"column":31}},{"start":{"line":11,"column":35},"end":{"line":11,"column":37}}],"line":11},"3":{"loc":{"start":{"line":19,"column":6},"end":{"line":19,"column":40}},"type":"if","locations":[{"start":{"line":19,"column":6},"end":{"line":19,"column":40}},{"start":{},"end":{}}],"line":19},"4":{"loc":{"start":{"line":21,"column":17},"end":{"line":21,"column":44}},"type":"binary-expr","locations":[{"start":{"line":21,"column":17},"end":{"line":21,"column":38}},{"start":{"line":21,"column":42},"end":{"line":21,"column":44}}],"line":21},"5":{"loc":{"start":{"line":22,"column":6},"end":{"line":22,"column":22}},"type":"if","locations":[{"start":{"line":22,"column":6},"end":{"line":22,"column":22}},{"start":{},"end":{}}],"line":22},"6":{"loc":{"start":{"line":27,"column":6},"end":{"line":27,"column":35}},"type":"if","locations":[{"start":{"line":27,"column":6},"end":{"line":27,"column":35}},{"start":{},"end":{}}],"line":27},"7":{"loc":{"start":{"line":27,"column":10},"end":{"line":27,"column":26}},"type":"binary-expr","locations":[{"start":{"line":27,"column":10},"end":{"line":27,"column":16}},{"start":{"line":27,"column":20},"end":{"line":27,"column":26}}],"line":27},"8":{"loc":{"start":{"line":29,"column":18},"end":{"line":29,"column":108}},"type":"binary-expr","locations":[{"start":{"line":29,"column":18},"end":{"line":29,"column":53}},{"start":{"line":29,"column":57},"end":{"line":29,"column":102}},{"start":{"line":29,"column":106},"end":{"line":29,"column":108}}],"line":29},"9":{"loc":{"start":{"line":30,"column":6},"end":{"line":30,"column":59}},"type":"if","locations":[{"start":{"line":30,"column":6},"end":{"line":30,"column":59}},{"start":{},"end":{}}],"line":30},"10":{"loc":{"start":{"line":32,"column":19},"end":{"line":32,"column":60}},"type":"binary-expr","locations":[{"start":{"line":32,"column":19},"end":{"line":32,"column":54}},{"start":{"line":32,"column":58},"end":{"line":32,"column":60}}],"line":32},"11":{"loc":{"start":{"line":33,"column":6},"end":{"line":33,"column":62}},"type":"if","locations":[{"start":{"line":33,"column":6},"end":{"line":33,"column":62}},{"start":{},"end":{}}],"line":33},"12":{"loc":{"start":{"line":43,"column":13},"end":{"line":43,"column":55}},"type":"binary-expr","locations":[{"start":{"line":43,"column":13},"end":{"line":43,"column":19}},{"start":{"line":43,"column":23},"end":{"line":43,"column":55}}],"line":43}},"s":{"0":0,"1":0,"2":0,"3":0,"4":0,"5":0,"6":0,"7":0,"8":0,"9":0,"10":0,"11":0,"12":0,"13":0,"14":0,"15":0,"16":0,"17":0,"18":0,"19":0,"20":0,"21":0,"22":0,"23":0,"24":0,"25":0,"26":0},"f":{"0":0,"1":0,"2":0},"b":{"0":[0],"1":[0],"2":[0,0],"3":[0,0],"4":[0,0],"5":[0,0],"6":[0,0],"7":[0,0],"8":[0,0,0],"9":[0,0],"10":[0,0],"11":[0,0],"12":[0,0]},"inputSourceMap":null}
,"/Users/surebest/WeChatProjects/miniprogram-3/server/src/adapters/pddAdapter.js": {"path":"/Users/surebest/WeChatProjects/miniprogram-3/server/src/adapters/pddAdapter.js","statementMap":{"0":{"start":{"line":6,"column":4},"end":{"line":6,"column":17}},"1":{"start":{"line":10,"column":19},"end":{"line":10,"column":34}},"2":{"start":{"line":11,"column":16},"end":{"line":11,"column":125}},"3":{"start":{"line":13,"column":20},"end":{"line":16,"column":6}},"4":{"start":{"line":17,"column":17},"end":{"line":17,"column":35}},"5":{"start":{"line":19,"column":17},"end":{"line":19,"column":19}},"6":{"start":{"line":20,"column":15},"end":{"line":20,"column":158}},"7":{"start":{"line":21,"column":12},"end":{"line":21,"column":25}},"8":{"start":{"line":22,"column":4},"end":{"line":39,"column":5}},"9":{"start":{"line":23,"column":21},"end":{"line":23,"column":38}},"10":{"start":{"line":24,"column":20},"end":{"line":24,"column":73}},"11":{"start":{"line":25,"column":6},"end":{"line":37,"column":9}},"12":{"start":{"line":38,"column":6},"end":{"line":38,"column":24}},"13":{"start":{"line":41,"column":4},"end":{"line":41,"column":43}},"14":{"start":{"line":41,"column":30},"end":{"line":41,"column":41}}},"fnMap":{"0":{"name":"(anonymous_0)","decl":{"start":{"line":5,"column":2},"end":{"line":5,"column":3}},"loc":{"start":{"line":5,"column":16},"end":{"line":7,"column":3}},"line":5},"1":{"name":"(anonymous_1)","decl":{"start":{"line":9,"column":2},"end":{"line":9,"column":3}},"loc":{"start":{"line":9,"column":59},"end":{"line":42,"column":3}},"line":9},"2":{"name":"(anonymous_2)","decl":{"start":{"line":41,"column":23},"end":{"line":41,"column":24}},"loc":{"start":{"line":41,"column":30},"end":{"line":41,"column":41}},"line":41}},"branchMap":{"0":{"loc":{"start":{"line":9,"column":35},"end":{"line":9,"column":43}},"type":"default-arg","locations":[{"start":{"line":9,"column":42},"end":{"line":9,"column":43}}],"line":9},"1":{"loc":{"start":{"line":9,"column":45},"end":{"line":9,"column":57}},"type":"default-arg","locations":[{"start":{"line":9,"column":55},"end":{"line":9,"column":57}}],"line":9},"2":{"loc":{"start":{"line":17,"column":17},"end":{"line":17,"column":35}},"type":"binary-expr","locations":[{"start":{"line":17,"column":17},"end":{"line":17,"column":29}},{"start":{"line":17,"column":33},"end":{"line":17,"column":35}}],"line":17},"3":{"loc":{"start":{"line":22,"column":11},"end":{"line":22,"column":32}},"type":"binary-expr","locations":[{"start":{"line":22,"column":11},"end":{"line":22,"column":12}},{"start":{"line":22,"column":16},"end":{"line":22,"column":32}}],"line":22},"4":{"loc":{"start":{"line":23,"column":28},"end":{"line":23,"column":37}},"type":"binary-expr","locations":[{"start":{"line":23,"column":28},"end":{"line":23,"column":32}},{"start":{"line":23,"column":36},"end":{"line":23,"column":37}}],"line":23},"5":{"loc":{"start":{"line":24,"column":20},"end":{"line":24,"column":73}},"type":"cond-expr","locations":[{"start":{"line":24,"column":36},"end":{"line":24,"column":69}},{"start":{"line":24,"column":72},"end":{"line":24,"column":73}}],"line":24}},"s":{"0":0,"1":0,"2":0,"3":0,"4":0,"5":0,"6":0,"7":0,"8":0,"9":0,"10":0,"11":0,"12":0,"13":0,"14":0},"f":{"0":0,"1":0,"2":0},"b":{"0":[0],"1":[0],"2":[0,0],"3":[0,0],"4":[0,0],"5":[0,0]},"inputSourceMap":null}
,"/Users/surebest/WeChatProjects/miniprogram-3/server/src/adapters/stockxAdapter.js": {"path":"/Users/surebest/WeChatProjects/miniprogram-3/server/src/adapters/stockxAdapter.js","statementMap":{"0":{"start":{"line":7,"column":4},"end":{"line":7,"column":20}},"1":{"start":{"line":11,"column":18},"end":{"line":11,"column":37}},"2":{"start":{"line":12,"column":16},"end":{"line":12,"column":89}},"3":{"start":{"line":13,"column":21},"end":{"line":13,"column":76}},"4":{"start":{"line":14,"column":14},"end":{"line":14,"column":41}},"5":{"start":{"line":16,"column":21},"end":{"line":16,"column":53}},"6":{"start":{"line":17,"column":4},"end":{"line":17,"column":29}},"7":{"start":{"line":17,"column":19},"end":{"line":17,"column":29}},"8":{"start":{"line":20,"column":4},"end":{"line":24,"column":5}},"9":{"start":{"line":21,"column":6},"end":{"line":21,"column":36}},"10":{"start":{"line":23,"column":6},"end":{"line":23,"column":16}},"11":{"start":{"line":26,"column":21},"end":{"line":26,"column":107}},"12":{"start":{"line":27,"column":4},"end":{"line":40,"column":35}},"13":{"start":{"line":27,"column":53},"end":{"line":40,"column":5}},"14":{"start":{"line":40,"column":22},"end":{"line":40,"column":33}}},"fnMap":{"0":{"name":"(anonymous_0)","decl":{"start":{"line":6,"column":2},"end":{"line":6,"column":3}},"loc":{"start":{"line":6,"column":16},"end":{"line":8,"column":3}},"line":6},"1":{"name":"(anonymous_1)","decl":{"start":{"line":10,"column":2},"end":{"line":10,"column":3}},"loc":{"start":{"line":10,"column":59},"end":{"line":41,"column":3}},"line":10},"2":{"name":"(anonymous_2)","decl":{"start":{"line":27,"column":40},"end":{"line":27,"column":41}},"loc":{"start":{"line":27,"column":53},"end":{"line":40,"column":5}},"line":27},"3":{"name":"(anonymous_3)","decl":{"start":{"line":40,"column":15},"end":{"line":40,"column":16}},"loc":{"start":{"line":40,"column":22},"end":{"line":40,"column":33}},"line":40}},"branchMap":{"0":{"loc":{"start":{"line":10,"column":35},"end":{"line":10,"column":43}},"type":"default-arg","locations":[{"start":{"line":10,"column":42},"end":{"line":10,"column":43}}],"line":10},"1":{"loc":{"start":{"line":10,"column":45},"end":{"line":10,"column":57}},"type":"default-arg","locations":[{"start":{"line":10,"column":55},"end":{"line":10,"column":57}}],"line":10},"2":{"loc":{"start":{"line":11,"column":18},"end":{"line":11,"column":37}},"type":"binary-expr","locations":[{"start":{"line":11,"column":18},"end":{"line":11,"column":31}},{"start":{"line":11,"column":35},"end":{"line":11,"column":37}}],"line":11},"3":{"loc":{"start":{"line":16,"column":21},"end":{"line":16,"column":53}},"type":"binary-expr","locations":[{"start":{"line":16,"column":21},"end":{"line":16,"column":47}},{"start":{"line":16,"column":51},"end":{"line":16,"column":53}}],"line":16},"4":{"loc":{"start":{"line":17,"column":4},"end":{"line":17,"column":29}},"type":"if","locations":[{"start":{"line":17,"column":4},"end":{"line":17,"column":29}},{"start":{},"end":{}}],"line":17},"5":{"loc":{"start":{"line":26,"column":21},"end":{"line":26,"column":107}},"type":"binary-expr","locations":[{"start":{"line":26,"column":21},"end":{"line":26,"column":55}},{"start":{"line":26,"column":59},"end":{"line":26,"column":101}},{"start":{"line":26,"column":105},"end":{"line":26,"column":107}}],"line":26},"6":{"loc":{"start":{"line":29,"column":17},"end":{"line":29,"column":72}},"type":"binary-expr","locations":[{"start":{"line":29,"column":17},"end":{"line":29,"column":21}},{"start":{"line":29,"column":25},"end":{"line":29,"column":35}},{"start":{"line":29,"column":39},"end":{"line":29,"column":45}},{"start":{"line":29,"column":49},"end":{"line":29,"column":72}}],"line":29},"7":{"loc":{"start":{"line":30,"column":13},"end":{"line":30,"column":63}},"type":"binary-expr","locations":[{"start":{"line":30,"column":13},"end":{"line":30,"column":20}},{"start":{"line":30,"column":24},"end":{"line":30,"column":30}},{"start":{"line":30,"column":34},"end":{"line":30,"column":52}},{"start":{"line":30,"column":56},"end":{"line":30,"column":63}}],"line":30},"8":{"loc":{"start":{"line":31,"column":13},"end":{"line":31,"column":51}},"type":"binary-expr","locations":[{"start":{"line":31,"column":13},"end":{"line":31,"column":30}},{"start":{"line":31,"column":34},"end":{"line":31,"column":45}},{"start":{"line":31,"column":49},"end":{"line":31,"column":51}}],"line":31},"9":{"loc":{"start":{"line":33,"column":15},"end":{"line":33,"column":28}},"type":"binary-expr","locations":[{"start":{"line":33,"column":15},"end":{"line":33,"column":22}},{"start":{"line":33,"column":26},"end":{"line":33,"column":28}}],"line":33},"10":{"loc":{"start":{"line":34,"column":17},"end":{"line":34,"column":32}},"type":"binary-expr","locations":[{"start":{"line":34,"column":17},"end":{"line":34,"column":26}},{"start":{"line":34,"column":30},"end":{"line":34,"column":32}}],"line":34},"11":{"loc":{"start":{"line":35,"column":18},"end":{"line":35,"column":34}},"type":"binary-expr","locations":[{"start":{"line":35,"column":18},"end":{"line":35,"column":28}},{"start":{"line":35,"column":32},"end":{"line":35,"column":34}}],"line":35},"12":{"loc":{"start":{"line":37,"column":20},"end":{"line":37,"column":77}},"type":"binary-expr","locations":[{"start":{"line":37,"column":20},"end":{"line":37,"column":39}},{"start":{"line":37,"column":43},"end":{"line":37,"column":55}},{"start":{"line":37,"column":59},"end":{"line":37,"column":72}},{"start":{"line":37,"column":76},"end":{"line":37,"column":77}}],"line":37},"13":{"loc":{"start":{"line":39,"column":11},"end":{"line":39,"column":60}},"type":"cond-expr","locations":[{"start":{"line":39,"column":22},"end":{"line":39,"column":54}},{"start":{"line":39,"column":57},"end":{"line":39,"column":60}}],"line":39}},"s":{"0":0,"1":0,"2":0,"3":0,"4":0,"5":0,"6":0,"7":0,"8":0,"9":0,"10":0,"11":0,"12":0,"13":0,"14":0},"f":{"0":0,"1":0,"2":0,"3":0},"b":{"0":[0],"1":[0],"2":[0,0],"3":[0,0],"4":[0,0],"5":[0,0,0],"6":[0,0,0,0],"7":[0,0,0,0],"8":[0,0,0],"9":[0,0],"10":[0,0],"11":[0,0],"12":[0,0,0,0],"13":[0,0]},"inputSourceMap":null}
,"/Users/surebest/WeChatProjects/miniprogram-3/server/src/adapters/taobaoAdapter.js": {"path":"/Users/surebest/WeChatProjects/miniprogram-3/server/src/adapters/taobaoAdapter.js","statementMap":{"0":{"start":{"line":6,"column":4},"end":{"line":6,"column":16}},"1":{"start":{"line":10,"column":18},"end":{"line":10,"column":37}},"2":{"start":{"line":11,"column":14},"end":{"line":11,"column":29}},"3":{"start":{"line":12,"column":16},"end":{"line":12,"column":85}},"4":{"start":{"line":14,"column":20},"end":{"line":17,"column":6}},"5":{"start":{"line":18,"column":17},"end":{"line":18,"column":35}},"6":{"start":{"line":20,"column":17},"end":{"line":20,"column":19}},"7":{"start":{"line":21,"column":15},"end":{"line":21,"column":123}},"8":{"start":{"line":22,"column":12},"end":{"line":22,"column":25}},"9":{"start":{"line":23,"column":4},"end":{"line":40,"column":5}},"10":{"start":{"line":24,"column":18},"end":{"line":24,"column":28}},"11":{"start":{"line":25,"column":6},"end":{"line":25,"column":68}},"12":{"start":{"line":25,"column":43},"end":{"line":25,"column":68}},"13":{"start":{"line":26,"column":6},"end":{"line":38,"column":9}},"14":{"start":{"line":39,"column":6},"end":{"line":39,"column":24}},"15":{"start":{"line":42,"column":4},"end":{"line":42,"column":16}},"16":{"start":{"line":47,"column":2},"end":{"line":47,"column":99}},"17":{"start":{"line":47,"column":58},"end":{"line":47,"column":97}}},"fnMap":{"0":{"name":"(anonymous_0)","decl":{"start":{"line":5,"column":2},"end":{"line":5,"column":3}},"loc":{"start":{"line":5,"column":16},"end":{"line":7,"column":3}},"line":5},"1":{"name":"(anonymous_1)","decl":{"start":{"line":9,"column":2},"end":{"line":9,"column":3}},"loc":{"start":{"line":9,"column":59},"end":{"line":43,"column":3}},"line":9},"2":{"name":"decodeText","decl":{"start":{"line":46,"column":9},"end":{"line":46,"column":19}},"loc":{"start":{"line":46,"column":25},"end":{"line":48,"column":1}},"line":46},"3":{"name":"(anonymous_3)","decl":{"start":{"line":47,"column":45},"end":{"line":47,"column":46}},"loc":{"start":{"line":47,"column":58},"end":{"line":47,"column":97}},"line":47}},"branchMap":{"0":{"loc":{"start":{"line":9,"column":35},"end":{"line":9,"column":43}},"type":"default-arg","locations":[{"start":{"line":9,"column":42},"end":{"line":9,"column":43}}],"line":9},"1":{"loc":{"start":{"line":9,"column":45},"end":{"line":9,"column":57}},"type":"default-arg","locations":[{"start":{"line":9,"column":55},"end":{"line":9,"column":57}}],"line":9},"2":{"loc":{"start":{"line":10,"column":18},"end":{"line":10,"column":37}},"type":"binary-expr","locations":[{"start":{"line":10,"column":18},"end":{"line":10,"column":31}},{"start":{"line":10,"column":35},"end":{"line":10,"column":37}}],"line":10},"3":{"loc":{"start":{"line":18,"column":17},"end":{"line":18,"column":35}},"type":"binary-expr","locations":[{"start":{"line":18,"column":17},"end":{"line":18,"column":29}},{"start":{"line":18,"column":33},"end":{"line":18,"column":35}}],"line":18},"4":{"loc":{"start":{"line":23,"column":11},"end":{"line":23,"column":35}},"type":"binary-expr","locations":[{"start":{"line":23,"column":11},"end":{"line":23,"column":12}},{"start":{"line":23,"column":16},"end":{"line":23,"column":35}}],"line":23},"5":{"loc":{"start":{"line":24,"column":18},"end":{"line":24,"column":28}},"type":"binary-expr","locations":[{"start":{"line":24,"column":18},"end":{"line":24,"column":22}},{"start":{"line":24,"column":26},"end":{"line":24,"column":28}}],"line":24},"6":{"loc":{"start":{"line":25,"column":6},"end":{"line":25,"column":68}},"type":"if","locations":[{"start":{"line":25,"column":6},"end":{"line":25,"column":68}},{"start":{},"end":{}}],"line":25},"7":{"loc":{"start":{"line":25,"column":10},"end":{"line":25,"column":41}},"type":"binary-expr","locations":[{"start":{"line":25,"column":10},"end":{"line":25,"column":15}},{"start":{"line":25,"column":19},"end":{"line":25,"column":41}}],"line":25}},"s":{"0":0,"1":0,"2":0,"3":0,"4":0,"5":0,"6":0,"7":0,"8":0,"9":0,"10":0,"11":0,"12":0,"13":0,"14":0,"15":0,"16":0,"17":0},"f":{"0":0,"1":0,"2":0,"3":0},"b":{"0":[0],"1":[0],"2":[0,0],"3":[0,0],"4":[0,0],"5":[0,0],"6":[0,0],"7":[0,0]},"inputSourceMap":null}
,"/Users/surebest/WeChatProjects/miniprogram-3/server/src/scrapers/booksScraper.js": {"path":"/Users/surebest/WeChatProjects/miniprogram-3/server/src/scrapers/booksScraper.js","statementMap":{"0":{"start":{"line":4,"column":13},"end":{"line":4,"column":42}},"1":{"start":{"line":5,"column":21},"end":{"line":5,"column":67}},"2":{"start":{"line":8,"column":18},"end":{"line":8,"column":103}},"3":{"start":{"line":9,"column":15},"end":{"line":9,"column":33}},"4":{"start":{"line":10,"column":12},"end":{"line":10,"column":30}},"5":{"start":{"line":12,"column":12},"end":{"line":12,"column":54}},"6":{"start":{"line":13,"column":16},"end":{"line":13,"column":18}},"7":{"start":{"line":15,"column":2},"end":{"line":45,"column":5}},"8":{"start":{"line":16,"column":4},"end":{"line":16,"column":38}},"9":{"start":{"line":16,"column":31},"end":{"line":16,"column":38}},"10":{"start":{"line":17,"column":14},"end":{"line":17,"column":32}},"11":{"start":{"line":18,"column":18},"end":{"line":18,"column":60}},"12":{"start":{"line":19,"column":4},"end":{"line":19,"column":54}},"13":{"start":{"line":19,"column":47},"end":{"line":19,"column":54}},"14":{"start":{"line":21,"column":17},"end":{"line":21,"column":52}},"15":{"start":{"line":22,"column":16},"end":{"line":22,"column":94}},"16":{"start":{"line":24,"column":16},"end":{"line":24,"column":66}},"17":{"start":{"line":25,"column":4},"end":{"line":25,"column":81}},"18":{"start":{"line":25,"column":15},"end":{"line":25,"column":81}},"19":{"start":{"line":27,"column":22},"end":{"line":27,"column":62}},"20":{"start":{"line":28,"column":18},"end":{"line":28,"column":59}},"21":{"start":{"line":31,"column":19},"end":{"line":31,"column":116}},"22":{"start":{"line":33,"column":4},"end":{"line":44,"column":7}},"23":{"start":{"line":47,"column":2},"end":{"line":47,"column":85}}},"fnMap":{"0":{"name":"scrapeBooks","decl":{"start":{"line":7,"column":22},"end":{"line":7,"column":33}},"loc":{"start":{"line":7,"column":64},"end":{"line":48,"column":1}},"line":7},"1":{"name":"(anonymous_1)","decl":{"start":{"line":15,"column":32},"end":{"line":15,"column":33}},"loc":{"start":{"line":15,"column":43},"end":{"line":45,"column":3}},"line":15}},"branchMap":{"0":{"loc":{"start":{"line":7,"column":43},"end":{"line":7,"column":62}},"type":"default-arg","locations":[{"start":{"line":7,"column":60},"end":{"line":7,"column":62}}],"line":7},"1":{"loc":{"start":{"line":7,"column":45},"end":{"line":7,"column":55}},"type":"default-arg","locations":[{"start":{"line":7,"column":53},"end":{"line":7,"column":55}}],"line":7},"2":{"loc":{"start":{"line":9,"column":15},"end":{"line":9,"column":33}},"type":"binary-expr","locations":[{"start":{"line":9,"column":15},"end":{"line":9,"column":27}},{"start":{"line":9,"column":31},"end":{"line":9,"column":33}}],"line":9},"3":{"loc":{"start":{"line":12,"column":19},"end":{"line":12,"column":32}},"type":"binary-expr","locations":[{"start":{"line":12,"column":19},"end":{"line":12,"column":26}},{"start":{"line":12,"column":30},"end":{"line":12,"column":32}}],"line":12},"4":{"loc":{"start":{"line":16,"column":4},"end":{"line":16,"column":38}},"type":"if","locations":[{"start":{"line":16,"column":4},"end":{"line":16,"column":38}},{"start":{},"end":{}}],"line":16},"5":{"loc":{"start":{"line":18,"column":19},"end":{"line":18,"column":52}},"type":"binary-expr","locations":[{"start":{"line":18,"column":19},"end":{"line":18,"column":34}},{"start":{"line":18,"column":38},"end":{"line":18,"column":46}},{"start":{"line":18,"column":50},"end":{"line":18,"column":52}}],"line":18},"6":{"loc":{"start":{"line":19,"column":4},"end":{"line":19,"column":54}},"type":"if","locations":[{"start":{"line":19,"column":4},"end":{"line":19,"column":54}},{"start":{},"end":{}}],"line":19},"7":{"loc":{"start":{"line":19,"column":8},"end":{"line":19,"column":45}},"type":"binary-expr","locations":[{"start":{"line":19,"column":8},"end":{"line":19,"column":9}},{"start":{"line":19,"column":13},"end":{"line":19,"column":45}}],"line":19},"8":{"loc":{"start":{"line":21,"column":24},"end":{"line":21,"column":44}},"type":"binary-expr","locations":[{"start":{"line":21,"column":24},"end":{"line":21,"column":38}},{"start":{"line":21,"column":42},"end":{"line":21,"column":44}}],"line":21},"9":{"loc":{"start":{"line":22,"column":16},"end":{"line":22,"column":94}},"type":"cond-expr","locations":[{"start":{"line":22,"column":23},"end":{"line":22,"column":89}},{"start":{"line":22,"column":92},"end":{"line":22,"column":94}}],"line":22},"10":{"loc":{"start":{"line":24,"column":23},"end":{"line":24,"column":58}},"type":"binary-expr","locations":[{"start":{"line":24,"column":23},"end":{"line":24,"column":52}},{"start":{"line":24,"column":56},"end":{"line":24,"column":58}}],"line":24},"11":{"loc":{"start":{"line":25,"column":4},"end":{"line":25,"column":81}},"type":"if","locations":[{"start":{"line":25,"column":4},"end":{"line":25,"column":81}},{"start":{},"end":{}}],"line":25},"12":{"loc":{"start":{"line":31,"column":19},"end":{"line":31,"column":116}},"type":"cond-expr","locations":[{"start":{"line":31,"column":25},"end":{"line":31,"column":86}},{"start":{"line":31,"column":89},"end":{"line":31,"column":116}}],"line":31},"13":{"loc":{"start":{"line":38,"column":13},"end":{"line":38,"column":47}},"type":"cond-expr","locations":[{"start":{"line":38,"column":38},"end":{"line":38,"column":43}},{"start":{"line":38,"column":46},"end":{"line":38,"column":47}}],"line":38}},"s":{"0":0,"1":0,"2":0,"3":0,"4":0,"5":0,"6":0,"7":0,"8":0,"9":0,"10":0,"11":0,"12":0,"13":0,"14":0,"15":0,"16":0,"17":0,"18":0,"19":0,"20":0,"21":0,"22":0,"23":0},"f":{"0":0,"1":0},"b":{"0":[0],"1":[0],"2":[0,0],"3":[0,0],"4":[0,0],"5":[0,0,0],"6":[0,0],"7":[0,0],"8":[0,0],"9":[0,0],"10":[0,0],"11":[0,0],"12":[0,0],"13":[0,0]},"inputSourceMap":null}
,"/Users/surebest/WeChatProjects/miniprogram-3/server/src/scrapers/dewuScraper.js": {"path":"/Users/surebest/WeChatProjects/miniprogram-3/server/src/scrapers/dewuScraper.js","statementMap":{"0":{"start":{"line":6,"column":21},"end":{"line":10,"column":3}},"1":{"start":{"line":12,"column":13},"end":{"line":12,"column":17}},"2":{"start":{"line":13,"column":2},"end":{"line":34,"column":3}},"3":{"start":{"line":14,"column":4},"end":{"line":33,"column":5}},"4":{"start":{"line":15,"column":22},"end":{"line":15,"column":102}},"5":{"start":{"line":16,"column":19},"end":{"line":16,"column":37}},"6":{"start":{"line":17,"column":20},"end":{"line":28,"column":36}},"7":{"start":{"line":17,"column":71},"end":{"line":28,"column":7}},"8":{"start":{"line":28,"column":24},"end":{"line":28,"column":35}},"9":{"start":{"line":30,"column":6},"end":{"line":30,"column":64}},"10":{"start":{"line":32,"column":6},"end":{"line":32,"column":15}},"11":{"start":{"line":36,"column":14},"end":{"line":36,"column":72}},"12":{"start":{"line":37,"column":2},"end":{"line":37,"column":46}},"13":{"start":{"line":41,"column":12},"end":{"line":41,"column":30}},"14":{"start":{"line":42,"column":14},"end":{"line":42,"column":16}},"15":{"start":{"line":45,"column":13},"end":{"line":45,"column":160}},"16":{"start":{"line":46,"column":10},"end":{"line":46,"column":20}},"17":{"start":{"line":47,"column":2},"end":{"line":55,"column":3}},"18":{"start":{"line":48,"column":4},"end":{"line":53,"column":7}},"19":{"start":{"line":54,"column":4},"end":{"line":54,"column":19}},"20":{"start":{"line":57,"column":2},"end":{"line":57,"column":13}}},"fnMap":{"0":{"name":"scrapeDewu","decl":{"start":{"line":5,"column":22},"end":{"line":5,"column":32}},"loc":{"start":{"line":5,"column":81},"end":{"line":38,"column":1}},"line":5},"1":{"name":"(anonymous_1)","decl":{"start":{"line":17,"column":58},"end":{"line":17,"column":59}},"loc":{"start":{"line":17,"column":71},"end":{"line":28,"column":7}},"line":17},"2":{"name":"(anonymous_2)","decl":{"start":{"line":28,"column":17},"end":{"line":28,"column":18}},"loc":{"start":{"line":28,"column":24},"end":{"line":28,"column":35}},"line":28},"3":{"name":"extractItemsFromHtml","decl":{"start":{"line":40,"column":9},"end":{"line":40,"column":29}},"loc":{"start":{"line":40,"column":43},"end":{"line":58,"column":1}},"line":40}},"branchMap":{"0":{"loc":{"start":{"line":5,"column":42},"end":{"line":5,"column":79}},"type":"default-arg","locations":[{"start":{"line":5,"column":77},"end":{"line":5,"column":79}}],"line":5},"1":{"loc":{"start":{"line":5,"column":44},"end":{"line":5,"column":53}},"type":"default-arg","locations":[{"start":{"line":5,"column":52},"end":{"line":5,"column":53}}],"line":5},"2":{"loc":{"start":{"line":5,"column":55},"end":{"line":5,"column":72}},"type":"default-arg","locations":[{"start":{"line":5,"column":68},"end":{"line":5,"column":72}}],"line":5},"3":{"loc":{"start":{"line":16,"column":19},"end":{"line":16,"column":37}},"type":"binary-expr","locations":[{"start":{"line":16,"column":19},"end":{"line":16,"column":31}},{"start":{"line":16,"column":35},"end":{"line":16,"column":37}}],"line":16},"4":{"loc":{"start":{"line":19,"column":12},"end":{"line":19,"column":37}},"type":"binary-expr","locations":[{"start":{"line":19,"column":12},"end":{"line":19,"column":16}},{"start":{"line":19,"column":20},"end":{"line":19,"column":37}}],"line":19},"5":{"loc":{"start":{"line":20,"column":15},"end":{"line":20,"column":33}},"type":"binary-expr","locations":[{"start":{"line":20,"column":15},"end":{"line":20,"column":22}},{"start":{"line":20,"column":26},"end":{"line":20,"column":33}}],"line":20},"6":{"loc":{"start":{"line":21,"column":15},"end":{"line":21,"column":28}},"type":"binary-expr","locations":[{"start":{"line":21,"column":15},"end":{"line":21,"column":22}},{"start":{"line":21,"column":26},"end":{"line":21,"column":28}}],"line":21},"7":{"loc":{"start":{"line":22,"column":15},"end":{"line":22,"column":27}},"type":"binary-expr","locations":[{"start":{"line":22,"column":15},"end":{"line":22,"column":22}},{"start":{"line":22,"column":26},"end":{"line":22,"column":27}}],"line":22},"8":{"loc":{"start":{"line":24,"column":18},"end":{"line":24,"column":34}},"type":"binary-expr","locations":[{"start":{"line":24,"column":18},"end":{"line":24,"column":28}},{"start":{"line":24,"column":32},"end":{"line":24,"column":34}}],"line":24},"9":{"loc":{"start":{"line":25,"column":13},"end":{"line":25,"column":25}},"type":"binary-expr","locations":[{"start":{"line":25,"column":13},"end":{"line":25,"column":18}},{"start":{"line":25,"column":22},"end":{"line":25,"column":25}}],"line":25},"10":{"loc":{"start":{"line":36,"column":14},"end":{"line":36,"column":72}},"type":"cond-expr","locations":[{"start":{"line":36,"column":37},"end":{"line":36,"column":49}},{"start":{"line":36,"column":52},"end":{"line":36,"column":72}}],"line":36},"11":{"loc":{"start":{"line":36,"column":14},"end":{"line":36,"column":34}},"type":"binary-expr","locations":[{"start":{"line":36,"column":14},"end":{"line":36,"column":18}},{"start":{"line":36,"column":22},"end":{"line":36,"column":34}}],"line":36},"12":{"loc":{"start":{"line":41,"column":19},"end":{"line":41,"column":29}},"type":"binary-expr","locations":[{"start":{"line":41,"column":19},"end":{"line":41,"column":23}},{"start":{"line":41,"column":27},"end":{"line":41,"column":29}}],"line":41},"13":{"loc":{"start":{"line":47,"column":9},"end":{"line":47,"column":32}},"type":"binary-expr","locations":[{"start":{"line":47,"column":9},"end":{"line":47,"column":10}},{"start":{"line":47,"column":14},"end":{"line":47,"column":32}}],"line":47},"14":{"loc":{"start":{"line":51,"column":20},"end":{"line":51,"column":29}},"type":"binary-expr","locations":[{"start":{"line":51,"column":20},"end":{"line":51,"column":24}},{"start":{"line":51,"column":28},"end":{"line":51,"column":29}}],"line":51},"15":{"loc":{"start":{"line":52,"column":16},"end":{"line":52,"column":26}},"type":"binary-expr","locations":[{"start":{"line":52,"column":16},"end":{"line":52,"column":20}},{"start":{"line":52,"column":24},"end":{"line":52,"column":26}}],"line":52}},"s":{"0":0,"1":0,"2":0,"3":0,"4":0,"5":0,"6":0,"7":0,"8":0,"9":0,"10":0,"11":0,"12":0,"13":0,"14":0,"15":0,"16":0,"17":0,"18":0,"19":0,"20":0},"f":{"0":0,"1":0,"2":0,"3":0},"b":{"0":[0],"1":[0],"2":[0],"3":[0,0],"4":[0,0],"5":[0,0],"6":[0,0],"7":[0,0],"8":[0,0],"9":[0,0],"10":[0,0],"11":[0,0],"12":[0,0],"13":[0,0],"14":[0,0],"15":[0,0]},"inputSourceMap":null}
,"/Users/surebest/WeChatProjects/miniprogram-3/server/src/scrapers/farfetchScraper.js": {"path":"/Users/surebest/WeChatProjects/miniprogram-3/server/src/scrapers/farfetchScraper.js","statementMap":{"0":{"start":{"line":5,"column":21},"end":{"line":5,"column":129}},"1":{"start":{"line":7,"column":2},"end":{"line":13,"column":3}},"2":{"start":{"line":8,"column":20},"end":{"line":8,"column":145}},"3":{"start":{"line":9,"column":17},"end":{"line":9,"column":76}},"4":{"start":{"line":10,"column":15},"end":{"line":10,"column":38}},"5":{"start":{"line":11,"column":18},"end":{"line":11,"column":46}},"6":{"start":{"line":12,"column":4},"end":{"line":12,"column":81}},"7":{"start":{"line":16,"column":15},"end":{"line":16,"column":121}},"8":{"start":{"line":16,"column":99},"end":{"line":16,"column":118}},"9":{"start":{"line":17,"column":15},"end":{"line":17,"column":38}},"10":{"start":{"line":18,"column":2},"end":{"line":20,"column":3}},"11":{"start":{"line":19,"column":4},"end":{"line":19,"column":84}},"12":{"start":{"line":23,"column":16},"end":{"line":23,"column":44}},"13":{"start":{"line":24,"column":2},"end":{"line":24,"column":78}},"14":{"start":{"line":28,"column":12},"end":{"line":28,"column":46}},"15":{"start":{"line":29,"column":2},"end":{"line":29,"column":23}},"16":{"start":{"line":33,"column":12},"end":{"line":33,"column":44}},"17":{"start":{"line":34,"column":2},"end":{"line":34,"column":105}},"18":{"start":{"line":38,"column":16},"end":{"line":38,"column":47}},"19":{"start":{"line":39,"column":16},"end":{"line":39,"column":18}},"20":{"start":{"line":40,"column":15},"end":{"line":40,"column":24}},"21":{"start":{"line":42,"column":2},"end":{"line":110,"column":3}},"22":{"start":{"line":43,"column":4},"end":{"line":43,"column":37}},"23":{"start":{"line":43,"column":31},"end":{"line":43,"column":37}},"24":{"start":{"line":44,"column":14},"end":{"line":44,"column":44}},"25":{"start":{"line":45,"column":4},"end":{"line":45,"column":37}},"26":{"start":{"line":45,"column":28},"end":{"line":45,"column":37}},"27":{"start":{"line":46,"column":4},"end":{"line":46,"column":55}},"28":{"start":{"line":46,"column":46},"end":{"line":46,"column":55}},"29":{"start":{"line":47,"column":4},"end":{"line":47,"column":63}},"30":{"start":{"line":47,"column":54},"end":{"line":47,"column":63}},"31":{"start":{"line":52,"column":22},"end":{"line":52,"column":41}},"32":{"start":{"line":53,"column":4},"end":{"line":53,"column":32}},"33":{"start":{"line":53,"column":23},"end":{"line":53,"column":32}},"34":{"start":{"line":54,"column":20},"end":{"line":54,"column":49}},"35":{"start":{"line":55,"column":4},"end":{"line":55,"column":30}},"36":{"start":{"line":55,"column":21},"end":{"line":55,"column":30}},"37":{"start":{"line":56,"column":20},"end":{"line":56,"column":58}},"38":{"start":{"line":58,"column":4},"end":{"line":62,"column":5}},"39":{"start":{"line":59,"column":6},"end":{"line":59,"column":65}},"40":{"start":{"line":60,"column":11},"end":{"line":62,"column":5}},"41":{"start":{"line":61,"column":6},"end":{"line":61,"column":65}},"42":{"start":{"line":63,"column":20},"end":{"line":63,"column":56}},"43":{"start":{"line":64,"column":15},"end":{"line":64,"column":62}},"44":{"start":{"line":65,"column":4},"end":{"line":65,"column":38}},"45":{"start":{"line":65,"column":29},"end":{"line":65,"column":38}},"46":{"start":{"line":66,"column":4},"end":{"line":66,"column":17}},"47":{"start":{"line":69,"column":16},"end":{"line":69,"column":18}},"48":{"start":{"line":70,"column":22},"end":{"line":70,"column":65}},"49":{"start":{"line":71,"column":21},"end":{"line":71,"column":41}},"50":{"start":{"line":72,"column":4},"end":{"line":75,"column":5}},"51":{"start":{"line":73,"column":21},"end":{"line":73,"column":49}},"52":{"start":{"line":74,"column":6},"end":{"line":74,"column":74}},"53":{"start":{"line":74,"column":29},"end":{"line":74,"column":74}},"54":{"start":{"line":78,"column":16},"end":{"line":78,"column":18}},"55":{"start":{"line":79,"column":18},"end":{"line":79,"column":19}},"56":{"start":{"line":80,"column":21},"end":{"line":80,"column":49}},"57":{"start":{"line":81,"column":4},"end":{"line":87,"column":5}},"58":{"start":{"line":82,"column":18},"end":{"line":82,"column":47}},"59":{"start":{"line":83,"column":18},"end":{"line":83,"column":34}},"60":{"start":{"line":84,"column":6},"end":{"line":84,"column":79}},"61":{"start":{"line":86,"column":6},"end":{"line":86,"column":90}},"62":{"start":{"line":88,"column":4},"end":{"line":91,"column":5}},"63":{"start":{"line":89,"column":18},"end":{"line":89,"column":54}},"64":{"start":{"line":90,"column":6},"end":{"line":90,"column":58}},"65":{"start":{"line":94,"column":25},"end":{"line":94,"column":100}},"66":{"start":{"line":94,"column":95},"end":{"line":94,"column":99}},"67":{"start":{"line":95,"column":17},"end":{"line":95,"column":81}},"68":{"start":{"line":96,"column":18},"end":{"line":96,"column":59}},"69":{"start":{"line":98,"column":4},"end":{"line":109,"column":7}},"70":{"start":{"line":105,"column":62},"end":{"line":105,"column":69}},"71":{"start":{"line":112,"column":2},"end":{"line":112,"column":15}},"72":{"start":{"line":116,"column":12},"end":{"line":116,"column":30}},"73":{"start":{"line":117,"column":14},"end":{"line":117,"column":16}},"74":{"start":{"line":118,"column":15},"end":{"line":118,"column":24}},"75":{"start":{"line":119,"column":13},"end":{"line":119,"column":69}},"76":{"start":{"line":121,"column":2},"end":{"line":138,"column":3}},"77":{"start":{"line":122,"column":17},"end":{"line":122,"column":21}},"78":{"start":{"line":123,"column":15},"end":{"line":123,"column":19}},"79":{"start":{"line":124,"column":4},"end":{"line":124,"column":38}},"80":{"start":{"line":124,"column":29},"end":{"line":124,"column":38}},"81":{"start":{"line":125,"column":4},"end":{"line":125,"column":17}},"82":{"start":{"line":126,"column":4},"end":{"line":137,"column":7}},"83":{"start":{"line":139,"column":2},"end":{"line":139,"column":13}}},"fnMap":{"0":{"name":"scrapeFarfetch","decl":{"start":{"line":3,"column":22},"end":{"line":3,"column":36}},"loc":{"start":{"line":3,"column":93},"end":{"line":25,"column":1}},"line":3},"1":{"name":"(anonymous_1)","decl":{"start":{"line":16,"column":92},"end":{"line":16,"column":93}},"loc":{"start":{"line":16,"column":99},"end":{"line":16,"column":118}},"line":16},"2":{"name":"extractId","decl":{"start":{"line":27,"column":9},"end":{"line":27,"column":18}},"loc":{"start":{"line":27,"column":24},"end":{"line":30,"column":1}},"line":27},"3":{"name":"isAccessDenied","decl":{"start":{"line":32,"column":9},"end":{"line":32,"column":23}},"loc":{"start":{"line":32,"column":30},"end":{"line":35,"column":1}},"line":32},"4":{"name":"parseJinaMarkdown","decl":{"start":{"line":37,"column":9},"end":{"line":37,"column":26}},"loc":{"start":{"line":37,"column":38},"end":{"line":113,"column":1}},"line":37},"5":{"name":"(anonymous_5)","decl":{"start":{"line":94,"column":88},"end":{"line":94,"column":89}},"loc":{"start":{"line":94,"column":95},"end":{"line":94,"column":99}},"line":94},"6":{"name":"(anonymous_6)","decl":{"start":{"line":105,"column":55},"end":{"line":105,"column":56}},"loc":{"start":{"line":105,"column":62},"end":{"line":105,"column":69}},"line":105},"7":{"name":"extractFromHtml","decl":{"start":{"line":115,"column":9},"end":{"line":115,"column":24}},"loc":{"start":{"line":115,"column":38},"end":{"line":140,"column":1}},"line":115}},"branchMap":{"0":{"loc":{"start":{"line":3,"column":46},"end":{"line":3,"column":91}},"type":"default-arg","locations":[{"start":{"line":3,"column":89},"end":{"line":3,"column":91}}],"line":3},"1":{"loc":{"start":{"line":3,"column":48},"end":{"line":3,"column":58}},"type":"default-arg","locations":[{"start":{"line":3,"column":56},"end":{"line":3,"column":58}}],"line":3},"2":{"loc":{"start":{"line":3,"column":60},"end":{"line":3,"column":68}},"type":"default-arg","locations":[{"start":{"line":3,"column":67},"end":{"line":3,"column":68}}],"line":3},"3":{"loc":{"start":{"line":3,"column":70},"end":{"line":3,"column":84}},"type":"default-arg","locations":[{"start":{"line":3,"column":80},"end":{"line":3,"column":84}}],"line":3},"4":{"loc":{"start":{"line":7,"column":2},"end":{"line":13,"column":3}},"type":"if","locations":[{"start":{"line":7,"column":2},"end":{"line":13,"column":3}},{"start":{},"end":{}}],"line":7},"5":{"loc":{"start":{"line":10,"column":22},"end":{"line":10,"column":37}},"type":"binary-expr","locations":[{"start":{"line":10,"column":22},"end":{"line":10,"column":31}},{"start":{"line":10,"column":35},"end":{"line":10,"column":37}}],"line":10},"6":{"loc":{"start":{"line":16,"column":99},"end":{"line":16,"column":118}},"type":"binary-expr","locations":[{"start":{"line":16,"column":99},"end":{"line":16,"column":107}},{"start":{"line":16,"column":111},"end":{"line":16,"column":118}}],"line":16},"7":{"loc":{"start":{"line":17,"column":22},"end":{"line":17,"column":37}},"type":"binary-expr","locations":[{"start":{"line":17,"column":22},"end":{"line":17,"column":31}},{"start":{"line":17,"column":35},"end":{"line":17,"column":37}}],"line":17},"8":{"loc":{"start":{"line":18,"column":2},"end":{"line":20,"column":3}},"type":"if","locations":[{"start":{"line":18,"column":2},"end":{"line":20,"column":3}},{"start":{},"end":{}}],"line":18},"9":{"loc":{"start":{"line":29,"column":9},"end":{"line":29,"column":22}},"type":"cond-expr","locations":[{"start":{"line":29,"column":13},"end":{"line":29,"column":17}},{"start":{"line":29,"column":20},"end":{"line":29,"column":22}}],"line":29},"10":{"loc":{"start":{"line":33,"column":19},"end":{"line":33,"column":29}},"type":"binary-expr","locations":[{"start":{"line":33,"column":19},"end":{"line":33,"column":23}},{"start":{"line":33,"column":27},"end":{"line":33,"column":29}}],"line":33},"11":{"loc":{"start":{"line":34,"column":9},"end":{"line":34,"column":104}},"type":"binary-expr","locations":[{"start":{"line":34,"column":9},"end":{"line":34,"column":51}},{"start":{"line":34,"column":55},"end":{"line":34,"column":104}}],"line":34},"12":{"loc":{"start":{"line":38,"column":23},"end":{"line":38,"column":31}},"type":"binary-expr","locations":[{"start":{"line":38,"column":23},"end":{"line":38,"column":25}},{"start":{"line":38,"column":29},"end":{"line":38,"column":31}}],"line":38},"13":{"loc":{"start":{"line":43,"column":4},"end":{"line":43,"column":37}},"type":"if","locations":[{"start":{"line":43,"column":4},"end":{"line":43,"column":37}},{"start":{},"end":{}}],"line":43},"14":{"loc":{"start":{"line":44,"column":21},"end":{"line":44,"column":31}},"type":"binary-expr","locations":[{"start":{"line":44,"column":21},"end":{"line":44,"column":25}},{"start":{"line":44,"column":29},"end":{"line":44,"column":31}}],"line":44},"15":{"loc":{"start":{"line":45,"column":4},"end":{"line":45,"column":37}},"type":"if","locations":[{"start":{"line":45,"column":4},"end":{"line":45,"column":37}},{"start":{},"end":{}}],"line":45},"16":{"loc":{"start":{"line":46,"column":4},"end":{"line":46,"column":55}},"type":"if","locations":[{"start":{"line":46,"column":4},"end":{"line":46,"column":55}},{"start":{},"end":{}}],"line":46},"17":{"loc":{"start":{"line":47,"column":4},"end":{"line":47,"column":63}},"type":"if","locations":[{"start":{"line":47,"column":4},"end":{"line":47,"column":63}},{"start":{},"end":{}}],"line":47},"18":{"loc":{"start":{"line":47,"column":8},"end":{"line":47,"column":52}},"type":"binary-expr","locations":[{"start":{"line":47,"column":8},"end":{"line":47,"column":28}},{"start":{"line":47,"column":32},"end":{"line":47,"column":52}}],"line":47},"19":{"loc":{"start":{"line":53,"column":4},"end":{"line":53,"column":32}},"type":"if","locations":[{"start":{"line":53,"column":4},"end":{"line":53,"column":32}},{"start":{},"end":{}}],"line":53},"20":{"loc":{"start":{"line":55,"column":4},"end":{"line":55,"column":30}},"type":"if","locations":[{"start":{"line":55,"column":4},"end":{"line":55,"column":30}},{"start":{},"end":{}}],"line":55},"21":{"loc":{"start":{"line":58,"column":4},"end":{"line":62,"column":5}},"type":"if","locations":[{"start":{"line":58,"column":4},"end":{"line":62,"column":5}},{"start":{"line":60,"column":11},"end":{"line":62,"column":5}}],"line":58},"22":{"loc":{"start":{"line":60,"column":11},"end":{"line":62,"column":5}},"type":"if","locations":[{"start":{"line":60,"column":11},"end":{"line":62,"column":5}},{"start":{},"end":{}}],"line":60},"23":{"loc":{"start":{"line":64,"column":15},"end":{"line":64,"column":62}},"type":"binary-expr","locations":[{"start":{"line":64,"column":16},"end":{"line":64,"column":23}},{"start":{"line":64,"column":27},"end":{"line":64,"column":37}},{"start":{"line":64,"column":42},"end":{"line":64,"column":62}}],"line":64},"24":{"loc":{"start":{"line":65,"column":4},"end":{"line":65,"column":38}},"type":"if","locations":[{"start":{"line":65,"column":4},"end":{"line":65,"column":38}},{"start":{},"end":{}}],"line":65},"25":{"loc":{"start":{"line":65,"column":8},"end":{"line":65,"column":27}},"type":"binary-expr","locations":[{"start":{"line":65,"column":8},"end":{"line":65,"column":11}},{"start":{"line":65,"column":15},"end":{"line":65,"column":27}}],"line":65},"26":{"loc":{"start":{"line":72,"column":4},"end":{"line":75,"column":5}},"type":"if","locations":[{"start":{"line":72,"column":4},"end":{"line":75,"column":5}},{"start":{},"end":{}}],"line":72},"27":{"loc":{"start":{"line":74,"column":6},"end":{"line":74,"column":74}},"type":"if","locations":[{"start":{"line":74,"column":6},"end":{"line":74,"column":74}},{"start":{},"end":{}}],"line":74},"28":{"loc":{"start":{"line":80,"column":21},"end":{"line":80,"column":49}},"type":"binary-expr","locations":[{"start":{"line":80,"column":21},"end":{"line":80,"column":43}},{"start":{"line":80,"column":47},"end":{"line":80,"column":49}}],"line":80},"29":{"loc":{"start":{"line":81,"column":4},"end":{"line":87,"column":5}},"type":"if","locations":[{"start":{"line":81,"column":4},"end":{"line":87,"column":5}},{"start":{},"end":{}}],"line":81},"30":{"loc":{"start":{"line":82,"column":18},"end":{"line":82,"column":47}},"type":"binary-expr","locations":[{"start":{"line":82,"column":18},"end":{"line":82,"column":41}},{"start":{"line":82,"column":45},"end":{"line":82,"column":47}}],"line":82},"31":{"loc":{"start":{"line":84,"column":15},"end":{"line":84,"column":49}},"type":"cond-expr","locations":[{"start":{"line":84,"column":26},"end":{"line":84,"column":43}},{"start":{"line":84,"column":46},"end":{"line":84,"column":49}}],"line":84},"32":{"loc":{"start":{"line":88,"column":4},"end":{"line":91,"column":5}},"type":"if","locations":[{"start":{"line":88,"column":4},"end":{"line":91,"column":5}},{"start":{},"end":{}}],"line":88},"33":{"loc":{"start":{"line":90,"column":14},"end":{"line":90,"column":57}},"type":"cond-expr","locations":[{"start":{"line":90,"column":20},"end":{"line":90,"column":33}},{"start":{"line":90,"column":36},"end":{"line":90,"column":57}}],"line":90},"34":{"loc":{"start":{"line":95,"column":17},"end":{"line":95,"column":81}},"type":"cond-expr","locations":[{"start":{"line":95,"column":39},"end":{"line":95,"column":76}},{"start":{"line":95,"column":79},"end":{"line":95,"column":81}}],"line":95},"35":{"loc":{"start":{"line":96,"column":18},"end":{"line":96,"column":59}},"type":"cond-expr","locations":[{"start":{"line":96,"column":25},"end":{"line":96,"column":55}},{"start":{"line":96,"column":58},"end":{"line":96,"column":59}}],"line":96},"36":{"loc":{"start":{"line":105,"column":16},"end":{"line":105,"column":85}},"type":"cond-expr","locations":[{"start":{"line":105,"column":38},"end":{"line":105,"column":80}},{"start":{"line":105,"column":83},"end":{"line":105,"column":85}}],"line":105},"37":{"loc":{"start":{"line":116,"column":19},"end":{"line":116,"column":29}},"type":"binary-expr","locations":[{"start":{"line":116,"column":19},"end":{"line":116,"column":23}},{"start":{"line":116,"column":27},"end":{"line":116,"column":29}}],"line":116},"38":{"loc":{"start":{"line":121,"column":9},"end":{"line":121,"column":47}},"type":"binary-expr","locations":[{"start":{"line":121,"column":10},"end":{"line":121,"column":24}},{"start":{"line":121,"column":29},"end":{"line":121,"column":47}}],"line":121},"39":{"loc":{"start":{"line":124,"column":4},"end":{"line":124,"column":38}},"type":"if","locations":[{"start":{"line":124,"column":4},"end":{"line":124,"column":38}},{"start":{},"end":{}}],"line":124},"40":{"loc":{"start":{"line":124,"column":8},"end":{"line":124,"column":27}},"type":"binary-expr","locations":[{"start":{"line":124,"column":8},"end":{"line":124,"column":11}},{"start":{"line":124,"column":15},"end":{"line":124,"column":27}}],"line":124}},"s":{"0":0,"1":0,"2":0,"3":0,"4":0,"5":0,"6":0,"7":0,"8":0,"9":0,"10":0,"11":0,"12":0,"13":0,"14":0,"15":0,"16":0,"17":0,"18":0,"19":0,"20":0,"21":0,"22":0,"23":0,"24":0,"25":0,"26":0,"27":0,"28":0,"29":0,"30":0,"31":0,"32":0,"33":0,"34":0,"35":0,"36":0,"37":0,"38":0,"39":0,"40":0,"41":0,"42":0,"43":0,"44":0,"45":0,"46":0,"47":0,"48":0,"49":0,"50":0,"51":0,"52":0,"53":0,"54":0,"55":0,"56":0,"57":0,"58":0,"59":0,"60":0,"61":0,"62":0,"63":0,"64":0,"65":0,"66":0,"67":0,"68":0,"69":0,"70":0,"71":0,"72":0,"73":0,"74":0,"75":0,"76":0,"77":0,"78":0,"79":0,"80":0,"81":0,"82":0,"83":0},"f":{"0":0,"1":0,"2":0,"3":0,"4":0,"5":0,"6":0,"7":0},"b":{"0":[0],"1":[0],"2":[0],"3":[0],"4":[0,0],"5":[0,0],"6":[0,0],"7":[0,0],"8":[0,0],"9":[0,0],"10":[0,0],"11":[0,0],"12":[0,0],"13":[0,0],"14":[0,0],"15":[0,0],"16":[0,0],"17":[0,0],"18":[0,0],"19":[0,0],"20":[0,0],"21":[0,0],"22":[0,0],"23":[0,0,0],"24":[0,0],"25":[0,0],"26":[0,0],"27":[0,0],"28":[0,0],"29":[0,0],"30":[0,0],"31":[0,0],"32":[0,0],"33":[0,0],"34":[0,0],"35":[0,0],"36":[0,0],"37":[0,0],"38":[0,0],"39":[0,0],"40":[0,0]},"inputSourceMap":null}
,"/Users/surebest/WeChatProjects/miniprogram-3/server/src/scrapers/itemScrapers.js": {"path":"/Users/surebest/WeChatProjects/miniprogram-3/server/src/scrapers/itemScrapers.js","statementMap":{"0":{"start":{"line":6,"column":12},"end":{"line":6,"column":36}},"1":{"start":{"line":7,"column":2},"end":{"line":7,"column":42}},"2":{"start":{"line":7,"column":10},"end":{"line":7,"column":42}},"3":{"start":{"line":9,"column":2},"end":{"line":9,"column":80}},"4":{"start":{"line":9,"column":37},"end":{"line":9,"column":80}},"5":{"start":{"line":10,"column":2},"end":{"line":10,"column":76}},"6":{"start":{"line":10,"column":34},"end":{"line":10,"column":76}},"7":{"start":{"line":11,"column":2},"end":{"line":11,"column":104}},"8":{"start":{"line":11,"column":35},"end":{"line":11,"column":104}},"9":{"start":{"line":12,"column":2},"end":{"line":12,"column":100}},"10":{"start":{"line":12,"column":33},"end":{"line":12,"column":100}},"11":{"start":{"line":13,"column":2},"end":{"line":13,"column":110}},"12":{"start":{"line":13,"column":38},"end":{"line":13,"column":110}},"13":{"start":{"line":14,"column":2},"end":{"line":14,"column":114}},"14":{"start":{"line":14,"column":40},"end":{"line":14,"column":114}},"15":{"start":{"line":15,"column":2},"end":{"line":15,"column":100}},"16":{"start":{"line":15,"column":33},"end":{"line":15,"column":100}},"17":{"start":{"line":16,"column":2},"end":{"line":16,"column":94}},"18":{"start":{"line":16,"column":30},"end":{"line":16,"column":94}},"19":{"start":{"line":17,"column":2},"end":{"line":17,"column":92}},"20":{"start":{"line":17,"column":29},"end":{"line":17,"column":92}},"21":{"start":{"line":18,"column":2},"end":{"line":18,"column":71}},"22":{"start":{"line":18,"column":30},"end":{"line":18,"column":71}},"23":{"start":{"line":20,"column":2},"end":{"line":20,"column":37}},"24":{"start":{"line":24,"column":18},"end":{"line":24,"column":99}},"25":{"start":{"line":25,"column":15},"end":{"line":25,"column":33}},"26":{"start":{"line":26,"column":12},"end":{"line":26,"column":30}},"27":{"start":{"line":28,"column":16},"end":{"line":28,"column":92}},"28":{"start":{"line":29,"column":14},"end":{"line":29,"column":68}},"29":{"start":{"line":30,"column":2},"end":{"line":30,"column":64}},"30":{"start":{"line":30,"column":39},"end":{"line":30,"column":64}},"31":{"start":{"line":34,"column":4},"end":{"line":36,"column":6}},"32":{"start":{"line":37,"column":16},"end":{"line":37,"column":47}},"33":{"start":{"line":39,"column":13},"end":{"line":39,"column":56}},"34":{"start":{"line":41,"column":2},"end":{"line":53,"column":4}},"35":{"start":{"line":57,"column":20},"end":{"line":57,"column":45}},"36":{"start":{"line":59,"column":2},"end":{"line":78,"column":3}},"37":{"start":{"line":61,"column":20},"end":{"line":61,"column":87}},"38":{"start":{"line":62,"column":17},"end":{"line":62,"column":76}},"39":{"start":{"line":63,"column":15},"end":{"line":63,"column":38}},"40":{"start":{"line":64,"column":19},"end":{"line":64,"column":56}},"41":{"start":{"line":65,"column":4},"end":{"line":77,"column":6}},"42":{"start":{"line":80,"column":15},"end":{"line":80,"column":76}},"43":{"start":{"line":81,"column":15},"end":{"line":81,"column":30}},"44":{"start":{"line":82,"column":12},"end":{"line":82,"column":30}},"45":{"start":{"line":85,"column":17},"end":{"line":85,"column":80}},"46":{"start":{"line":86,"column":14},"end":{"line":86,"column":16}},"47":{"start":{"line":87,"column":14},"end":{"line":87,"column":16}},"48":{"start":{"line":88,"column":17},"end":{"line":88,"column":19}},"49":{"start":{"line":89,"column":17},"end":{"line":89,"column":26}},"50":{"start":{"line":90,"column":14},"end":{"line":90,"column":15}},"51":{"start":{"line":92,"column":2},"end":{"line":103,"column":3}},"52":{"start":{"line":93,"column":4},"end":{"line":102,"column":5}},"53":{"start":{"line":94,"column":19},"end":{"line":94,"column":37}},"54":{"start":{"line":95,"column":6},"end":{"line":95,"column":31}},"55":{"start":{"line":96,"column":6},"end":{"line":96,"column":79}},"56":{"start":{"line":97,"column":6},"end":{"line":97,"column":70}},"57":{"start":{"line":98,"column":6},"end":{"line":98,"column":57}},"58":{"start":{"line":99,"column":6},"end":{"line":99,"column":46}},"59":{"start":{"line":105,"column":2},"end":{"line":105,"column":108}},"60":{"start":{"line":105,"column":14},"end":{"line":105,"column":108}},"61":{"start":{"line":106,"column":2},"end":{"line":106,"column":77}},"62":{"start":{"line":106,"column":14},"end":{"line":106,"column":77}},"63":{"start":{"line":107,"column":2},"end":{"line":114,"column":3}},"64":{"start":{"line":108,"column":16},"end":{"line":108,"column":66}},"65":{"start":{"line":109,"column":4},"end":{"line":109,"column":64}},"66":{"start":{"line":110,"column":4},"end":{"line":110,"column":44}},"67":{"start":{"line":110,"column":27},"end":{"line":110,"column":44}},"68":{"start":{"line":111,"column":4},"end":{"line":111,"column":44}},"69":{"start":{"line":111,"column":27},"end":{"line":111,"column":44}},"70":{"start":{"line":112,"column":4},"end":{"line":112,"column":44}},"71":{"start":{"line":112,"column":27},"end":{"line":112,"column":44}},"72":{"start":{"line":113,"column":4},"end":{"line":113,"column":44}},"73":{"start":{"line":116,"column":13},"end":{"line":116,"column":63}},"74":{"start":{"line":118,"column":2},"end":{"line":130,"column":4}},"75":{"start":{"line":134,"column":18},"end":{"line":134,"column":99}},"76":{"start":{"line":135,"column":15},"end":{"line":135,"column":33}},"77":{"start":{"line":136,"column":12},"end":{"line":136,"column":30}},"78":{"start":{"line":138,"column":16},"end":{"line":138,"column":92}},"79":{"start":{"line":139,"column":14},"end":{"line":139,"column":68}},"80":{"start":{"line":140,"column":2},"end":{"line":140,"column":64}},"81":{"start":{"line":140,"column":39},"end":{"line":140,"column":64}},"82":{"start":{"line":142,"column":19},"end":{"line":142,"column":93}},"83":{"start":{"line":143,"column":16},"end":{"line":143,"column":47}},"84":{"start":{"line":145,"column":2},"end":{"line":157,"column":4}},"85":{"start":{"line":161,"column":12},"end":{"line":161,"column":36}},"86":{"start":{"line":162,"column":2},"end":{"line":162,"column":77}},"87":{"start":{"line":162,"column":31},"end":{"line":162,"column":77}},"88":{"start":{"line":163,"column":2},"end":{"line":163,"column":11}},"89":{"start":{"line":167,"column":15},"end":{"line":167,"column":31}},"90":{"start":{"line":168,"column":13},"end":{"line":168,"column":61}},"91":{"start":{"line":171,"column":16},"end":{"line":171,"column":101}},"92":{"start":{"line":174,"column":14},"end":{"line":174,"column":16}},"93":{"start":{"line":175,"column":13},"end":{"line":175,"column":43}},"94":{"start":{"line":176,"column":2},"end":{"line":176,"column":48}},"95":{"start":{"line":176,"column":19},"end":{"line":176,"column":48}},"96":{"start":{"line":177,"column":2},"end":{"line":180,"column":3}},"97":{"start":{"line":178,"column":15},"end":{"line":178,"column":56}},"98":{"start":{"line":179,"column":4},"end":{"line":179,"column":50}},"99":{"start":{"line":179,"column":21},"end":{"line":179,"column":50}},"100":{"start":{"line":183,"column":17},"end":{"line":183,"column":95}},"101":{"start":{"line":183,"column":90},"end":{"line":183,"column":94}},"102":{"start":{"line":184,"column":15},"end":{"line":184,"column":61}},"103":{"start":{"line":185,"column":16},"end":{"line":185,"column":57}},"104":{"start":{"line":187,"column":2},"end":{"line":193,"column":4}},"105":{"start":{"line":192,"column":48},"end":{"line":192,"column":55}},"106":{"start":{"line":197,"column":20},"end":{"line":197,"column":45}},"107":{"start":{"line":198,"column":18},"end":{"line":198,"column":147}},"108":{"start":{"line":199,"column":15},"end":{"line":199,"column":33}},"109":{"start":{"line":200,"column":12},"end":{"line":200,"column":30}},"110":{"start":{"line":203,"column":4},"end":{"line":205,"column":28}},"111":{"start":{"line":207,"column":4},"end":{"line":209,"column":6}},"112":{"start":{"line":210,"column":2},"end":{"line":210,"column":64}},"113":{"start":{"line":210,"column":39},"end":{"line":210,"column":64}},"114":{"start":{"line":211,"column":2},"end":{"line":211,"column":84}},"115":{"start":{"line":211,"column":73},"end":{"line":211,"column":84}},"116":{"start":{"line":213,"column":40},"end":{"line":213,"column":69}},"117":{"start":{"line":214,"column":13},"end":{"line":214,"column":40}},"118":{"start":{"line":216,"column":2},"end":{"line":228,"column":4}},"119":{"start":{"line":233,"column":2},"end":{"line":245,"column":3}},"120":{"start":{"line":234,"column":19},"end":{"line":234,"column":80}},"121":{"start":{"line":235,"column":4},"end":{"line":242,"column":5}},"122":{"start":{"line":236,"column":19},"end":{"line":236,"column":37}},"123":{"start":{"line":237,"column":21},"end":{"line":237,"column":54}},"124":{"start":{"line":238,"column":18},"end":{"line":238,"column":59}},"125":{"start":{"line":239,"column":18},"end":{"line":239,"column":75}},"126":{"start":{"line":240,"column":16},"end":{"line":240,"column":37}},"127":{"start":{"line":241,"column":6},"end":{"line":241,"column":72}},"128":{"start":{"line":241,"column":13},"end":{"line":241,"column":72}},"129":{"start":{"line":247,"column":12},"end":{"line":247,"column":30}},"130":{"start":{"line":249,"column":14},"end":{"line":249,"column":79}},"131":{"start":{"line":250,"column":14},"end":{"line":250,"column":77}},"132":{"start":{"line":251,"column":2},"end":{"line":251,"column":85}},"133":{"start":{"line":251,"column":11},"end":{"line":251,"column":85}},"134":{"start":{"line":254,"column":12},"end":{"line":254,"column":87}},"135":{"start":{"line":255,"column":2},"end":{"line":262,"column":3}},"136":{"start":{"line":256,"column":17},"end":{"line":256,"column":32}},"137":{"start":{"line":257,"column":16},"end":{"line":257,"column":23}},"138":{"start":{"line":258,"column":16},"end":{"line":258,"column":23}},"139":{"start":{"line":259,"column":18},"end":{"line":259,"column":60}},"140":{"start":{"line":260,"column":21},"end":{"line":260,"column":92}},"141":{"start":{"line":261,"column":4},"end":{"line":261,"column":57}},"142":{"start":{"line":264,"column":2},"end":{"line":264,"column":57}},"143":{"start":{"line":268,"column":12},"end":{"line":268,"column":29}},"144":{"start":{"line":269,"column":13},"end":{"line":269,"column":40}},"145":{"start":{"line":270,"column":2},"end":{"line":270,"column":32}},"146":{"start":{"line":270,"column":19},"end":{"line":270,"column":32}},"147":{"start":{"line":271,"column":13},"end":{"line":271,"column":42}},"148":{"start":{"line":272,"column":2},"end":{"line":272,"column":32}},"149":{"start":{"line":272,"column":19},"end":{"line":272,"column":32}},"150":{"start":{"line":273,"column":13},"end":{"line":273,"column":45}},"151":{"start":{"line":274,"column":2},"end":{"line":274,"column":32}},"152":{"start":{"line":274,"column":19},"end":{"line":274,"column":32}},"153":{"start":{"line":275,"column":2},"end":{"line":275,"column":12}}},"fnMap":{"0":{"name":"scrapeItemByUrl","decl":{"start":{"line":5,"column":22},"end":{"line":5,"column":37}},"loc":{"start":{"line":5,"column":87},"end":{"line":21,"column":1}},"line":5},"1":{"name":"scrapeTaobaoItem","decl":{"start":{"line":23,"column":15},"end":{"line":23,"column":31}},"loc":{"start":{"line":23,"column":58},"end":{"line":54,"column":1}},"line":23},"2":{"name":"scrapeFarfetchItem","decl":{"start":{"line":56,"column":15},"end":{"line":56,"column":33}},"loc":{"start":{"line":56,"column":64},"end":{"line":131,"column":1}},"line":56},"3":{"name":"scrapeDewuItem","decl":{"start":{"line":133,"column":15},"end":{"line":133,"column":29}},"loc":{"start":{"line":133,"column":56},"end":{"line":158,"column":1}},"line":133},"4":{"name":"normalizeHttpToHttps","decl":{"start":{"line":160,"column":9},"end":{"line":160,"column":29}},"loc":{"start":{"line":160,"column":35},"end":{"line":164,"column":1}},"line":160},"5":{"name":"parseFarfetchItemFromJinaMarkdown","decl":{"start":{"line":166,"column":9},"end":{"line":166,"column":42}},"loc":{"start":{"line":166,"column":47},"end":{"line":194,"column":1}},"line":166},"6":{"name":"(anonymous_6)","decl":{"start":{"line":183,"column":83},"end":{"line":183,"column":84}},"loc":{"start":{"line":183,"column":90},"end":{"line":183,"column":94}},"line":183},"7":{"name":"(anonymous_7)","decl":{"start":{"line":192,"column":41},"end":{"line":192,"column":42}},"loc":{"start":{"line":192,"column":48},"end":{"line":192,"column":55}},"line":192},"8":{"name":"scrapeGenericOgItem","decl":{"start":{"line":196,"column":15},"end":{"line":196,"column":34}},"loc":{"start":{"line":196,"column":71},"end":{"line":229,"column":1}},"line":196},"9":{"name":"extractPriceFromHtml","decl":{"start":{"line":231,"column":9},"end":{"line":231,"column":29}},"loc":{"start":{"line":231,"column":39},"end":{"line":265,"column":1}},"line":231},"10":{"name":"extractIdFromUrl","decl":{"start":{"line":267,"column":9},"end":{"line":267,"column":25}},"loc":{"start":{"line":267,"column":31},"end":{"line":276,"column":1}},"line":267}},"branchMap":{"0":{"loc":{"start":{"line":5,"column":43},"end":{"line":5,"column":85}},"type":"default-arg","locations":[{"start":{"line":5,"column":83},"end":{"line":5,"column":85}}],"line":5},"1":{"loc":{"start":{"line":5,"column":45},"end":{"line":5,"column":62}},"type":"default-arg","locations":[{"start":{"line":5,"column":58},"end":{"line":5,"column":62}}],"line":5},"2":{"loc":{"start":{"line":5,"column":64},"end":{"line":5,"column":78}},"type":"default-arg","locations":[{"start":{"line":5,"column":74},"end":{"line":5,"column":78}}],"line":5},"3":{"loc":{"start":{"line":6,"column":19},"end":{"line":6,"column":28}},"type":"binary-expr","locations":[{"start":{"line":6,"column":19},"end":{"line":6,"column":22}},{"start":{"line":6,"column":26},"end":{"line":6,"column":28}}],"line":6},"4":{"loc":{"start":{"line":7,"column":2},"end":{"line":7,"column":42}},"type":"if","locations":[{"start":{"line":7,"column":2},"end":{"line":7,"column":42}},{"start":{},"end":{}}],"line":7},"5":{"loc":{"start":{"line":9,"column":2},"end":{"line":9,"column":80}},"type":"if","locations":[{"start":{"line":9,"column":2},"end":{"line":9,"column":80}},{"start":{},"end":{}}],"line":9},"6":{"loc":{"start":{"line":10,"column":2},"end":{"line":10,"column":76}},"type":"if","locations":[{"start":{"line":10,"column":2},"end":{"line":10,"column":76}},{"start":{},"end":{}}],"line":10},"7":{"loc":{"start":{"line":11,"column":2},"end":{"line":11,"column":104}},"type":"if","locations":[{"start":{"line":11,"column":2},"end":{"line":11,"column":104}},{"start":{},"end":{}}],"line":11},"8":{"loc":{"start":{"line":12,"column":2},"end":{"line":12,"column":100}},"type":"if","locations":[{"start":{"line":12,"column":2},"end":{"line":12,"column":100}},{"start":{},"end":{}}],"line":12},"9":{"loc":{"start":{"line":13,"column":2},"end":{"line":13,"column":110}},"type":"if","locations":[{"start":{"line":13,"column":2},"end":{"line":13,"column":110}},{"start":{},"end":{}}],"line":13},"10":{"loc":{"start":{"line":14,"column":2},"end":{"line":14,"column":114}},"type":"if","locations":[{"start":{"line":14,"column":2},"end":{"line":14,"column":114}},{"start":{},"end":{}}],"line":14},"11":{"loc":{"start":{"line":15,"column":2},"end":{"line":15,"column":100}},"type":"if","locations":[{"start":{"line":15,"column":2},"end":{"line":15,"column":100}},{"start":{},"end":{}}],"line":15},"12":{"loc":{"start":{"line":16,"column":2},"end":{"line":16,"column":94}},"type":"if","locations":[{"start":{"line":16,"column":2},"end":{"line":16,"column":94}},{"start":{},"end":{}}],"line":16},"13":{"loc":{"start":{"line":17,"column":2},"end":{"line":17,"column":92}},"type":"if","locations":[{"start":{"line":17,"column":2},"end":{"line":17,"column":92}},{"start":{},"end":{}}],"line":17},"14":{"loc":{"start":{"line":18,"column":2},"end":{"line":18,"column":71}},"type":"if","locations":[{"start":{"line":18,"column":2},"end":{"line":18,"column":71}},{"start":{},"end":{}}],"line":18},"15":{"loc":{"start":{"line":23,"column":37},"end":{"line":23,"column":56}},"type":"default-arg","locations":[{"start":{"line":23,"column":54},"end":{"line":23,"column":56}}],"line":23},"16":{"loc":{"start":{"line":25,"column":15},"end":{"line":25,"column":33}},"type":"binary-expr","locations":[{"start":{"line":25,"column":15},"end":{"line":25,"column":27}},{"start":{"line":25,"column":31},"end":{"line":25,"column":33}}],"line":25},"17":{"loc":{"start":{"line":28,"column":16},"end":{"line":28,"column":92}},"type":"binary-expr","locations":[{"start":{"line":28,"column":16},"end":{"line":28,"column":64}},{"start":{"line":28,"column":68},"end":{"line":28,"column":92}}],"line":28},"18":{"loc":{"start":{"line":29,"column":14},"end":{"line":29,"column":68}},"type":"binary-expr","locations":[{"start":{"line":29,"column":14},"end":{"line":29,"column":62}},{"start":{"line":29,"column":66},"end":{"line":29,"column":68}}],"line":29},"19":{"loc":{"start":{"line":30,"column":2},"end":{"line":30,"column":64}},"type":"if","locations":[{"start":{"line":30,"column":2},"end":{"line":30,"column":64}},{"start":{},"end":{}}],"line":30},"20":{"loc":{"start":{"line":30,"column":6},"end":{"line":30,"column":37}},"type":"binary-expr","locations":[{"start":{"line":30,"column":6},"end":{"line":30,"column":11}},{"start":{"line":30,"column":15},"end":{"line":30,"column":37}}],"line":30},"21":{"loc":{"start":{"line":34,"column":4},"end":{"line":36,"column":6}},"type":"binary-expr","locations":[{"start":{"line":34,"column":4},"end":{"line":34,"column":72}},{"start":{"line":35,"column":4},"end":{"line":35,"column":77}},{"start":{"line":36,"column":4},"end":{"line":36,"column":6}}],"line":34},"22":{"loc":{"start":{"line":34,"column":5},"end":{"line":34,"column":68}},"type":"binary-expr","locations":[{"start":{"line":34,"column":5},"end":{"line":34,"column":62}},{"start":{"line":34,"column":66},"end":{"line":34,"column":68}}],"line":34},"23":{"loc":{"start":{"line":35,"column":5},"end":{"line":35,"column":73}},"type":"binary-expr","locations":[{"start":{"line":35,"column":5},"end":{"line":35,"column":67}},{"start":{"line":35,"column":71},"end":{"line":35,"column":73}}],"line":35},"24":{"loc":{"start":{"line":37,"column":16},"end":{"line":37,"column":47}},"type":"cond-expr","locations":[{"start":{"line":37,"column":27},"end":{"line":37,"column":43}},{"start":{"line":37,"column":46},"end":{"line":37,"column":47}}],"line":37},"25":{"loc":{"start":{"line":39,"column":13},"end":{"line":39,"column":56}},"type":"binary-expr","locations":[{"start":{"line":39,"column":13},"end":{"line":39,"column":50}},{"start":{"line":39,"column":54},"end":{"line":39,"column":56}}],"line":39},"26":{"loc":{"start":{"line":39,"column":14},"end":{"line":39,"column":46}},"type":"binary-expr","locations":[{"start":{"line":39,"column":14},"end":{"line":39,"column":40}},{"start":{"line":39,"column":44},"end":{"line":39,"column":46}}],"line":39},"27":{"loc":{"start":{"line":43,"column":8},"end":{"line":43,"column":32}},"type":"binary-expr","locations":[{"start":{"line":43,"column":8},"end":{"line":43,"column":10}},{"start":{"line":43,"column":14},"end":{"line":43,"column":32}}],"line":43},"28":{"loc":{"start":{"line":44,"column":11},"end":{"line":44,"column":39}},"type":"binary-expr","locations":[{"start":{"line":44,"column":11},"end":{"line":44,"column":16}},{"start":{"line":44,"column":20},"end":{"line":44,"column":39}}],"line":44},"29":{"loc":{"start":{"line":56,"column":39},"end":{"line":56,"column":62}},"type":"default-arg","locations":[{"start":{"line":56,"column":60},"end":{"line":56,"column":62}}],"line":56},"30":{"loc":{"start":{"line":56,"column":41},"end":{"line":56,"column":55}},"type":"default-arg","locations":[{"start":{"line":56,"column":51},"end":{"line":56,"column":55}}],"line":56},"31":{"loc":{"start":{"line":59,"column":2},"end":{"line":78,"column":3}},"type":"if","locations":[{"start":{"line":59,"column":2},"end":{"line":78,"column":3}},{"start":{},"end":{}}],"line":59},"32":{"loc":{"start":{"line":63,"column":22},"end":{"line":63,"column":37}},"type":"binary-expr","locations":[{"start":{"line":63,"column":22},"end":{"line":63,"column":31}},{"start":{"line":63,"column":35},"end":{"line":63,"column":37}}],"line":63},"33":{"loc":{"start":{"line":67,"column":10},"end":{"line":67,"column":88}},"type":"binary-expr","locations":[{"start":{"line":67,"column":10},"end":{"line":67,"column":19}},{"start":{"line":67,"column":23},"end":{"line":67,"column":66}},{"start":{"line":67,"column":70},"end":{"line":67,"column":88}}],"line":67},"34":{"loc":{"start":{"line":67,"column":24},"end":{"line":67,"column":62}},"type":"binary-expr","locations":[{"start":{"line":67,"column":24},"end":{"line":67,"column":56}},{"start":{"line":67,"column":60},"end":{"line":67,"column":62}}],"line":67},"35":{"loc":{"start":{"line":68,"column":13},"end":{"line":68,"column":44}},"type":"binary-expr","locations":[{"start":{"line":68,"column":13},"end":{"line":68,"column":25}},{"start":{"line":68,"column":29},"end":{"line":68,"column":44}}],"line":68},"36":{"loc":{"start":{"line":69,"column":13},"end":{"line":69,"col
[...]
mn":17},"end":{"line":103,"column":52}},"66":{"start":{"line":104,"column":6},"end":{"line":106,"column":7}},"67":{"start":{"line":105,"column":8},"end":{"line":105,"column":20}},"68":{"start":{"line":110,"column":17},"end":{"line":110,"column":26}},"69":{"start":{"line":111,"column":2},"end":{"line":116,"column":3}},"70":{"start":{"line":111,"column":15},"end":{"line":111,"column":16}},"71":{"start":{"line":112,"column":14},"end":{"line":112,"column":21}},"72":{"start":{"line":113,"column":16},"end":{"line":113,"column":35}},"73":{"start":{"line":114,"column":4},"end":{"line":114,"column":16}},"74":{"start":{"line":115,"column":4},"end":{"line":115,"column":23}},"75":{"start":{"line":118,"column":12},"end":{"line":118,"column":13}},"76":{"start":{"line":119,"column":23},"end":{"line":119,"column":44}},"77":{"start":{"line":120,"column":20},"end":{"line":120,"column":22}},"78":{"start":{"line":122,"column":2},"end":{"line":139,"column":3}},"79":{"start":{"line":123,"column":4},"end":{"line":123,"column":37}},"80":{"start":{"line":123,"column":28},"end":{"line":123,"column":37}},"81":{"start":{"line":124,"column":4},"end":{"line":124,"column":13}},"82":{"start":{"line":125,"column":15},"end":{"line":125,"column":24}},"83":{"start":{"line":126,"column":4},"end":{"line":126,"column":54}},"84":{"start":{"line":126,"column":31},"end":{"line":126,"column":54}},"85":{"start":{"line":127,"column":4},"end":{"line":138,"column":7}},"86":{"start":{"line":131,"column":35},"end":{"line":137,"column":7}},"87":{"start":{"line":141,"column":2},"end":{"line":141,"column":45}},"88":{"start":{"line":145,"column":12},"end":{"line":145,"column":38}},"89":{"start":{"line":146,"column":2},"end":{"line":146,"column":20}},"90":{"start":{"line":146,"column":10},"end":{"line":146,"column":20}},"91":{"start":{"line":148,"column":17},"end":{"line":148,"column":47}},"92":{"start":{"line":149,"column":2},"end":{"line":149,"column":32}},"93":{"start":{"line":149,"column":22},"end":{"line":149,"column":32}},"94":{"start":{"line":150,"column":2},"end":{"line":150,"column":33}},"95":{"start":{"line":154,"column":14},"end":{"line":154,"column":30}},"96":{"start":{"line":155,"column":14},"end":{"line":155,"column":15}},"97":{"start":{"line":156,"column":2},"end":{"line":158,"column":3}},"98":{"start":{"line":157,"column":4},"end":{"line":157,"column":31}},"99":{"start":{"line":157,"column":20},"end":{"line":157,"column":31}},"100":{"start":{"line":159,"column":2},"end":{"line":159,"column":15}},"101":{"start":{"line":163,"column":12},"end":{"line":163,"column":26}},"102":{"start":{"line":164,"column":12},"end":{"line":164,"column":26}},"103":{"start":{"line":165,"column":2},"end":{"line":165,"column":29}},"104":{"start":{"line":165,"column":16},"end":{"line":165,"column":29}},"105":{"start":{"line":166,"column":16},"end":{"line":166,"column":47}},"106":{"start":{"line":167,"column":2},"end":{"line":167,"column":22}}},"fnMap":{"0":{"name":"normalizeTitle","decl":{"start":{"line":4,"column":16},"end":{"line":4,"column":30}},"loc":{"start":{"line":4,"column":38},"end":{"line":19,"column":1}},"line":4},"1":{"name":"tokenizeTitle","decl":{"start":{"line":21,"column":16},"end":{"line":21,"column":29}},"loc":{"start":{"line":21,"column":37},"end":{"line":35,"column":1}},"line":21},"2":{"name":"(anonymous_2)","decl":{"start":{"line":25,"column":35},"end":{"line":25,"column":36}},"loc":{"start":{"line":25,"column":42},"end":{"line":25,"column":55}},"line":25},"3":{"name":"jaccard","decl":{"start":{"line":37,"column":16},"end":{"line":37,"column":23}},"loc":{"start":{"line":37,"column":42},"end":{"line":45,"column":1}},"line":37},"4":{"name":"extractStyleCode","decl":{"start":{"line":47,"column":16},"end":{"line":47,"column":32}},"loc":{"start":{"line":47,"column":40},"end":{"line":52,"column":1}},"line":47},"5":{"name":"groupSimilarProducts","decl":{"start":{"line":54,"column":16},"end":{"line":54,"column":36}},"loc":{"start":{"line":54,"column":73},"end":{"line":142,"column":1}},"line":54},"6":{"name":"(anonymous_6)","decl":{"start":{"line":57,"column":43},"end":{"line":57,"column":44}},"loc":{"start":{"line":57,"column":53},"end":{"line":57,"column":54}},"line":57},"7":{"name":"(anonymous_7)","decl":{"start":{"line":59,"column":26},"end":{"line":59,"column":27}},"loc":{"start":{"line":59,"column":33},"end":{"line":59,"column":71}},"line":59},"8":{"name":"(anonymous_8)","decl":{"start":{"line":60,"column":25},"end":{"line":60,"column":26}},"loc":{"start":{"line":60,"column":32},"end":{"line":60,"column":114}},"line":60},"9":{"name":"(anonymous_9)","decl":{"start":{"line":61,"column":25},"end":{"line":61,"column":26}},"loc":{"start":{"line":61,"column":32},"end":{"line":61,"column":72}},"line":61},"10":{"name":"(anonymous_10)","decl":{"start":{"line":62,"column":28},"end":{"line":62,"column":29}},"loc":{"start":{"line":62,"column":35},"end":{"line":62,"column":71}},"line":62},"11":{"name":"find","decl":{"start":{"line":64,"column":11},"end":{"line":64,"column":15}},"loc":{"start":{"line":64,"column":19},"end":{"line":70,"column":3}},"line":64},"12":{"name":"union","decl":{"start":{"line":72,"column":11},"end":{"line":72,"column":16}},"loc":{"start":{"line":72,"column":23},"end":{"line":76,"column":3}},"line":72},"13":{"name":"(anonymous_13)","decl":{"start":{"line":131,"column":25},"end":{"line":131,"column":26}},"loc":{"start":{"line":131,"column":35},"end":{"line":137,"column":7}},"line":131},"14":{"name":"extractBrand","decl":{"start":{"line":144,"column":9},"end":{"line":144,"column":21}},"loc":{"start":{"line":144,"column":29},"end":{"line":151,"column":1}},"line":144},"15":{"name":"sharedTokens","decl":{"start":{"line":153,"column":9},"end":{"line":153,"column":21}},"loc":{"start":{"line":153,"column":38},"end":{"line":160,"column":1}},"line":153},"16":{"name":"priceClose","decl":{"start":{"line":162,"column":9},"end":{"line":162,"column":19}},"loc":{"start":{"line":162,"column":26},"end":{"line":168,"column":1}},"line":162}},"branchMap":{"0":{"loc":{"start":{"line":5,"column":19},"end":{"line":5,"column":30}},"type":"binary-expr","locations":[{"start":{"line":5,"column":19},"end":{"line":5,"column":24}},{"start":{"line":5,"column":28},"end":{"line":5,"column":30}}],"line":5},"1":{"loc":{"start":{"line":23,"column":2},"end":{"line":23,"column":20}},"type":"if","locations":[{"start":{"line":23,"column":2},"end":{"line":23,"column":20}},{"start":{},"end":{}}],"line":23},"2":{"loc":{"start":{"line":30,"column":4},"end":{"line":30,"column":30}},"type":"if","locations":[{"start":{"line":30,"column":4},"end":{"line":30,"column":30}},{"start":{},"end":{}}],"line":30},"3":{"loc":{"start":{"line":38,"column":20},"end":{"line":38,"column":33}},"type":"binary-expr","locations":[{"start":{"line":38,"column":20},"end":{"line":38,"column":27}},{"start":{"line":38,"column":31},"end":{"line":38,"column":33}}],"line":38},"4":{"loc":{"start":{"line":39,"column":20},"end":{"line":39,"column":33}},"type":"binary-expr","locations":[{"start":{"line":39,"column":20},"end":{"line":39,"column":27}},{"start":{"line":39,"column":31},"end":{"line":39,"column":33}}],"line":39},"5":{"loc":{"start":{"line":40,"column":2},"end":{"line":40,"column":35}},"type":"if","locations":[{"start":{"line":40,"column":2},"end":{"line":40,"column":35}},{"start":{},"end":{}}],"line":40},"6":{"loc":{"start":{"line":40,"column":6},"end":{"line":40,"column":24}},"type":"binary-expr","locations":[{"start":{"line":40,"column":6},"end":{"line":40,"column":13}},{"start":{"line":40,"column":17},"end":{"line":40,"column":24}}],"line":40},"7":{"loc":{"start":{"line":42,"column":21},"end":{"line":42,"column":46}},"type":"if","locations":[{"start":{"line":42,"column":21},"end":{"line":42,"column":46}},{"start":{},"end":{}}],"line":42},"8":{"loc":{"start":{"line":44,"column":9},"end":{"line":44,"column":30}},"type":"cond-expr","locations":[{"start":{"line":44,"column":15},"end":{"line":44,"column":26}},{"start":{"line":44,"column":29},"end":{"line":44,"column":30}}],"line":44},"9":{"loc":{"start":{"line":49,"column":19},"end":{"line":49,"column":30}},"type":"binary-expr","locations":[{"start":{"line":49,"column":19},"end":{"line":49,"column":24}},{"start":{"line":49,"column":28},"end":{"line":49,"column":30}}],"line":49},"10":{"loc":{"start":{"line":51,"column":9},"end":{"line":51,"column":22}},"type":"cond-expr","locations":[{"start":{"line":51,"column":13},"end":{"line":51,"column":17}},{"start":{"line":51,"column":20},"end":{"line":51,"column":22}}],"line":51},"11":{"loc":{"start":{"line":54,"column":47},"end":{"line":54,"column":71}},"type":"default-arg","locations":[{"start":{"line":54,"column":69},"end":{"line":54,"column":71}}],"line":54},"12":{"loc":{"start":{"line":54,"column":49},"end":{"line":54,"column":64}},"type":"default-arg","locations":[{"start":{"line":54,"column":61},"end":{"line":54,"column":64}}],"line":54},"13":{"loc":{"start":{"line":55,"column":15},"end":{"line":55,"column":54}},"type":"cond-expr","locations":[{"start":{"line":55,"column":41},"end":{"line":55,"column":49}},{"start":{"line":55,"column":52},"end":{"line":55,"column":54}}],"line":55},"14":{"loc":{"start":{"line":59,"column":47},"end":{"line":59,"column":70}},"type":"binary-expr","locations":[{"start":{"line":59,"column":47},"end":{"line":59,"column":54}},{"start":{"line":59,"column":58},"end":{"line":59,"column":64}},{"start":{"line":59,"column":68},"end":{"line":59,"column":70}}],"line":59},"15":{"loc":{"start":{"line":60,"column":32},"end":{"line":60,"column":114}},"type":"binary-expr","locations":[{"start":{"line":60,"column":32},"end":{"line":60,"column":53}},{"start":{"line":60,"column":57},"end":{"line":60,"column":63}},{"start":{"line":60,"column":67},"end":{"line":60,"column":79}},{"start":{"line":60,"column":83},"end":{"line":60,"column":114}}],"line":60},"16":{"loc":{"start":{"line":60,"column":100},"end":{"line":60,"column":113}},"type":"binary-expr","locations":[{"start":{"line":60,"column":100},"end":{"line":60,"column":107}},{"start":{"line":60,"column":111},"end":{"line":60,"column":113}}],"line":60},"17":{"loc":{"start":{"line":61,"column":45},"end":{"line":61,"column":71}},"type":"binary-expr","locations":[{"start":{"line":61,"column":45},"end":{"line":61,"column":53}},{"start":{"line":61,"column":57},"end":{"line":61,"column":65}},{"start":{"line":61,"column":69},"end":{"line":61,"column":71}}],"line":61},"18":{"loc":{"start":{"line":62,"column":42},"end":{"line":62,"column":70}},"type":"binary-expr","locations":[{"start":{"line":62,"column":42},"end":{"line":62,"column":53}},{"start":{"line":62,"column":57},"end":{"line":62,"column":65}},{"start":{"line":62,"column":69},"end":{"line":62,"column":70}}],"line":62},"19":{"loc":{"start":{"line":75,"column":4},"end":{"line":75,"column":35}},"type":"if","locations":[{"start":{"line":75,"column":4},"end":{"line":75,"column":35}},{"start":{},"end":{}}],"line":75},"20":{"loc":{"start":{"line":81,"column":6},"end":{"line":84,"column":7}},"type":"if","locations":[{"start":{"line":81,"column":6},"end":{"line":84,"column":7}},{"start":{},"end":{}}],"line":81},"21":{"loc":{"start":{"line":81,"column":10},"end":{"line":81,"column":43}},"type":"binary-expr","locations":[{"start":{"line":81,"column":10},"end":{"line":81,"column":18}},{"start":{"line":81,"column":22},"end":{"line":81,"column":43}}],"line":81},"22":{"loc":{"start":{"line":87,"column":6},"end":{"line":93,"column":7}},"type":"if","locations":[{"start":{"line":87,"column":6},"end":{"line":93,"column":7}},{"start":{},"end":{}}],"line":87},"23":{"loc":{"start":{"line":87,"column":10},"end":{"line":87,"column":43}},"type":"binary-expr","locations":[{"start":{"line":87,"column":10},"end":{"line":87,"column":18}},{"start":{"line":87,"column":22},"end":{"line":87,"column":43}}],"line":87},"24":{"loc":{"start":{"line":89,"column":8},"end":{"line":92,"column":9}},"type":"if","locations":[{"start":{"line":89,"column":8},"end":{"line":92,"column":9}},{"start":{},"end":{}}],"line":89},"25":{"loc":{"start":{"line":89,"column":12},"end":{"line":89,"column":63}},"type":"binary-expr","locations":[{"start":{"line":89,"column":12},"end":{"line":89,"column":23}},{"start":{"line":89,"column":27},"end":{"line":89,"column":63}}],"line":89},"26":{"loc":{"start":{"line":96,"column":6},"end":{"line":99,"column":7}},"type":"if","locations":[{"start":{"line":96,"column":6},"end":{"line":99,"column":7}},{"start":{},"end":{}}],"line":96},"27":{"loc":{"start":{"line":102,"column":32},"end":{"line":102,"column":51}},"type":"binary-expr","locations":[{"start":{"line":102,"column":32},"end":{"line":102,"column":45}},{"start":{"line":102,"column":49},"end":{"line":102,"column":51}}],"line":102},"28":{"loc":{"start":{"line":103,"column":32},"end":{"line":103,"column":51}},"type":"binary-expr","locations":[{"start":{"line":103,"column":32},"end":{"line":103,"column":45}},{"start":{"line":103,"column":49},"end":{"line":103,"column":51}}],"line":103},"29":{"loc":{"start":{"line":104,"column":6},"end":{"line":106,"column":7}},"type":"if","locations":[{"start":{"line":104,"column":6},"end":{"line":106,"column":7}},{"start":{},"end":{}}],"line":104},"30":{"loc":{"start":{"line":104,"column":10},"end":{"line":104,"column":73}},"type":"binary-expr","locations":[{"start":{"line":104,"column":10},"end":{"line":104,"column":12}},{"start":{"line":104,"column":16},"end":{"line":104,"column":18}},{"start":{"line":104,"column":23},"end":{"line":104,"column":38}},{"start":{"line":104,"column":42},"end":{"line":104,"column":57}},{"start":{"line":104,"column":62},"end":{"line":104,"column":73}}],"line":104},"31":{"loc":{"start":{"line":113,"column":16},"end":{"line":113,"column":35}},"type":"binary-expr","locations":[{"start":{"line":113,"column":16},"end":{"line":113,"column":29}},{"start":{"line":113,"column":33},"end":{"line":113,"column":35}}],"line":113},"32":{"loc":{"start":{"line":123,"column":4},"end":{"line":123,"column":37}},"type":"if","locations":[{"start":{"line":123,"column":4},"end":{"line":123,"column":37}},{"start":{},"end":{}}],"line":123},"33":{"loc":{"start":{"line":130,"column":19},"end":{"line":130,"column":48}},"type":"binary-expr","locations":[{"start":{"line":130,"column":19},"end":{"line":130,"column":42}},{"start":{"line":130,"column":46},"end":{"line":130,"column":48}}],"line":130},"34":{"loc":{"start":{"line":132,"column":18},"end":{"line":132,"column":43}},"type":"binary-expr","locations":[{"start":{"line":132,"column":18},"end":{"line":132,"column":37}},{"start":{"line":132,"column":41},"end":{"line":132,"column":43}}],"line":132},"35":{"loc":{"start":{"line":133,"column":12},"end":{"line":133,"column":31}},"type":"binary-expr","locations":[{"start":{"line":133,"column":12},"end":{"line":133,"column":25}},{"start":{"line":133,"column":29},"end":{"line":133,"column":31}}],"line":133},"36":{"loc":{"start":{"line":134,"column":15},"end":{"line":134,"column":37}},"type":"binary-expr","locations":[{"start":{"line":134,"column":15},"end":{"line":134,"column":31}},{"start":{"line":134,"column":35},"end":{"line":134,"column":37}}],"line":134},"37":{"loc":{"start":{"line":135,"column":13},"end":{"line":135,"column":33}},"type":"binary-expr","locations":[{"start":{"line":135,"column":13},"end":{"line":135,"column":27}},{"start":{"line":135,"column":31},"end":{"line":135,"column":33}}],"line":135},"38":{"loc":{"start":{"line":136,"column":18},"end":{"line":136,"column":62}},"type":"binary-expr","locations":[{"start":{"line":136,"column":18},"end":{"line":136,"column":37}},{"start":{"line":136,"column":41},"end":{"line":136,"column":57}},{"start":{"line":136,"column":61},"end":{"line":136,"column":62}}],"line":136},"39":{"loc":{"start":{"line":145,"column":19},"end":{"line":145,"column":30}},"type":"binary-expr","locations":[{"start":{"line":145,"column":19},"end":{"line":145,"column":24}},{"start":{"line":145,"column":28},"end":{"line":145,"column":30}}],"line":145},"40":{"loc":{"start":{"line":146,"column":2},"end":{"line":146,"column":20}},"type":"if","locations":[{"start":{"line":146,"column":2},"end":{"line":146,"column":20}},{"start":{},"end":{}}],"line":146},"41":{"loc":{"start":{"line":149,"column":2},"end":{"line":149,"column":32}},"type":"if","locations":[{"start":{"line":149,"column":2},"end":{"line":149,"column":32}},{"start":{},"end":{}}],"line":149},"42":{"loc":{"start":{"line":153,"column":22},"end":{"line":153,"column":28}},"type":"default-arg","locations":[{"start":{"line":153,"column":26},"end":{"line":153,"column":28}}],"line":153},"43":{"loc":{"start":{"line":153,"column":30},"end":{"line":153,"column":36}},"type":"default-arg","locations":[{"start":{"line":153,"column":34},"end":{"line":153,"column":36}}],"line":153},"44":{"loc":{"start":{"line":154,"column":22},"end":{"line":154,"column":29}},"type":"binary-expr","locations":[{"start":{"line":154,"column":22},"end":{"line":154,"column":23}},{"start":{"line":154,"column":27},"end":{"line":154,"column":29}}],"line":154},"45":{"loc":{"start":{"line":156,"column":18},"end":{"line":156,"column":25}},"type":"binary-expr","locations":[{"start":{"line":156,"column":18},"end":{"line":156,"column":19}},{"start":{"line":156,"column":23},"end":{"line":156,"column":25}}],"line":156},"46":{"loc":{"start":{"line":157,"column":4},"end":{"line":157,"column":31}},"type":"if","locations":[{"start":{"line":157,"column":4},"end":{"line":157,"column":31}},{"start":{},"end":{}}],"line":157},"47":{"loc":{"start":{"line":163,"column":19},"end":{"line":163,"column":25}},"type":"binary-expr","locations":[{"start":{"line":163,"column":19},"end":{"line":163,"column":20}},{"start":{"line":163,"column":24},"end":{"line":163,"column":25}}],"line":163},"48":{"loc":{"start":{"line":164,"column":19},"end":{"line":164,"column":25}},"type":"binary-expr","locations":[{"start":{"line":164,"column":19},"end":{"line":164,"column":20}},{"start":{"line":164,"column":24},"end":{"line":164,"column":25}}],"line":164},"49":{"loc":{"start":{"line":165,"column":2},"end":{"line":165,"column":29}},"type":"if","locations":[{"start":{"line":165,"column":2},"end":{"line":165,"column":29}},{"start":{},"end":{}}],"line":165},"50":{"loc":{"start":{"line":165,"column":6},"end":{"line":165,"column":14}},"type":"binary-expr","locations":[{"start":{"line":165,"column":6},"end":{"line":165,"column":8}},{"start":{"line":165,"column":12},"end":{"line":165,"column":14}}],"line":165}},"s":{"0":17,"1":17,"2":8,"3":8,"4":0,"5":8,"6":29,"7":8,"8":8,"9":8,"10":26,"11":2,"12":24,"13":24,"14":8,"15":6,"16":6,"17":6,"18":2,"19":4,"20":4,"21":13,"22":4,"23":4,"24":4,"25":9,"26":9,"27":9,"28":3,"29":3,"30":3,"31":5,"32":3,"33":5,"34":3,"35":5,"36":3,"37":5,"38":3,"39":5,"40":9,"41":2,"42":2,"43":9,"44":2,"45":2,"46":2,"47":2,"48":3,"49":3,"50":5,"51":5,"52":4,"53":1,"54":1,"55":3,"56":1,"57":1,"58":1,"59":1,"60":2,"61":2,"62":0,"63":0,"64":2,"65":2,"66":2,"67":0,"68":3,"69":3,"70":3,"71":5,"72":5,"73":5,"74":5,"75":3,"76":3,"77":3,"78":3,"79":3,"80":1,"81":2,"82":2,"83":2,"84":4,"85":2,"86":4,"87":3,"88":5,"89":5,"90":0,"91":5,"92":5,"93":0,"94":5,"95":1,"96":1,"97":1,"98":4,"99":4,"100":1,"101":1,"102":1,"103":1,"104":0,"105":1,"106":1},"f":{"0":17,"1":8,"2":29,"3":6,"4":9,"5":3,"6":5,"7":5,"8":5,"9":5,"10":5,"11":9,"12":2,"13":4,"14":5,"15":1,"16":1},"b":{"0":[17,1],"1":[0,8],"2":[2,24],"3":[6,0],"4":[6,0],"5":[2,4],"6":[6,5],"7":[4,9],"8":[4,0],"9":[9,0],"10":[6,3],"11":[2],"12":[2],"13":[3,0],"14":[5,0,0],"15":[5,5,5,5],"16":[5,0],"17":[5,5,0],"18":[5,0,0],"19":[2,0],"20":[1,3],"21":[4,1],"22":[1,2],"23":[3,3],"24":[1,0],"25":[1,1],"26":[0,2],"27":[2,0],"28":[2,0],"29":[0,2],"30":[2,2,2,2,0],"31":[5,3],"32":[1,2],"33":[2,0],"34":[4,0],"35":[4,0],"36":[4,0],"37":[4,4],"38":[4,0,0],"39":[5,0],"40":[0,5],"41":[0,5],"42":[0],"43":[0],"44":[1,0],"45":[1,0],"46":[4,0],"47":[1,0],"48":[1,0],"49":[0,1],"50":[1,1]},"inputSourceMap":null,"_coverageSchema":"1a1c01bbd47fc00a2c39e90264f33305004495a9","hash":"60c8826709a65cac198a25562aa899b2ec47b126"}
}
