TN:
SF:src/adapters/baseAdapter.js
FN:2,(anonymous_0)
FN:6,(anonymous_1)
FN:10,(anonymous_2)
FNF:3
FNH:0
FNDA:0,(anonymous_0)
FNDA:0,(anonymous_1)
FNDA:0,(anonymous_2)
DA:3,0
DA:7,0
DA:11,0
DA:12,0
DA:14,0
DA:15,0
DA:17,0
DA:18,0
DA:19,0
DA:21,0
DA:22,0
DA:23,0
DA:24,0
DA:25,0
DA:26,0
DA:27,0
DA:31,0
LF:17
LH:0
BRDA:6,0,0,0
BRDA:10,1,0,0
BRDA:11,2,0,0
BRDA:11,2,1,0
BRDA:12,3,0,0
BRDA:12,3,1,0
BRDA:19,4,0,0
BRDA:19,4,1,0
BRDA:19,5,0,0
BRDA:19,5,1,0
BRDA:22,6,0,0
BRDA:22,6,1,0
BRDA:24,7,0,0
BRDA:24,7,1,0
BRDA:27,8,0,0
BRDA:27,8,1,0
BRF:16
BRH:0
end_of_record
TN:
SF:src/adapters/dewuAdapter.js
FN:4,(anonymous_0)
FN:8,(anonymous_1)
FN:16,buildNikeDunkSeed
FNF:3
FNH:0
FNDA:0,(anonymous_0)
FNDA:0,(anonymous_1)
FNDA:0,buildNikeDunkSeed
DA:5,0
DA:9,0
DA:10,0
DA:11,0
DA:12,0
DA:17,0
DA:18,0
LF:7
LH:0
BRDA:8,0,0,0
BRDA:17,1,0,0
BRDA:17,1,1,0
BRF:3
BRH:0
end_of_record
TN:
SF:src/adapters/farfetchAdapter.js
FN:5,(anonymous_0)
FN:9,(anonymous_1)
FN:14,(anonymous_2)
FNF:3
FNH:0
FNDA:0,(anonymous_0)
FNDA:0,(anonymous_1)
FNDA:0,(anonymous_2)
DA:6,0
DA:10,0
DA:11,0
DA:12,0
DA:14,0
LF:5
LH:0
BRDA:9,0,0,0
BRDA:9,1,0,0
BRDA:10,2,0,0
BRDA:10,2,1,0
BRDA:12,3,0,0
BRDA:12,3,1,0
BRDA:20,4,0,0
BRDA:20,4,1,0
BRDA:21,5,0,0
BRDA:21,5,1,0
BRDA:23,6,0,0
BRDA:23,6,1,0
BRDA:24,7,0,0
BRDA:24,7,1,0
BRF:14
BRH:0
end_of_record
TN:
SF:src/adapters/jdAdapter.js
FN:6,(anonymous_0)
FN:10,(anonymous_1)
FN:18,(anonymous_2)
FNF:3
FNH:0
FNDA:0,(anonymous_0)
FNDA:0,(anonymous_1)
FNDA:0,(anonymous_2)
DA:7,0
DA:11,0
DA:12,0
DA:13,0
DA:14,0
DA:15,0
DA:17,0
DA:18,0
DA:19,0
DA:20,0
DA:21,0
DA:22,0
DA:24,0
DA:25,0
DA:26,0
DA:27,0
DA:29,0
DA:30,0
DA:32,0
DA:33,0
DA:35,0
DA:47,0
LF:22
LH:0
BRDA:10,0,0,0
BRDA:10,1,0,0
BRDA:11,2,0,0
BRDA:11,2,1,0
BRDA:19,3,0,0
BRDA:19,3,1,0
BRDA:21,4,0,0
BRDA:21,4,1,0
BRDA:22,5,0,0
BRDA:22,5,1,0
BRDA:27,6,0,0
BRDA:27,6,1,0
BRDA:27,7,0,0
BRDA:27,7,1,0
BRDA:29,8,0,0
BRDA:29,8,1,0
BRDA:29,8,2,0
BRDA:30,9,0,0
BRDA:30,9,1,0
BRDA:32,10,0,0
BRDA:32,10,1,0
BRDA:33,11,0,0
BRDA:33,11,1,0
BRDA:43,12,0,0
BRDA:43,12,1,0
BRF:25
BRH:0
end_of_record
TN:
SF:src/adapters/pddAdapter.js
FN:5,(anonymous_0)
FN:9,(anonymous_1)
FN:41,(anonymous_2)
FNF:3
FNH:0
FNDA:0,(anonymous_0)
FNDA:0,(anonymous_1)
FNDA:0,(anonymous_2)
DA:6,0
DA:10,0
DA:11,0
DA:13,0
DA:17,0
DA:19,0
DA:20,0
DA:21,0
DA:22,0
DA:23,0
DA:24,0
DA:25,0
DA:38,0
DA:41,0
LF:14
LH:0
BRDA:9,0,0,0
BRDA:9,1,0,0
BRDA:17,2,0,0
BRDA:17,2,1,0
BRDA:22,3,0,0
BRDA:22,3,1,0
BRDA:23,4,0,0
BRDA:23,4,1,0
BRDA:24,5,0,0
BRDA:24,5,1,0
BRF:10
BRH:0
end_of_record
TN:
SF:src/adapters/stockxAdapter.js
FN:6,(anonymous_0)
FN:10,(anonymous_1)
FN:27,(anonymous_2)
FN:40,(anonymous_3)
FNF:4
FNH:0
FNDA:0,(anonymous_0)
FNDA:0,(anonymous_1)
FNDA:0,(anonymous_2)
FNDA:0,(anonymous_3)
DA:7,0
DA:11,0
DA:12,0
DA:13,0
DA:14,0
DA:16,0
DA:17,0
DA:20,0
DA:21,0
DA:23,0
DA:26,0
DA:27,0
DA:40,0
LF:13
LH:0
BRDA:10,0,0,0
BRDA:10,1,0,0
BRDA:11,2,0,0
BRDA:11,2,1,0
BRDA:16,3,0,0
BRDA:16,3,1,0
BRDA:17,4,0,0
BRDA:17,4,1,0
BRDA:26,5,0,0
BRDA:26,5,1,0
BRDA:26,5,2,0
BRDA:29,6,0,0
BRDA:29,6,1,0
BRDA:29,6,2,0
BRDA:29,6,3,0
BRDA:30,7,0,0
BRDA:30,7,1,0
BRDA:30,7,2,0
BRDA:30,7,3,0
BRDA:31,8,0,0
BRDA:31,8,1,0
BRDA:31,8,2,0
BRDA:33,9,0,0
BRDA:33,9,1,0
BRDA:34,10,0,0
BRDA:34,10,1,0
BRDA:35,11,0,0
BRDA:35,11,1,0
BRDA:37,12,0,0
BRDA:37,12,1,0
BRDA:37,12,2,0
BRDA:37,12,3,0
BRDA:39,13,0,0
BRDA:39,13,1,0
BRF:34
BRH:0
end_of_record
TN:
SF:src/adapters/taobaoAdapter.js
FN:5,(anonymous_0)
FN:9,(anonymous_1)
FN:46,decodeText
FN:47,(anonymous_3)
FNF:4
FNH:0
FNDA:0,(anonymous_0)
FNDA:0,(anonymous_1)
FNDA:0,decodeText
FNDA:0,(anonymous_3)
DA:6,0
DA:10,0
DA:11,0
DA:12,0
DA:14,0
DA:18,0
DA:20,0
DA:21,0
DA:22,0
DA:23,0
DA:24,0
DA:25,0
DA:26,0
DA:39,0
DA:42,0
DA:47,0
LF:16
LH:0
BRDA:9,0,0,0
BRDA:9,1,0,0
BRDA:10,2,0,0
BRDA:10,2,1,0
BRDA:18,3,0,0
BRDA:18,3,1,0
BRDA:23,4,0,0
BRDA:23,4,1,0
BRDA:24,5,0,0
BRDA:24,5,1,0
BRDA:25,6,0,0
BRDA:25,6,1,0
BRDA:25,7,0,0
BRDA:25,7,1,0
BRF:14
BRH:0
end_of_record
TN:
SF:src/scrapers/booksScraper.js
FN:7,scrapeBooks
FN:15,(anonymous_1)
FNF:2
FNH:0
FNDA:0,scrapeBooks
FNDA:0,(anonymous_1)
DA:4,0
DA:5,0
DA:8,0
DA:9,0
DA:10,0
DA:12,0
DA:13,0
DA:15,0
DA:16,0
DA:17,0
DA:18,0
DA:19,0
DA:21,0
DA:22,0
DA:24,0
DA:25,0
DA:27,0
DA:28,0
DA:31,0
DA:33,0
DA:47,0
LF:21
LH:0
BRDA:7,0,0,0
BRDA:7,1,0,0
BRDA:9,2,0,0
BRDA:9,2,1,0
BRDA:12,3,0,0
BRDA:12,3,1,0
BRDA:16,4,0,0
BRDA:16,4,1,0
BRDA:18,5,0,0
BRDA:18,5,1,0
BRDA:18,5,2,0
BRDA:19,6,0,0
BRDA:19,6,1,0
BRDA:19,7,0,0
BRDA:19,7,1,0
BRDA:21,8,0,0
BRDA:21,8,1,0
BRDA:22,9,0,0
BRDA:22,9,1,0
BRDA:24,10,0,0
BRDA:24,10,1,0
BRDA:25,11,0,0
BRDA:25,11,1,0
BRDA:31,12,0,0
BRDA:31,12,1,0
BRDA:38,13,0,0
BRDA:38,13,1,0
BRF:27
BRH:0
end_of_record
TN:
SF:src/scrapers/dewuScraper.js
FN:5,scrapeDewu
FN:17,(anonymous_1)
FN:28,(anonymous_2)
FN:40,extractItemsFromHtml
FNF:4
FNH:0
FNDA:0,scrapeDewu
FNDA:0,(anonymous_1)
FNDA:0,(anonymous_2)
FNDA:0,extractItemsFromHtml
DA:6,0
DA:12,0
DA:13,0
DA:14,0
DA:15,0
DA:16,0
DA:17,0
DA:28,0
DA:30,0
DA:32,0
DA:36,0
DA:37,0
DA:41,0
DA:42,0
DA:45,0
DA:46,0
DA:47,0
DA:48,0
DA:54,0
DA:57,0
LF:20
LH:0
BRDA:5,0,0,0
BRDA:5,1,0,0
BRDA:5,2,0,0
BRDA:16,3,0,0
BRDA:16,3,1,0
BRDA:19,4,0,0
BRDA:19,4,1,0
BRDA:20,5,0,0
BRDA:20,5,1,0
BRDA:21,6,0,0
BRDA:21,6,1,0
BRDA:22,7,0,0
BRDA:22,7,1,0
BRDA:24,8,0,0
BRDA:24,8,1,0
BRDA:25,9,0,0
BRDA:25,9,1,0
BRDA:36,10,0,0
BRDA:36,10,1,0
BRDA:36,11,0,0
BRDA:36,11,1,0
BRDA:41,12,0,0
BRDA:41,12,1,0
BRDA:47,13,0,0
BRDA:47,13,1,0
BRDA:51,14,0,0
BRDA:51,14,1,0
BRDA:52,15,0,0
BRDA:52,15,1,0
BRF:29
BRH:0
end_of_record
TN:
SF:src/scrapers/farfetchScraper.js
FN:3,scrapeFarfetch
FN:16,(anonymous_1)
FN:27,extractId
FN:32,isAccessDenied
FN:37,parseJinaMarkdown
FN:94,(anonymous_5)
FN:105,(anonymous_6)
FN:115,extractFromHtml
FNF:8
FNH:0
FNDA:0,scrapeFarfetch
FNDA:0,(anonymous_1)
FNDA:0,extractId
FNDA:0,isAccessDenied
FNDA:0,parseJinaMarkdown
FNDA:0,(anonymous_5)
FNDA:0,(anonymous_6)
FNDA:0,extractFromHtml
DA:5,0
DA:7,0
DA:8,0
DA:9,0
DA:10,0
DA:11,0
DA:12,0
DA:16,0
DA:17,0
DA:18,0
DA:19,0
DA:23,0
DA:24,0
DA:28,0
DA:29,0
DA:33,0
DA:34,0
DA:38,0
DA:39,0
DA:40,0
DA:42,0
DA:43,0
DA:44,0
DA:45,0
DA:46,0
DA:47,0
DA:52,0
DA:53,0
DA:54,0
DA:55,0
DA:56,0
DA:58,0
DA:59,0
DA:60,0
DA:61,0
DA:63,0
DA:64,0
DA:65,0
DA:66,0
DA:69,0
DA:70,0
DA:71,0
DA:72,0
DA:73,0
DA:74,0
DA:78,0
DA:79,0
DA:80,0
DA:81,0
DA:82,0
DA:83,0
DA:84,0
DA:86,0
DA:88,0
DA:89,0
DA:90,0
DA:94,0
DA:95,0
DA:96,0
DA:98,0
DA:105,0
DA:112,0
DA:116,0
DA:117,0
DA:118,0
DA:119,0
DA:121,0
DA:122,0
DA:123,0
DA:124,0
DA:125,0
DA:126,0
DA:139,0
LF:73
LH:0
BRDA:3,0,0,0
BRDA:3,1,0,0
BRDA:3,2,0,0
BRDA:3,3,0,0
BRDA:7,4,0,0
BRDA:7,4,1,0
BRDA:10,5,0,0
BRDA:10,5,1,0
BRDA:16,6,0,0
BRDA:16,6,1,0
BRDA:17,7,0,0
BRDA:17,7,1,0
BRDA:18,8,0,0
BRDA:18,8,1,0
BRDA:29,9,0,0
BRDA:29,9,1,0
BRDA:33,10,0,0
BRDA:33,10,1,0
BRDA:34,11,0,0
BRDA:34,11,1,0
BRDA:38,12,0,0
BRDA:38,12,1,0
BRDA:43,13,0,0
BRDA:43,13,1,0
BRDA:44,14,0,0
BRDA:44,14,1,0
BRDA:45,15,0,0
BRDA:45,15,1,0
BRDA:46,16,0,0
BRDA:46,16,1,0
BRDA:47,17,0,0
BRDA:47,17,1,0
BRDA:47,18,0,0
BRDA:47,18,1,0
BRDA:53,19,0,0
BRDA:53,19,1,0
BRDA:55,20,0,0
BRDA:55,20,1,0
BRDA:58,21,0,0
BRDA:58,21,1,0
BRDA:60,22,0,0
BRDA:60,22,1,0
BRDA:64,23,0,0
BRDA:64,23,1,0
BRDA:64,23,2,0
BRDA:65,24,0,0
BRDA:65,24,1,0
BRDA:65,25,0,0
BRDA:65,25,1,0
BRDA:72,26,0,0
BRDA:72,26,1,0
BRDA:74,27,0,0
BRDA:74,27,1,0
BRDA:80,28,0,0
BRDA:80,28,1,0
BRDA:81,29,0,0
BRDA:81,29,1,0
BRDA:82,30,0,0
BRDA:82,30,1,0
BRDA:84,31,0,0
BRDA:84,31,1,0
BRDA:88,32,0,0
BRDA:88,32,1,0
BRDA:90,33,0,0
BRDA:90,33,1,0
BRDA:95,34,0,0
BRDA:95,34,1,0
BRDA:96,35,0,0
BRDA:96,35,1,0
BRDA:105,36,0,0
BRDA:105,36,1,0
BRDA:116,37,0,0
BRDA:116,37,1,0
BRDA:121,38,0,0
BRDA:121,38,1,0
BRDA:124,39,0,0
BRDA:124,39,1,0
BRDA:124,40,0,0
BRDA:124,40,1,0
BRF:79
BRH:0
end_of_record
TN:
SF:src/scrapers/itemScrapers.js
FN:5,scrapeItemByUrl
FN:23,scrapeTaobaoItem
FN:56,scrapeFarfetchItem
FN:133,scrapeDewuItem
FN:160,normalizeHttpToHttps
FN:166,parseFarfetchItemFromJinaMarkdown
FN:183,(anonymous_6)
FN:192,(anonymous_7)
FN:196,scrapeGenericOgItem
FN:231,extractPriceFromHtml
FN:267,extractIdFromUrl
FNF:11
FNH:0
FNDA:0,scrapeItemByUrl
FNDA:0,scrapeTaobaoItem
FNDA:0,scrapeFarfetchItem
FNDA:0,scrapeDewuItem
FNDA:0,normalizeHttpToHttps
FNDA:0,parseFarfetchItemFromJinaMarkdown
FNDA:0,(anonymous_6)
FNDA:0,(anonymous_7)
FNDA:0,scrapeGenericOgItem
FNDA:0,extractPriceFromHtml
FNDA:0,extractIdFromUrl
DA:6,0
DA:7,0
DA:9,0
DA:10,0
DA:11,0
DA:12,0
DA:13,0
DA:14,0
DA:15,0
DA:16,0
DA:17,0
DA:18,0
DA:20,0
DA:24,0
DA:25,0
DA:26,0
DA:28,0
DA:29,0
DA:30,0
DA:34,0
DA:37,0
DA:39,0
DA:41,0
DA:57,0
DA:59,0
DA:61,0
DA:62,0
DA:63,0
DA:64,0
DA:65,0
DA:80,0
DA:81,0
DA:82,0
DA:85,0
DA:86,0
DA:87,0
DA:88,0
DA:89,0
DA:90,0
DA:92,0
DA:93,0
DA:94,0
DA:95,0
DA:96,0
DA:97,0
DA:98,0
DA:99,0
DA:105,0
DA:106,0
DA:107,0
DA:108,0
DA:109,0
DA:110,0
DA:111,0
DA:112,0
DA:113,0
DA:116,0
DA:118,0
DA:134,0
DA:135,0
DA:136,0
DA:138,0
DA:139,0
DA:140,0
DA:142,0
DA:143,0
DA:145,0
DA:161,0
DA:162,0
DA:163,0
DA:167,0
DA:168,0
DA:171,0
DA:174,0
DA:175,0
DA:176,0
DA:177,0
DA:178,0
DA:179,0
DA:183,0
DA:184,0
DA:185,0
DA:187,0
DA:192,0
DA:197,0
DA:198,0
DA:199,0
DA:200,0
DA:203,0
DA:207,0
DA:210,0
DA:211,0
DA:213,0
DA:214,0
DA:216,0
DA:233,0
DA:234,0
DA:235,0
DA:236,0
DA:237,0
DA:238,0
DA:239,0
DA:240,0
DA:241,0
DA:247,0
DA:249,0
DA:250,0
DA:251,0
DA:254,0
DA:255,0
DA:256,0
DA:257,0
DA:258,0
DA:259,0
DA:260,0
DA:261,0
DA:264,0
DA:268,0
DA:269,0
DA:270,0
DA:271,0
DA:272,0
DA:273,0
DA:274,0
DA:275,0
LF:125
LH:0
BRDA:5,0,0,0
BRDA:5,1,0,0
BRDA:5,2,0,0
BRDA:6,3,0,0
BRDA:6,3,1,0
BRDA:7,4,0,0
BRDA:7,4,1,0
BRDA:9,5,0,0
BRDA:9,5,1,0
BRDA:10,6,0,0
BRDA:10,6,1,0
BRDA:11,7,0,0
BRDA:11,7,1,0
BRDA:12,8,0,0
BRDA:12,8,1,0
BRDA:13,9,0,0
BRDA:13,9,1,0
BRDA:14,10,0,0
BRDA:14,10,1,0
BRDA:15,11,0,0
BRDA:15,11,1,0
BRDA:16,12,0,0
BRDA:16,12,1,0
BRDA:17,13,0,0
BRDA:17,13,1,0
BRDA:18,14,0,0
BRDA:18,14,1,0
BRDA:23,15,0,0
BRDA:25,16,0,0
BRDA:25,16,1,0
BRDA:28,17,0,0
BRDA:28,17,1,0
BRDA:29,18,0,0
BRDA:29,18,1,0
BRDA:30,19,0,0
BRDA:30,19,1,0
BRDA:30,20,0,0
BRDA:30,20,1,0
BRDA:34,21,0,0
BRDA:34,21,1,0
BRDA:34,21,2,0
BRDA:34,22,0,0
BRDA:34,22,1,0
BRDA:35,23,0,0
BRDA:35,23,1,0
BRDA:37,24,0,0
BRDA:37,24,1,0
BRDA:39,25,0,0
BRDA:39,25,1,0
BRDA:39,26,0,0
BRDA:39,26,1,0
BRDA:43,27,0,0
BRDA:43,27,1,0
BRDA:44,28,0,0
BRDA:44,28,1,0
BRDA:56,29,0,0
BRDA:56,30,0,0
BRDA:59,31,0,0
BRDA:59,31,1,0
BRDA:63,32,0,0
BRDA:63,32,1,0
BRDA:67,33,0,0
BRDA:67,33,1,0
BRDA:67,33,2,0
BRDA:67,34,0,0
BRDA:67,34,1,0
BRDA:68,35,0,0
BRDA:68,35,1,0
BRDA:69,36,0,0
BRDA:69,36,1,0
BRDA:70,37,0,0
BRDA:70,37,1,0
BRDA:72,38,0,0
BRDA:72,38,1,0
BRDA:81,39,0,0
BRDA:81,39,1,0
BRDA:92,40,0,0
BRDA:92,40,1,0
BRDA:95,41,0,0
BRDA:95,41,1,0
BRDA:96,42,0,0
BRDA:96,42,1,0
BRDA:96,43,0,0
BRDA:96,43,1,0
BRDA:97,44,0,0
BRDA:97,44,1,0
BRDA:98,45,0,0
BRDA:98,45,1,0
BRDA:99,46,0,0
BRDA:99,46,1,0
BRDA:105,47,0,0
BRDA:105,47,1,0
BRDA:105,48,0,0
BRDA:105,48,1,0
BRDA:106,49,0,0
BRDA:106,49,1,0
BRDA:106,50,0,0
BRDA:106,50,1,0
BRDA:107,51,0,0
BRDA:107,51,1,0
BRDA:109,52,0,0
BRDA:109,52,1,0
BRDA:109,53,0,0
BRDA:109,53,1,0
BRDA:110,54,0,0
BRDA:110,54,1,0
BRDA:111,55,0,0
BRDA:111,55,1,0
BRDA:112,56,0,0
BRDA:112,56,1,0
BRDA:113,57,0,0
BRDA:113,57,1,0
BRDA:116,58,0,0
BRDA:116,58,1,0
BRDA:116,59,0,0
BRDA:116,59,1,0
BRDA:120,60,0,0
BRDA:120,60,1,0
BRDA:121,61,0,0
BRDA:121,61,1,0
BRDA:133,62,0,0
BRDA:135,63,0,0
BRDA:135,63,1,0
BRDA:138,64,0,0
BRDA:138,64,1,0
BRDA:139,65,0,0
BRDA:139,65,1,0
BRDA:140,66,0,0
BRDA:140,66,1,0
BRDA:140,67,0,0
BRDA:140,67,1,0
BRDA:142,68,0,0
BRDA:142,68,1,0
BRDA:142,69,0,0
BRDA:142,69,1,0
BRDA:143,70,0,0
BRDA:143,70,1,0
BRDA:148,71,0,0
BRDA:148,71,1,0
BRDA:161,72,0,0
BRDA:161,72,1,0
BRDA:162,73,0,0
BRDA:162,73,1,0
BRDA:167,74,0,0
BRDA:167,74,1,0
BRDA:168,75,0,0
BRDA:168,75,1,0
BRDA:168,76,0,0
BRDA:168,76,1,0
BRDA:171,77,0,0
BRDA:171,77,1,0
BRDA:171,78,0,0
BRDA:171,78,1,0
BRDA:176,79,0,0
BRDA:176,79,1,0
BRDA:176,80,0,0
BRDA:176,80,1,0
BRDA:177,81,0,0
BRDA:177,81,1,0
BRDA:179,82,0,0
BRDA:179,82,1,0
BRDA:179,83,0,0
BRDA:179,83,1,0
BRDA:184,84,0,0
BRDA:184,84,1,0
BRDA:185,85,0,0
BRDA:185,85,1,0
BRDA:192,86,0,0
BRDA:192,86,1,0
BRDA:196,87,0,0
BRDA:199,88,0,0
BRDA:199,88,1,0
BRDA:203,89,0,0
BRDA:203,89,1,0
BRDA:203,89,2,0
BRDA:207,90,0,0
BRDA:207,90,1,0
BRDA:207,90,2,0
BRDA:210,91,0,0
BRDA:210,91,1,0
BRDA:210,92,0,0
BRDA:210,92,1,0
BRDA:211,93,0,0
BRDA:211,93,1,0
BRDA:211,94,0,0
BRDA:211,94,1,0
BRDA:211,94,2,0
BRDA:218,95,0,0
BRDA:218,95,1,0
BRDA:219,96,0,0
BRDA:219,96,1,0
BRDA:235,97,0,0
BRDA:235,97,1,0
BRDA:237,98,0,0
BRDA:237,98,1,0
BRDA:238,99,0,0
BRDA:238,99,1,0
BRDA:239,100,0,0
BRDA:239,100,1,0
BRDA:240,101,0,0
BRDA:240,101,1,0
BRDA:241,102,0,0
BRDA:241,102,1,0
BRDA:241,103,0,0
BRDA:241,103,1,0
BRDA:247,104,0,0
BRDA:247,104,1,0
BRDA:249,105,0,0
BRDA:249,105,1,0
BRDA:249,106,0,0
BRDA:249,106,1,0
BRDA:250,107,0,0
BRDA:250,107,1,0
BRDA:250,108,0,0
BRDA:250,108,1,0
BRDA:251,109,0,0
BRDA:251,109,1,0
BRDA:251,110,0,0
BRDA:251,110,1,0
BRDA:251,111,0,0
BRDA:251,111,1,0
BRDA:255,112,0,0
BRDA:255,112,1,0
BRDA:259,113,0,0
BRDA:259,113,1,0
BRDA:260,114,0,0
BRDA:260,114,1,0
BRDA:260,115,0,0
BRDA:260,115,1,0
BRDA:260,116,0,0
BRDA:260,116,1,0
BRDA:268,117,0,0
BRDA:268,117,1,0
BRDA:270,118,0,0
BRDA:270,118,1,0
BRDA:270,119,0,0
BRDA:270,119,1,0
BRDA:272,120,0,0
BRDA:272,120,1,0
BRDA:272,121,0,0
BRDA:272,121,1,0
BRDA:274,122,0,0
BRDA:274,122,1,0
BRDA:274,123,0,0
BRDA:274,123,1,0
BRF:245
BRH:0
end_of_record
TN:
SF:src/scrapers/jdScraper.js
FN:6,scrapeJd
FN:16,(anonymous_1)
FN:47,(anonymous_2)
FNF:3
FNH:0
FNDA:0,scrapeJd
FNDA:0,(anonymous_1)
FNDA:0,(anonymous_2)
DA:7,0
DA:9,0
DA:10,0
DA:11,0
DA:13,0
DA:14,0
DA:16,0
DA:17,0
DA:18,0
DA:19,0
DA:21,0
DA:23,0
DA:26,0
DA:27,0
DA:28,0
DA:30,0
DA:42,0
DA:45,0
DA:46,0
DA:47,0
DA:48,0
DA:53,0
DA:54,0
DA:55,0
DA:56,0
DA:57,0
DA:58,0
DA:59,0
DA:61,0
DA:62,0
DA:63,0
DA:64,0
DA:65,0
DA:72,0
DA:73,0
LF:35
LH:0
BRDA:6,0,0,0
BRDA:6,1,0,0
BRDA:6,2,0,0
BRDA:7,3,0,0
BRDA:7,3,1,0
BRDA:10,4,0,0
BRDA:10,4,1,0
BRDA:17,5,0,0
BRDA:17,5,1,0
BRDA:18,6,0,0
BRDA:18,6,1,0
BRDA:19,7,0,0
BRDA:19,7,1,0
BRDA:23,8,0,0
BRDA:23,8,1,0
BRDA:23,8,2,0
BRDA:27,9,0,0
BRDA:27,9,1,0
BRDA:27,10,0,0
BRDA:27,10,1,0
BRDA:28,11,0,0
BRDA:28,11,1,0
BRDA:28,12,0,0
BRDA:28,12,1,0
BRDA:53,13,0,0
BRDA:53,13,1,0
BRDA:56,14,0,0
BRDA:56,14,1,0
BRDA:57,15,0,0
BRDA:57,15,1,0
BRDA:58,16,0,0
BRDA:58,16,1,0
BRDA:58,16,2,0
BRDA:59,17,0,0
BRDA:59,17,1,0
BRDA:63,18,0,0
BRDA:63,18,1,0
BRDA:63,19,0,0
BRDA:63,19,1,0
BRDA:63,19,2,0
BRF:40
BRH:0
end_of_record
TN:
SF:src/scrapers/jinaSearchScraper.js
FN:6,scrapeJinaListing
FN:27,buildSearchUrls
FN:80,toJinaUrl
FN:89,parseJinaMarkdownListing
FN:142,normalizeUrl
FN:151,extractFirstHttpImage
FN:157,extractImageAltTitle
FN:163,extractLastMarkdownLink
FN:175,extractPrice
FN:191,extractId
FN:202,hashId
FNF:11
FNH:0
FNDA:0,scrapeJinaListing
FNDA:0,buildSearchUrls
FNDA:0,toJinaUrl
FNDA:0,parseJinaMarkdownListing
FNDA:0,normalizeUrl
FNDA:0,extractFirstHttpImage
FNDA:0,extractImageAltTitle
FNDA:0,extractLastMarkdownLink
FNDA:0,extractPrice
FNDA:0,extractId
FNDA:0,hashId
DA:7,0
DA:8,0
DA:10,0
DA:11,0
DA:12,0
DA:13,0
DA:14,0
DA:15,0
DA:16,0
DA:17,0
DA:18,0
DA:24,0
DA:28,0
DA:29,0
DA:32,0
DA:34,0
DA:40,0
DA:47,0
DA:54,0
DA:59,0
DA:64,0
DA:69,0
DA:76,0
DA:81,0
DA:82,0
DA:83,0
DA:85,0
DA:86,0
DA:90,0
DA:91,0
DA:92,0
DA:94,0
DA:95,0
DA:96,0
DA:99,0
DA:100,0
DA:101,0
DA:102,0
DA:103,0
DA:104,0
DA:107,0
DA:110,0
DA:111,0
DA:112,0
DA:114,0
DA:117,0
DA:118,0
DA:120,0
DA:121,0
DA:122,0
DA:123,0
DA:125,0
DA:139,0
DA:143,0
DA:144,0
DA:145,0
DA:146,0
DA:148,0
DA:153,0
DA:154,0
DA:159,0
DA:160,0
DA:165,0
DA:166,0
DA:168,0
DA:169,0
DA:170,0
DA:172,0
DA:176,0
DA:178,0
DA:179,0
DA:180,0
DA:181,0
DA:182,0
DA:183,0
DA:185,0
DA:188,0
DA:192,0
DA:193,0
DA:194,0
DA:195,0
DA:196,0
DA:197,0
DA:198,0
DA:199,0
DA:204,0
DA:205,0
DA:206,0
DA:207,0
DA:208,0
DA:210,0
LF:91
LH:0
BRDA:6,0,0,0
BRDA:6,1,0,0
BRDA:7,2,0,0
BRDA:7,2,1,0
BRDA:7,3,0,0
BRDA:7,3,1,0
BRDA:7,4,0,0
BRDA:7,4,1,0
BRDA:8,5,0,0
BRDA:8,5,1,0
BRDA:15,6,0,0
BRDA:15,6,1,0
BRDA:18,7,0,0
BRDA:18,7,1,0
BRDA:27,8,0,0
BRDA:27,9,0,0
BRDA:28,10,0,0
BRDA:28,10,1,0
BRDA:29,11,0,0
BRDA:29,11,1,0
BRDA:32,12,0,0
BRDA:32,12,1,0
BRDA:32,12,2,0
BRDA:32,12,3,0
BRDA:32,12,4,0
BRDA:32,12,5,0
BRDA:32,12,6,0
BRDA:32,12,7,0
BRDA:32,13,0,0
BRDA:32,13,1,0
BRDA:81,14,0,0
BRDA:81,14,1,0
BRDA:82,15,0,0
BRDA:82,15,1,0
BRDA:83,16,0,0
BRDA:83,16,1,0
BRDA:89,17,0,0
BRDA:89,18,0,0
BRDA:89,19,0,0
BRDA:89,20,0,0
BRDA:90,21,0,0
BRDA:90,21,1,0
BRDA:95,22,0,0
BRDA:95,22,1,0
BRDA:96,23,0,0
BRDA:96,23,1,0
BRDA:100,24,0,0
BRDA:100,24,1,0
BRDA:102,25,0,0
BRDA:102,25,1,0
BRDA:104,26,0,0
BRDA:104,26,1,0
BRDA:104,27,0,0
BRDA:104,27,1,0
BRDA:110,28,0,0
BRDA:110,28,1,0
BRDA:111,29,0,0
BRDA:111,29,1,0
BRDA:112,30,0,0
BRDA:112,30,1,0
BRDA:114,31,0,0
BRDA:114,31,1,0
BRDA:118,32,0,0
BRDA:118,32,1,0
BRDA:120,33,0,0
BRDA:120,33,1,0
BRDA:122,34,0,0
BRDA:122,34,1,0
BRDA:126,35,0,0
BRDA:126,35,1,0
BRDA:126,35,2,0
BRDA:129,36,0,0
BRDA:129,36,1,0
BRDA:129,37,0,0
BRDA:129,37,1,0
BRDA:129,37,2,0
BRDA:143,38,0,0
BRDA:143,38,1,0
BRDA:144,39,0,0
BRDA:144,39,1,0
BRDA:145,40,0,0
BRDA:145,40,1,0
BRDA:146,41,0,0
BRDA:146,41,1,0
BRDA:154,42,0,0
BRDA:154,42,1,0
BRDA:160,43,0,0
BRDA:160,43,1,0
BRDA:165,44,0,0
BRDA:165,44,1,0
BRDA:176,45,0,0
BRDA:176,45,1,0
BRDA:179,46,0,0
BRDA:179,46,1,0
BRDA:183,47,0,0
BRDA:183,47,1,0
BRDA:185,48,0,0
BRDA:185,48,1,0
BRDA:186,49,0,0
BRDA:186,49,1,0
BRDA:187,50,0,0
BRDA:187,50,1,0
BRDA:187,51,0,0
BRDA:187,51,1,0
BRDA:192,52,0,0
BRDA:192,52,1,0
BRDA:194,53,0,0
BRDA:194,53,1,0
BRDA:194,54,0,0
BRDA:194,54,1,0
BRDA:196,55,0,0
BRDA:196,55,1,0
BRDA:196,56,0,0
BRDA:196,56,1,0
BRDA:198,57,0,0
BRDA:198,57,1,0
BRDA:198,58,0,0
BRDA:198,58,1,0
BRDA:205,59,0,0
BRDA:205,59,1,0
BRF:120
BRH:0
end_of_record
TN:
SF:src/scrapers/luxRetailScrapers.js
FN:5,scrapeMytheresa
FN:15,scrapeMytheresaCategory
FN:23,scrapeShopbop
FN:34,scrapeLuisaviaroma
FN:43,scrapeMatchesfashion
FN:52,scrapeRevolve
FN:61,scrapeFwrd
FN:70,scrape24s
FN:83,scrapeRetailListing
FN:113,pickWaitForSelector
FN:121,buildCategoryUrls
FN:134,isNotFoundLike
FN:139,extractItemsFromHtml
FN:147,(anonymous_13)
FN:193,deriveTitle
FN:213,stripPriceAndSizes
FN:225,(anonymous_16)
FN:229,looksLikeNoiseTitle
FN:237,pickImage
FN:249,extractPrice
FN:265,extractId
FN:277,hashId
FN:281,baseOrigin
FN:290,absolutizeUrl
FN:300,normalizeSpace
FNF:25
FNH:0
FNDA:0,scrapeMytheresa
FNDA:0,scrapeMytheresaCategory
FNDA:0,scrapeShopbop
FNDA:0,scrapeLuisaviaroma
FNDA:0,scrapeMatchesfashion
FNDA:0,scrapeRevolve
FNDA:0,scrapeFwrd
FNDA:0,scrape24s
FNDA:0,scrapeRetailListing
FNDA:0,pickWaitForSelector
FNDA:0,buildCategoryUrls
FNDA:0,isNotFoundLike
FNDA:0,extractItemsFromHtml
FNDA:0,(anonymous_13)
FNDA:0,deriveTitle
FNDA:0,stripPriceAndSizes
FNDA:0,(anonymous_16)
FNDA:0,looksLikeNoiseTitle
FNDA:0,pickImage
FNDA:0,extractPrice
FNDA:0,extractId
FNDA:0,hashId
FNDA:0,baseOrigin
FNDA:0,absolutizeUrl
FNDA:0,normalizeSpace
DA:6,0
DA:8,0
DA:12,0
DA:16,0
DA:17,0
DA:19,0
DA:20,0
DA:24,0
DA:26,0
DA:31,0
DA:35,0
DA:36,0
DA:40,0
DA:44,0
DA:45,0
DA:49,0
DA:53,0
DA:54,0
DA:58,0
DA:62,0
DA:63,0
DA:67,0
DA:71,0
DA:73,0
DA:80,0
DA:84,0
DA:85,0
DA:86,0
DA:87,0
DA:95,0
DA:96,0
DA:97,0
DA:98,0
DA:99,0
DA:102,0
DA:105,0
DA:109,0
DA:110,0
DA:115,0
DA:116,0
DA:117,0
DA:118,0
DA:122,0
DA:123,0
DA:124,0
DA:127,0
DA:128,0
DA:135,0
DA:136,0
DA:140,0
DA:141,0
DA:143,0
DA:144,0
DA:147,0
DA:148,0
DA:149,0
DA:150,0
DA:151,0
DA:154,0
DA:157,0
DA:160,0
DA:161,0
DA:164,0
DA:165,0
DA:166,0
DA:167,0
DA:169,0
DA:171,0
DA:172,0
DA:173,0
DA:174,0
DA:176,0
DA:190,0
DA:195,0
DA:196,0
DA:198,0
DA:199,0
DA:202,0
DA:203,0
DA:206,0
DA:207,0
DA:208,0
DA:210,0
DA:214,0
DA:216,0
DA:217,0
DA:218,0
DA:221,0
DA:222,0
DA:224,0
DA:225,0
DA:226,0
DA:230,0
DA:231,0
DA:232,0
DA:233,0
DA:234,0
DA:238,0
DA:239,0
DA:240,0
DA:241,0
DA:242,0
DA:243,0
DA:244,0
DA:245,0
DA:246,0
DA:250,0
DA:252,0
DA:253,0
DA:254,0
DA:255,0
DA:256,0
DA:257,0
DA:259,0
DA:262,0
DA:266,0
DA:268,0
DA:269,0
DA:270,0
DA:271,0
DA:272,0
DA:273,0
DA:274,0
DA:278,0
DA:282,0
DA:283,0
DA:284,0
DA:286,0
DA:291,0
DA:292,0
DA:293,0
DA:294,0
DA:295,0
DA:296,0
DA:297,0
DA:301,0
LF:136
LH:0
BRDA:5,0,0,0
BRDA:5,1,0,0
BRDA:5,2,0,0
BRDA:5,3,0,0
BRDA:6,4,0,0
BRDA:6,4,1,0
BRDA:15,5,0,0
BRDA:15,6,0,0
BRDA:15,7,0,0
BRDA:15,8,0,0
BRDA:16,9,0,0
BRDA:16,9,1,0
BRDA:17,10,0,0
BRDA:17,10,1,0
BRDA:23,11,0,0
BRDA:23,12,0,0
BRDA:23,13,0,0
BRDA:23,14,0,0
BRDA:24,15,0,0
BRDA:24,15,1,0
BRDA:34,16,0,0
BRDA:34,17,0,0
BRDA:34,18,0,0
BRDA:34,19,0,0
BRDA:35,20,0,0
BRDA:35,20,1,0
BRDA:43,21,0,0
BRDA:43,22,0,0
BRDA:43,23,0,0
BRDA:43,24,0,0
BRDA:44,25,0,0
BRDA:44,25,1,0
BRDA:52,26,0,0
BRDA:52,27,0,0
BRDA:52,28,0,0
BRDA:52,29,0,0
BRDA:53,30,0,0
BRDA:53,30,1,0
BRDA:61,31,0,0
BRDA:61,32,0,0
BRDA:61,33,0,0
BRDA:61,34,0,0
BRDA:62,35,0,0
BRDA:62,35,1,0
BRDA:70,36,0,0
BRDA:70,37,0,0
BRDA:70,38,0,0
BRDA:70,39,0,0
BRDA:71,40,0,0
BRDA:71,40,1,0
BRDA:83,41,0,0
BRDA:91,42,0,0
BRDA:91,42,1,0
BRDA:92,43,0,0
BRDA:92,43,1,0
BRDA:96,44,0,0
BRDA:96,44,1,0
BRDA:98,45,0,0
BRDA:98,45,1,0
BRDA:102,46,0,0
BRDA:102,46,1,0
BRDA:109,47,0,0
BRDA:109,47,1,0
BRDA:110,48,0,0
BRDA:110,48,1,0
BRDA:110,48,2,0
BRDA:115,49,0,0
BRDA:115,49,1,0
BRDA:116,50,0,0
BRDA:116,50,1,0
BRDA:117,51,0,0
BRDA:117,51,1,0
BRDA:122,52,0,0
BRDA:122,52,1,0
BRDA:123,53,0,0
BRDA:123,53,1,0
BRDA:124,54,0,0
BRDA:124,54,1,0
BRDA:127,55,0,0
BRDA:127,55,1,0
BRDA:135,56,0,0
BRDA:135,56,1,0
BRDA:136,57,0,0
BRDA:136,57,1,0
BRDA:136,57,2,0
BRDA:140,58,0,0
BRDA:140,58,1,0
BRDA:148,59,0,0
BRDA:148,59,1,0
BRDA:149,60,0,0
BRDA:149,60,1,0
BRDA:151,61,0,0
BRDA:151,61,1,0
BRDA:154,62,0,0
BRDA:154,62,1,0
BRDA:154,63,0,0
BRDA:154,63,1,0
BRDA:157,64,0,0
BRDA:157,64,1,0
BRDA:157,65,0,0
BRDA:157,65,1,0
BRDA:157,65,2,0
BRDA:157,65,3,0
BRDA:161,66,0,0
BRDA:161,66,1,0
BRDA:167,67,0,0
BRDA:167,67,1,0
BRDA:169,68,0,0
BRDA:169,68,1,0
BRDA:171,69,0,0
BRDA:171,69,1,0
BRDA:173,70,0,0
BRDA:173,70,1,0
BRDA:196,71,0,0
BRDA:196,71,1,0
BRDA:196,72,0,0
BRDA:196,72,1,0
BRDA:198,73,0,0
BRDA:198,73,1,0
BRDA:198,73,2,0
BRDA:199,74,0,0
BRDA:199,74,1,0
BRDA:199,75,0,0
BRDA:199,75,1,0
BRDA:203,76,0,0
BRDA:203,76,1,0
BRDA:203,77,0,0
BRDA:203,77,1,0
BRDA:208,78,0,0
BRDA:208,78,1,0
BRDA:208,79,0,0
BRDA:208,79,1,0
BRDA:210,80,0,0
BRDA:210,80,1,0
BRDA:214,81,0,0
BRDA:214,81,1,0
BRDA:216,82,0,0
BRDA:216,82,1,0
BRDA:225,83,0,0
BRDA:225,83,1,0
BRDA:225,84,0,0
BRDA:225,84,1,0
BRDA:230,85,0,0
BRDA:230,85,1,0
BRDA:231,86,0,0
BRDA:231,86,1,0
BRDA:232,87,0,0
BRDA:232,87,1,0
BRDA:233,88,0,0
BRDA:233,88,1,0
BRDA:239,89,0,0
BRDA:239,89,1,0
BRDA:240,90,0,0
BRDA:240,90,1,0
BRDA:240,90,2,0
BRDA:240,90,3,0
BRDA:241,91,0,0
BRDA:241,91,1,0
BRDA:242,92,0,0
BRDA:242,92,1,0
BRDA:242,93,0,0
BRDA:242,93,1,0
BRDA:243,94,0,0
BRDA:243,94,1,0
BRDA:244,95,0,0
BRDA:244,95,1,0
BRDA:244,96,0,0
BRDA:244,96,1,0
BRDA:245,97,0,0
BRDA:245,97,1,0
BRDA:250,98,0,0
BRDA:250,98,1,0
BRDA:253,99,0,0
BRDA:253,99,1,0
BRDA:257,100,0,0
BRDA:257,100,1,0
BRDA:259,101,0,0
BRDA:259,101,1,0
BRDA:260,102,0,0
BRDA:260,102,1,0
BRDA:261,103,0,0
BRDA:261,103,1,0
BRDA:261,104,0,0
BRDA:261,104,1,0
BRDA:266,105,0,0
BRDA:266,105,1,0
BRDA:269,106,0,0
BRDA:269,106,1,0
BRDA:269,107,0,0
BRDA:269,107,1,0
BRDA:271,108,0,0
BRDA:271,108,1,0
BRDA:271,109,0,0
BRDA:271,109,1,0
BRDA:273,110,0,0
BRDA:273,110,1,0
BRDA:273,111,0,0
BRDA:273,111,1,0
BRDA:278,112,0,0
BRDA:278,112,1,0
BRDA:291,113,0,0
BRDA:291,113,1,0
BRDA:292,114,0,0
BRDA:292,114,1,0
BRDA:293,115,0,0
BRDA:293,115,1,0
BRDA:294,116,0,0
BRDA:294,116,1,0
BRDA:295,117,0,0
BRDA:295,117,1,0
BRDA:296,118,0,0
BRDA:296,118,1,0
BRDA:296,119,0,0
BRDA:296,119,1,0
BRDA:301,120,0,0
BRDA:301,120,1,0
BRF:216
BRH:0
end_of_record
TN:
SF:src/scrapers/taobaoScraper.js
FN:3,scrapeTaobao
FN:34,decodeText
FN:35,(anonymous_2)
FNF:3
FNH:0
FNDA:0,scrapeTaobao
FNDA:0,decodeText
FNDA:0,(anonymous_2)
DA:4,0
DA:5,0
DA:7,0
DA:8,0
DA:10,0
DA:11,0
DA:12,0
DA:13,0
DA:14,0
DA:15,0
DA:16,0
DA:28,0
DA:31,0
DA:35,0
LF:14
LH:0
BRDA:3,0,0,0
BRDA:3,1,0,0
BRDA:3,2,0,0
BRDA:3,3,0,0
BRDA:8,4,0,0
BRDA:8,4,1,0
BRDA:13,5,0,0
BRDA:13,5,1,0
BRDA:14,6,0,0
BRDA:14,6,1,0
BRDA:15,7,0,0
BRDA:15,7,1,0
BRDA:15,8,0,0
BRDA:15,8,1,0
BRF:14
BRH:0
end_of_record
TN:
SF:src/services/chartService.js
FN:9,renderPriceChart
FN:10,(anonymous_1)
FN:11,(anonymous_2)
FN:48,renderTrendChart
FN:87,buildTrendSeries
FN:110,(anonymous_5)
FN:112,(anonymous_6)
FN:138,renderScrapePriceChart
FN:140,(anonymous_8)
FN:143,(anonymous_9)
FN:148,(anonymous_10)
FN:149,(anonymous_11)
FN:152,(anonymous_12)
FN:153,(anonymous_13)
FNF:14
FNH:0
FNDA:0,renderPriceChart
FNDA:0,(anonymous_1)
FNDA:0,(anonymous_2)
FNDA:0,renderTrendChart
FNDA:0,buildTrendSeries
FNDA:0,(anonymous_5)
FNDA:0,(anonymous_6)
FNDA:0,renderScrapePriceChart
FNDA:0,(anonymous_8)
FNDA:0,(anonymous_9)
FNDA:0,(anonymous_10)
FNDA:0,(anonymous_11)
FNDA:0,(anonymous_12)
FNDA:0,(anonymous_13)
DA:5,0
DA:6,0
DA:7,0
DA:10,0
DA:11,0
DA:13,0
DA:37,0
DA:38,0
DA:39,0
DA:41,0
DA:42,0
DA:43,0
DA:45,0
DA:49,0
DA:50,0
DA:52,0
DA:77,0
DA:78,0
DA:79,0
DA:81,0
DA:82,0
DA:83,0
DA:84,0
DA:89,0
DA:90,0
DA:92,0
DA:93,0
DA:94,0
DA:95,0
DA:96,0
DA:97,0
DA:99,0
DA:100,0
DA:101,0
DA:102,0
DA:103,0
DA:106,0
DA:107,0
DA:108,0
DA:110,0
DA:113,0
DA:114,0
DA:115,0
DA:123,0
DA:124,0
DA:135,0
DA:139,0
DA:140,0
DA:142,0
DA:143,0
DA:148,0
DA:149,0
DA:152,0
DA:153,0
DA:155,0
DA:185,0
DA:186,0
DA:187,0
DA:189,0
DA:190,0
DA:191,0
DA:192,0
LF:62
LH:0
BRDA:48,0,0,0
BRDA:48,1,0,0
BRDA:49,2,0,0
BRDA:49,2,1,0
BRDA:93,3,0,0
BRDA:93,3,1,0
BRDA:94,4,0,0
BRDA:94,4,1,0
BRDA:95,5,0,0
BRDA:95,5,1,0
BRDA:95,6,0,0
BRDA:95,6,1,0
BRDA:96,7,0,0
BRDA:96,7,1,0
BRDA:97,8,0,0
BRDA:97,8,1,0
BRDA:97,9,0,0
BRDA:97,9,1,0
BRDA:97,9,2,0
BRDA:100,10,0,0
BRDA:100,10,1,0
BRDA:102,11,0,0
BRDA:102,11,1,0
BRDA:102,12,0,0
BRDA:102,12,1,0
BRDA:114,13,0,0
BRDA:114,13,1,0
BRDA:115,14,0,0
BRDA:115,14,1,0
BRDA:123,15,0,0
BRDA:123,15,1,0
BRDA:138,16,0,0
BRDA:138,17,0,0
BRDA:139,18,0,0
BRDA:139,18,1,0
BRDA:140,19,0,0
BRDA:140,19,1,0
BRDA:140,20,0,0
BRDA:140,20,1,0
BRDA:144,21,0,0
BRDA:144,21,1,0
BRDA:144,21,2,0
BRDA:145,22,0,0
BRDA:145,22,1,0
BRDA:146,23,0,0
BRDA:146,23,1,0
BRDA:146,23,2,0
BRDA:148,24,0,0
BRDA:148,24,1,0
BRDA:148,24,2,0
BRDA:148,24,3,0
BRDA:171,25,0,0
BRDA:171,25,1,0
BRF:53
BRH:0
end_of_record
TN:
SF:src/services/farfetchCrawlService.js
FN:5,isAccessDenied
FN:10,normalizeListingUrl
FN:17,withPage
FN:23,extractItemsFromHtml
FN:43,startFarfetchListingCrawl
FN:64,(anonymous_5)
FN:103,(anonymous_6)
FN:124,sleep
FN:125,(anonymous_8)
FNF:9
FNH:0
FNDA:0,isAccessDenied
FNDA:0,normalizeListingUrl
FNDA:0,withPage
FNDA:0,extractItemsFromHtml
FNDA:0,startFarfetchListingCrawl
FNDA:0,(anonymous_5)
FNDA:0,(anonymous_6)
FNDA:0,sleep
FNDA:0,(anonymous_8)
DA:6,0
DA:7,0
DA:11,0
DA:13,0
DA:14,0
DA:18,0
DA:19,0
DA:20,0
DA:24,0
DA:25,0
DA:26,0
DA:29,0
DA:31,0
DA:32,0
DA:33,0
DA:34,0
DA:35,0
DA:36,0
DA:37,0
DA:40,0
DA:44,0
DA:45,0
DA:47,0
DA:48,0
DA:49,0
DA:51,0
DA:52,0
DA:53,0
DA:54,0
DA:55,0
DA:64,0
DA:66,0
DA:68,0
DA:69,0
DA:74,0
DA:77,0
DA:78,0
DA:80,0
DA:81,0
DA:82,0
DA:88,0
DA:91,0
DA:92,0
DA:94,0
DA:100,0
DA:103,0
DA:104,0
DA:106,0
DA:112,0
DA:115,0
DA:121,0
DA:125,0
LF:52
LH:0
BRDA:6,0,0,0
BRDA:6,0,1,0
BRDA:7,1,0,0
BRDA:7,1,1,0
BRDA:13,2,0,0
BRDA:13,2,1,0
BRDA:24,3,0,0
BRDA:24,3,1,0
BRDA:31,4,0,0
BRDA:31,4,1,0
BRDA:34,5,0,0
BRDA:34,5,1,0
BRDA:34,6,0,0
BRDA:34,6,1,0
BRDA:43,7,0,0
BRDA:43,8,0,0
BRDA:43,9,0,0
BRDA:43,10,0,0
BRDA:51,11,0,0
BRDA:51,11,1,0
BRDA:51,12,0,0
BRDA:51,12,1,0
BRDA:64,13,0,0
BRDA:64,13,1,0
BRDA:66,14,0,0
BRDA:66,14,1,0
BRDA:68,15,0,0
BRDA:68,15,1,0
BRDA:80,16,0,0
BRDA:80,16,1,0
BRDA:92,17,0,0
BRDA:92,17,1,0
BRDA:112,18,0,0
BRDA:112,18,1,0
BRF:34
BRH:0
end_of_record
TN:
SF:src/services/historyService.js
FN:19,saveRun
FN:28,listRuns
FN:37,getRunById
FN:46,getTrends
FN:55,updateRunImagePath
FN:64,getStorageInfo
FNF:6
FNH:0
FNDA:0,saveRun
FNDA:0,listRuns
FNDA:0,getRunById
FNDA:0,getTrends
FNDA:0,updateRunImagePath
FNDA:0,getStorageInfo
DA:17,0
DA:20,0
DA:21,0
DA:22,0
DA:24,0
DA:29,0
DA:30,0
DA:31,0
DA:33,0
DA:38,0
DA:39,0
DA:40,0
DA:42,0
DA:47,0
DA:48,0
DA:49,0
DA:51,0
DA:56,0
DA:57,0
DA:58,0
DA:65,0
LF:21
LH:0
BRDA:17,0,0,0
BRDA:17,0,1,0
BRDA:20,1,0,0
BRDA:20,1,1,0
BRDA:28,2,0,0
BRDA:29,3,0,0
BRDA:29,3,1,0
BRDA:38,4,0,0
BRDA:38,4,1,0
BRDA:46,5,0,0
BRDA:47,6,0,0
BRDA:47,6,1,0
BRDA:56,7,0,0
BRDA:56,7,1,0
BRF:14
BRH:0
end_of_record
TN:
SF:src/services/historySqliteStore.js
FN:9,saveRunSqlite
FN:85,listRunsSqlite
FN:93,(anonymous_2)
FN:107,getRunByIdSqlite
FN:128,(anonymous_4)
FN:135,getTrendsSqlite
FN:167,(anonymous_6)
FN:168,(anonymous_7)
FN:174,(anonymous_8)
FN:185,updateRunImagePathSqlite
FN:190,getSqlitePath
FN:194,getDb
FN:201,initDb
FN:263,parseJson
FN:271,aggregate
FN:291,(anonymous_15)
FN:297,(anonymous_16)
FNF:17
FNH:0
FNDA:0,saveRunSqlite
FNDA:0,listRunsSqlite
FNDA:0,(anonymous_2)
FNDA:0,getRunByIdSqlite
FNDA:0,(anonymous_4)
FNDA:0,getTrendsSqlite
FNDA:0,(anonymous_6)
FNDA:0,(anonymous_7)
FNDA:0,(anonymous_8)
FNDA:0,updateRunImagePathSqlite
FNDA:0,getSqlitePath
FNDA:0,getDb
FNDA:0,initDb
FNDA:0,parseJson
FNDA:0,aggregate
FNDA:0,(anonymous_15)
FNDA:0,(anonymous_16)
DA:4,0
DA:5,0
DA:10,0
DA:11,0
DA:13,0
DA:14,0
DA:15,0
DA:33,0
DA:35,0
DA:36,0
DA:37,0
DA:60,0
DA:61,0
DA:70,0
DA:72,0
DA:80,0
DA:81,0
DA:86,0
DA:87,0
DA:93,0
DA:108,0
DA:109,0
DA:110,0
DA:112,0
DA:118,0
DA:128,0
DA:136,0
DA:137,0
DA:138,0
DA:140,0
DA:141,0
DA:143,0
DA:144,0
DA:145,0
DA:147,0
DA:148,0
DA:149,0
DA:151,0
DA:152,0
DA:153,0
DA:156,0
DA:158,0
DA:167,0
DA:168,0
DA:170,0
DA:174,0
DA:186,0
DA:187,0
DA:191,0
DA:195,0
DA:196,0
DA:198,0
DA:202,0
DA:206,0
DA:207,0
DA:208,0
DA:210,0
DA:213,0
DA:218,0
DA:260,0
DA:264,0
DA:265,0
DA:267,0
DA:272,0
DA:273,0
DA:274,0
DA:275,0
DA:283,0
DA:284,0
DA:285,0
DA:286,0
DA:287,0
DA:290,0
DA:291,0
DA:297,0
LF:75
LH:0
BRDA:22,0,0,0
BRDA:22,0,1,0
BRDA:23,1,0,0
BRDA:23,1,1,0
BRDA:24,2,0,0
BRDA:24,2,1,0
BRDA:25,3,0,0
BRDA:25,3,1,0
BRDA:26,4,0,0
BRDA:26,4,1,0
BRDA:27,5,0,0
BRDA:27,5,1,0
BRDA:28,6,0,0
BRDA:28,6,1,0
BRDA:29,7,0,0
BRDA:29,7,1,0
BRDA:35,8,0,0
BRDA:35,8,1,0
BRDA:45,9,0,0
BRDA:45,9,1,0
BRDA:46,10,0,0
BRDA:46,10,1,0
BRDA:47,11,0,0
BRDA:47,11,1,0
BRDA:48,12,0,0
BRDA:48,12,1,0
BRDA:49,13,0,0
BRDA:49,13,1,0
BRDA:50,14,0,0
BRDA:50,14,1,0
BRDA:51,15,0,0
BRDA:51,15,1,0
BRDA:52,16,0,0
BRDA:52,16,1,0
BRDA:53,17,0,0
BRDA:53,17,1,0
BRDA:54,18,0,0
BRDA:54,18,1,0
BRDA:55,19,0,0
BRDA:55,19,1,0
BRDA:60,20,0,0
BRDA:60,20,1,0
BRDA:65,21,0,0
BRDA:65,21,1,0
BRDA:76,22,0,0
BRDA:76,22,1,0
BRDA:77,23,0,0
BRDA:77,23,1,0
BRDA:85,24,0,0
BRDA:90,25,0,0
BRDA:90,25,1,0
BRDA:110,26,0,0
BRDA:110,26,1,0
BRDA:135,27,0,0
BRDA:137,28,0,0
BRDA:137,28,1,0
BRDA:138,29,0,0
BRDA:138,29,1,0
BRDA:143,30,0,0
BRDA:143,30,1,0
BRDA:147,31,0,0
BRDA:147,31,1,0
BRDA:151,32,0,0
BRDA:151,32,1,0
BRDA:167,33,0,0
BRDA:167,33,1,0
BRDA:168,34,0,0
BRDA:168,34,1,0
BRDA:187,35,0,0
BRDA:187,35,1,0
BRDA:195,36,0,0
BRDA:195,36,1,0
BRDA:275,37,0,0
BRDA:275,37,1,0
BRF:74
BRH:0
end_of_record
TN:
SF:src/services/historyStore.js
FN:8,saveRun
FN:21,listRuns
FN:23,(anonymous_2)
FN:32,getRunById
FN:34,(anonymous_4)
FN:37,getTrendsFromJsonl
FN:66,(anonymous_6)
FN:71,(anonymous_7)
FN:72,(anonymous_8)
FN:77,getJsonlPath
FN:81,readAll
FN:87,(anonymous_11)
FN:101,aggregate
FN:121,(anonymous_13)
FN:127,(anonymous_14)
FNF:15
FNH:0
FNDA:0,saveRun
FNDA:0,listRuns
FNDA:0,(anonymous_2)
FNDA:0,getRunById
FNDA:0,(anonymous_4)
FNDA:0,getTrendsFromJsonl
FNDA:0,(anonymous_6)
FNDA:0,(anonymous_7)
FNDA:0,(anonymous_8)
FNDA:0,getJsonlPath
FNDA:0,readAll
FNDA:0,(anonymous_11)
FNDA:0,aggregate
FNDA:0,(anonymous_13)
FNDA:0,(anonymous_14)
DA:5,0
DA:6,0
DA:9,0
DA:11,0
DA:17,0
DA:18,0
DA:22,0
DA:23,0
DA:33,0
DA:34,0
DA:38,0
DA:39,0
DA:40,0
DA:42,0
DA:43,0
DA:44,0
DA:45,0
DA:47,0
DA:48,0
DA:49,0
DA:50,0
DA:51,0
DA:52,0
DA:55,0
DA:66,0
DA:67,0
DA:69,0
DA:71,0
DA:72,0
DA:78,0
DA:82,0
DA:83,0
DA:84,0
DA:88,0
DA:89,0
DA:91,0
DA:96,0
DA:97,0
DA:102,0
DA:103,0
DA:104,0
DA:105,0
DA:113,0
DA:114,0
DA:115,0
DA:116,0
DA:117,0
DA:120,0
DA:121,0
DA:127,0
LF:50
LH:0
BRDA:21,0,0,0
BRDA:34,1,0,0
BRDA:34,1,1,0
BRDA:37,2,0,0
BRDA:39,3,0,0
BRDA:39,3,1,0
BRDA:44,4,0,0
BRDA:44,4,1,0
BRDA:45,5,0,0
BRDA:45,5,1,0
BRDA:45,6,0,0
BRDA:45,6,1,0
BRDA:47,7,0,0
BRDA:47,7,1,0
BRDA:49,8,0,0
BRDA:49,8,1,0
BRDA:49,9,0,0
BRDA:49,9,1,0
BRDA:50,10,0,0
BRDA:50,10,1,0
BRDA:50,11,0,0
BRDA:50,11,1,0
BRDA:51,12,0,0
BRDA:51,12,1,0
BRDA:51,13,0,0
BRDA:51,13,1,0
BRDA:51,14,0,0
BRDA:51,14,1,0
BRDA:58,15,0,0
BRDA:58,15,1,0
BRDA:61,16,0,0
BRDA:61,16,1,0
BRDA:67,17,0,0
BRDA:67,17,1,0
BRDA:71,18,0,0
BRDA:71,18,1,0
BRDA:72,19,0,0
BRDA:72,19,1,0
BRDA:96,20,0,0
BRDA:96,20,1,0
BRDA:105,21,0,0
BRDA:105,21,1,0
BRF:42
BRH:0
end_of_record
TN:
SF:src/services/priceService.js
FN:23,buildPriceComparison
FN:32,(anonymous_1)
FN:95,(anonymous_2)
FN:102,groupByVariant
FN:117,(anonymous_4)
FN:127,(anonymous_5)
FN:130,pickBestByPlatform
FN:138,(anonymous_7)
FN:141,calcMatchScore
FN:155,normalizeError
FN:161,toBool
FNF:11
FNH:0
FNDA:0,buildPriceComparison
FNDA:0,(anonymous_1)
FNDA:0,(anonymous_2)
FNDA:0,groupByVariant
FNDA:0,(anonymous_4)
FNDA:0,(anonymous_5)
FNDA:0,pickBestByPlatform
FNDA:0,(anonymous_7)
FNDA:0,calcMatchScore
FNDA:0,normalizeError
FNDA:0,toBool
DA:15,0
DA:24,0
DA:25,0
DA:26,0
DA:27,0
DA:28,0
DA:29,0
DA:31,0
DA:32,0
DA:35,0
DA:36,0
DA:38,0
DA:39,0
DA:40,0
DA:41,0
DA:42,0
DA:43,0
DA:46,0
DA:47,0
DA:48,0
DA:50,0
DA:51,0
DA:54,0
DA:56,0
DA:57,0
DA:59,0
DA:72,0
DA:73,0
DA:77,0
DA:78,0
DA:79,0
DA:82,0
DA:83,0
DA:85,0
DA:95,0
DA:103,0
DA:105,0
DA:106,0
DA:107,0
DA:112,0
DA:115,0
DA:116,0
DA:117,0
DA:118,0
DA:119,0
DA:127,0
DA:131,0
DA:132,0
DA:133,0
DA:134,0
DA:135,0
DA:138,0
DA:142,0
DA:143,0
DA:145,0
DA:146,0
DA:147,0
DA:148,0
DA:149,0
DA:150,0
DA:152,0
DA:156,0
DA:157,0
DA:158,0
DA:162,0
DA:163,0
DA:164,0
DA:165,0
DA:166,0
DA:167,0
LF:70
LH:0
BRDA:23,0,0,0
BRDA:24,1,0,0
BRDA:24,1,1,0
BRDA:25,2,0,0
BRDA:25,2,1,0
BRDA:29,3,0,0
BRDA:29,3,1,0
BRDA:41,4,0,0
BRDA:41,4,1,0
BRDA:46,5,0,0
BRDA:46,5,1,0
BRDA:48,6,0,0
BRDA:48,6,1,0
BRDA:48,7,0,0
BRDA:48,7,1,0
BRDA:48,7,2,0
BRDA:48,7,3,0
BRDA:50,8,0,0
BRDA:50,8,1,0
BRDA:50,9,0,0
BRDA:50,9,1,0
BRDA:51,10,0,0
BRDA:51,10,1,0
BRDA:54,11,0,0
BRDA:54,11,1,0
BRDA:56,12,0,0
BRDA:56,12,1,0
BRDA:63,13,0,0
BRDA:63,13,1,0
BRDA:72,14,0,0
BRDA:72,14,1,0
BRDA:79,15,0,0
BRDA:79,15,1,0
BRDA:95,16,0,0
BRDA:95,16,1,0
BRDA:106,17,0,0
BRDA:106,17,1,0
BRDA:134,18,0,0
BRDA:134,18,1,0
BRDA:134,19,0,0
BRDA:134,19,1,0
BRDA:142,20,0,0
BRDA:142,20,1,0
BRDA:143,21,0,0
BRDA:143,21,1,0
BRDA:146,22,0,0
BRDA:146,22,1,0
BRDA:146,23,0,0
BRDA:146,23,1,0
BRDA:147,24,0,0
BRDA:147,24,1,0
BRDA:148,25,0,0
BRDA:148,25,1,0
BRDA:149,26,0,0
BRDA:149,26,1,0
BRDA:150,27,0,0
BRDA:150,27,1,0
BRDA:156,28,0,0
BRDA:156,28,1,0
BRDA:157,29,0,0
BRDA:157,29,1,0
BRDA:162,30,0,0
BRDA:162,30,1,0
BRDA:162,31,0,0
BRDA:162,31,1,0
BRDA:162,31,2,0
BRDA:163,32,0,0
BRDA:163,32,1,0
BRDA:165,33,0,0
BRDA:165,33,1,0
BRDA:165,34,0,0
BRDA:165,34,1,0
BRDA:165,34,2,0
BRDA:166,35,0,0
BRDA:166,35,1,0
BRDA:166,36,0,0
BRDA:166,36,1,0
BRDA:166,36,2,0
BRF:78
BRH:0
end_of_record
TN:
SF:src/services/productStore.js
FN:10,initProductDb
FN:14,createScrapeRun
FN:31,saveScrapedProducts
FN:95,listProducts
FN:112,(anonymous_4)
FN:118,listRelatedProducts
FN:127,(anonymous_6)
FN:146,(anonymous_7)
FN:149,listScrapeRuns
FN:155,(anonymous_9)
FN:167,createCrawlJob
FN:186,updateCrawlJobProgress
FN:200,getCrawlJob
FN:220,saveDiscoveredItems
FN:246,listDiscoveredItems
FN:263,(anonymous_15)
FN:267,saveItemSnapshot
FN:294,listItemSnapshots
FN:313,(anonymous_18)
FN:319,getDb
FN:324,initDb
FN:472,safeJson
FN:480,baseOrigin
FN:491,getOrCreateSiteId
FN:503,upsertProduct
FNF:25
FNH:0
FNDA:0,initProductDb
FNDA:0,createScrapeRun
FNDA:0,saveScrapedProducts
FNDA:0,listProducts
FNDA:0,(anonymous_4)
FNDA:0,listRelatedProducts
FNDA:0,(anonymous_6)
FNDA:0,(anonymous_7)
FNDA:0,listScrapeRuns
FNDA:0,(anonymous_9)
FNDA:0,createCrawlJob
FNDA:0,updateCrawlJobProgress
FNDA:0,getCrawlJob
FNDA:0,saveDiscoveredItems
FNDA:0,listDiscoveredItems
FNDA:0,(anonymous_15)
FNDA:0,saveItemSnapshot
FNDA:0,listItemSnapshots
FNDA:0,(anonymous_18)
FNDA:0,getDb
FNDA:0,initDb
FNDA:0,safeJson
FNDA:0,baseOrigin
FNDA:0,getOrCreateSiteId
FNDA:0,upsertProduct
DA:5,0
DA:6,0
DA:11,0
DA:15,0
DA:16,0
DA:17,0
DA:28,0
DA:32,0
DA:33,0
DA:35,0
DA:36,0
DA:37,0
DA:38,0
DA:56,0
DA:57,0
DA:74,0
DA:75,0
DA:88,0
DA:90,0
DA:91,0
DA:96,0
DA:97,0
DA:98,0
DA:99,0
DA:100,0
DA:101,0
DA:103,0
DA:104,0
DA:105,0
DA:107,0
DA:108,0
DA:112,0
DA:119,0
DA:120,0
DA:121,0
DA:123,0
DA:124,0
DA:127,0
DA:128,0
DA:129,0
DA:131,0
DA:132,0
DA:133,0
DA:136,0
DA:137,0
DA:146,0
DA:150,0
DA:151,0
DA:155,0
DA:168,0
DA:169,0
DA:170,0
DA:183,0
DA:187,0
DA:188,0
DA:189,0
DA:190,0
DA:191,0
DA:192,0
DA:193,0
DA:194,0
DA:196,0
DA:197,0
DA:201,0
DA:202,0
DA:206,0
DA:207,0
DA:221,0
DA:222,0
DA:224,0
DA:225,0
DA:226,0
DA:227,0
DA:239,0
DA:241,0
DA:242,0
DA:247,0
DA:248,0
DA:249,0
DA:250,0
DA:251,0
DA:252,0
DA:254,0
DA:255,0
DA:256,0
DA:258,0
DA:259,0
DA:263,0
DA:268,0
DA:269,0
DA:271,0
DA:272,0
DA:273,0
DA:274,0
DA:276,0
DA:277,0
DA:278,0
DA:279,0
DA:280,0
DA:281,0
DA:282,0
DA:284,0
DA:291,0
DA:295,0
DA:296,0
DA:297,0
DA:298,0
DA:299,0
DA:301,0
DA:302,0
DA:304,0
DA:313,0
DA:320,0
DA:321,0
DA:325,0
DA:329,0
DA:330,0
DA:331,0
DA:333,0
DA:338,0
DA:341,0
DA:342,0
DA:345,0
DA:347,0
DA:467,0
DA:469,0
DA:473,0
DA:474,0
DA:476,0
DA:481,0
DA:482,0
DA:483,0
DA:484,0
DA:485,0
DA:487,0
DA:492,0
DA:493,0
DA:494,0
DA:495,0
DA:499,0
DA:500,0
DA:504,0
DA:505,0
DA:540,0
DA:541,0
LF:145
LH:0
BRDA:21,0,0,0
BRDA:21,0,1,0
BRDA:22,1,0,0
BRDA:22,1,1,0
BRDA:23,2,0,0
BRDA:23,2,1,0
BRDA:24,3,0,0
BRDA:24,3,1,0
BRDA:25,4,0,0
BRDA:25,4,1,0
BRDA:31,5,0,0
BRDA:43,6,0,0
BRDA:43,6,1,0
BRDA:44,7,0,0
BRDA:44,7,1,0
BRDA:45,8,0,0
BRDA:45,8,1,0
BRDA:46,9,0,0
BRDA:46,9,1,0
BRDA:47,10,0,0
BRDA:47,10,1,0
BRDA:48,11,0,0
BRDA:48,11,1,0
BRDA:49,12,0,0
BRDA:49,12,1,0
BRDA:50,13,0,0
BRDA:50,13,1,0
BRDA:51,14,0,0
BRDA:51,14,1,0
BRDA:52,15,0,0
BRDA:52,15,1,0
BRDA:59,16,0,0
BRDA:59,16,1,0
BRDA:60,17,0,0
BRDA:60,17,1,0
BRDA:61,18,0,0
BRDA:61,18,1,0
BRDA:62,19,0,0
BRDA:62,19,1,0
BRDA:63,20,0,0
BRDA:63,20,1,0
BRDA:64,21,0,0
BRDA:64,21,1,0
BRDA:65,22,0,0
BRDA:65,22,1,0
BRDA:65,22,2,0
BRDA:66,23,0,0
BRDA:66,23,1,0
BRDA:67,24,0,0
BRDA:67,24,1,0
BRDA:68,25,0,0
BRDA:68,25,1,0
BRDA:69,26,0,0
BRDA:69,26,1,0
BRDA:70,27,0,0
BRDA:70,27,1,0
BRDA:74,28,0,0
BRDA:74,28,1,0
BRDA:80,29,0,0
BRDA:80,29,1,0
BRDA:81,30,0,0
BRDA:81,30,1,0
BRDA:82,31,0,0
BRDA:82,31,1,0
BRDA:83,32,0,0
BRDA:83,32,1,0
BRDA:95,33,0,0
BRDA:95,34,0,0
BRDA:99,35,0,0
BRDA:99,35,1,0
BRDA:103,36,0,0
BRDA:103,36,1,0
BRDA:107,37,0,0
BRDA:107,37,1,0
BRDA:110,38,0,0
BRDA:110,38,1,0
BRDA:118,39,0,0
BRDA:118,40,0,0
BRDA:118,41,0,0
BRDA:118,42,0,0
BRDA:120,43,0,0
BRDA:120,43,1,0
BRDA:121,44,0,0
BRDA:121,44,1,0
BRDA:131,45,0,0
BRDA:131,45,1,0
BRDA:131,46,0,0
BRDA:131,46,1,0
BRDA:136,47,0,0
BRDA:136,47,1,0
BRDA:143,48,0,0
BRDA:143,48,1,0
BRDA:149,49,0,0
BRDA:153,50,0,0
BRDA:153,50,1,0
BRDA:162,51,0,0
BRDA:162,51,1,0
BRDA:167,52,0,0
BRDA:167,53,0,0
BRDA:174,54,0,0
BRDA:174,54,1,0
BRDA:176,55,0,0
BRDA:176,55,1,0
BRDA:177,56,0,0
BRDA:177,56,1,0
BRDA:186,57,0,0
BRDA:191,58,0,0
BRDA:191,58,1,0
BRDA:192,59,0,0
BRDA:192,59,1,0
BRDA:194,60,0,0
BRDA:194,60,1,0
BRDA:194,61,0,0
BRDA:194,61,1,0
BRDA:196,62,0,0
BRDA:196,62,1,0
BRDA:206,63,0,0
BRDA:206,63,1,0
BRDA:214,64,0,0
BRDA:214,64,1,0
BRDA:215,65,0,0
BRDA:215,65,1,0
BRDA:220,66,0,0
BRDA:232,67,0,0
BRDA:232,67,1,0
BRDA:233,68,0,0
BRDA:233,68,1,0
BRDA:234,69,0,0
BRDA:234,69,1,0
BRDA:235,70,0,0
BRDA:235,70,1,0
BRDA:246,71,0,0
BRDA:246,72,0,0
BRDA:246,73,0,0
BRDA:250,74,0,0
BRDA:250,74,1,0
BRDA:254,75,0,0
BRDA:254,75,1,0
BRDA:258,76,0,0
BRDA:258,76,1,0
BRDA:261,77,0,0
BRDA:261,77,1,0
BRDA:261,78,0,0
BRDA:261,78,1,0
BRDA:267,79,0,0
BRDA:271,80,0,0
BRDA:271,80,1,0
BRDA:272,81,0,0
BRDA:272,81,1,0
BRDA:272,81,2,0
BRDA:273,82,0,0
BRDA:273,82,1,0
BRDA:274,83,0,0
BRDA:274,83,1,0
BRDA:276,84,0,0
BRDA:276,84,1,0
BRDA:277,85,0,0
BRDA:277,85,1,0
BRDA:278,86,0,0
BRDA:278,86,1,0
BRDA:279,87,0,0
BRDA:279,87,1,0
BRDA:279,87,2,0
BRDA:280,88,0,0
BRDA:280,88,1,0
BRDA:280,89,0,0
BRDA:280,89,1,0
BRDA:281,90,0,0
BRDA:281,90,1,0
BRDA:282,91,0,0
BRDA:282,91,1,0
BRDA:294,92,0,0
BRDA:294,93,0,0
BRDA:294,94,0,0
BRDA:296,95,0,0
BRDA:296,95,1,0
BRDA:297,96,0,0
BRDA:297,96,1,0
BRDA:298,97,0,0
BRDA:298,97,1,0
BRDA:299,98,0,0
BRDA:299,98,1,0
BRDA:301,99,0,0
BRDA:301,99,1,0
BRDA:302,100,0,0
BRDA:302,100,1,0
BRDA:320,101,0,0
BRDA:320,101,1,0
BRDA:338,102,0,0
BRDA:338,102,1,0
BRDA:338,102,2,0
BRDA:341,103,0,0
BRDA:341,103,1,0
BRDA:481,104,0,0
BRDA:481,104,1,0
BRDA:482,105,0,0
BRDA:482,105,1,0
BRDA:482,106,0,0
BRDA:482,106,1,0
BRDA:493,107,0,0
BRDA:493,107,1,0
BRDA:493,108,0,0
BRDA:493,108,1,0
BRDA:500,109,0,0
BRDA:500,109,1,0
BRDA:504,110,0,0
BRDA:504,110,1,0
BRDA:504,111,0,0
BRDA:504,111,1,0
BRDA:531,112,0,0
BRDA:531,112,1,0
BRDA:532,113,0,0
BRDA:532,113,1,0
BRDA:533,114,0,0
BRDA:533,114,1,0
BRDA:534,115,0,0
BRDA:534,115,1,0
BRDA:535,116,0,0
BRDA:535,116,1,0
BRDA:536,117,0,0
BRDA:536,117,1,0
BRDA:541,118,0,0
BRDA:541,118,1,0
BRF:223
BRH:0
end_of_record
TN:
SF:src/services/scrapeService.js
FN:36,scrapeAndStore
FN:37,(anonymous_1)
FN:65,(anonymous_2)
FN:65,(anonymous_3)
FN:137,withTimeout
FN:143,(anonymous_5)
FN:144,(anonymous_6)
FN:152,scrapeViaJinaOrFallback
FN:181,isMytheresaCategoryUrl
FN:186,isListingUrl
FNF:10
FNH:0
FNDA:0,scrapeAndStore
FNDA:0,(anonymous_1)
FNDA:0,(anonymous_2)
FNDA:0,(anonymous_3)
FNDA:0,withTimeout
FNDA:0,(anonymous_5)
FNDA:0,(anonymous_6)
FNDA:0,scrapeViaJinaOrFallback
FNDA:0,isMytheresaCategoryUrl
FNDA:0,isListingUrl
DA:22,0
DA:37,0
DA:38,0
DA:42,0
DA:43,0
DA:44,0
DA:45,0
DA:49,0
DA:50,0
DA:52,0
DA:63,0
DA:64,0
DA:65,0
DA:66,0
DA:67,0
DA:68,0
DA:69,0
DA:70,0
DA:71,0
DA:72,0
DA:74,0
DA:76,0
DA:77,0
DA:78,0
DA:79,0
DA:80,0
DA:81,0
DA:82,0
DA:85,0
DA:86,0
DA:87,0
DA:88,0
DA:90,0
DA:91,0
DA:92,0
DA:93,0
DA:94,0
DA:95,0
DA:97,0
DA:98,0
DA:99,0
DA:100,0
DA:101,0
DA:103,0
DA:104,0
DA:105,0
DA:110,0
DA:111,0
DA:112,0
DA:113,0
DA:114,0
DA:117,0
DA:120,0
DA:121,0
DA:122,0
DA:125,0
DA:138,0
DA:140,0
DA:141,0
DA:144,0
DA:148,0
DA:154,0
DA:155,0
DA:156,0
DA:157,0
DA:158,0
DA:159,0
DA:160,0
DA:162,0
DA:170,0
DA:171,0
DA:172,0
DA:173,0
DA:174,0
DA:175,0
DA:176,0
DA:178,0
DA:182,0
DA:183,0
DA:187,0
LF:80
LH:0
BRDA:36,0,0,0
BRDA:36,1,0,0
BRDA:36,2,0,0
BRDA:37,3,0,0
BRDA:37,3,1,0
BRDA:42,4,0,0
BRDA:42,4,1,0
BRDA:42,5,0,0
BRDA:42,5,1,0
BRDA:44,6,0,0
BRDA:44,6,1,0
BRDA:44,7,0,0
BRDA:44,7,1,0
BRDA:45,8,0,0
BRDA:45,8,1,0
BRDA:59,9,0,0
BRDA:59,9,1,0
BRDA:63,10,0,0
BRDA:63,10,1,0
BRDA:64,11,0,0
BRDA:64,11,1,0
BRDA:66,12,0,0
BRDA:66,12,1,0
BRDA:66,13,0,0
BRDA:66,13,1,0
BRDA:67,14,0,0
BRDA:67,14,1,0
BRDA:67,15,0,0
BRDA:67,15,1,0
BRDA:68,16,0,0
BRDA:68,16,1,0
BRDA:68,17,0,0
BRDA:68,17,1,0
BRDA:69,18,0,0
BRDA:69,18,1,0
BRDA:69,19,0,0
BRDA:69,19,1,0
BRDA:70,20,0,0
BRDA:70,20,1,0
BRDA:71,21,0,0
BRDA:71,21,1,0
BRDA:71,22,0,0
BRDA:71,22,1,0
BRDA:72,23,0,0
BRDA:72,23,1,0
BRDA:76,24,0,0
BRDA:76,24,1,0
BRDA:77,25,0,0
BRDA:77,25,1,0
BRDA:78,26,0,0
BRDA:78,26,1,0
BRDA:79,27,0,0
BRDA:79,27,1,0
BRDA:80,28,0,0
BRDA:80,28,1,0
BRDA:81,29,0,0
BRDA:81,29,1,0
BRDA:82,30,0,0
BRDA:82,30,1,0
BRDA:83,31,0,0
BRDA:83,31,1,0
BRDA:93,32,0,0
BRDA:93,32,1,0
BRDA:94,33,0,0
BRDA:94,33,1,0
BRDA:94,34,0,0
BRDA:94,34,1,0
BRDA:98,35,0,0
BRDA:98,35,1,0
BRDA:99,36,0,0
BRDA:99,36,1,0
BRDA:100,37,0,0
BRDA:100,37,1,0
BRDA:104,38,0,0
BRDA:104,38,1,0
BRDA:104,39,0,0
BRDA:104,39,1,0
BRDA:112,40,0,0
BRDA:112,40,1,0
BRDA:112,41,0,0
BRDA:112,41,1,0
BRDA:122,42,0,0
BRDA:122,42,1,0
BRDA:148,43,0,0
BRDA:148,43,1,0
BRDA:155,44,0,0
BRDA:155,44,1,0
BRDA:156,45,0,0
BRDA:156,45,1,0
BRDA:157,46,0,0
BRDA:157,46,1,0
BRDA:158,47,0,0
BRDA:158,47,1,0
BRDA:158,48,0,0
BRDA:158,48,1,0
BRDA:162,49,0,0
BRDA:162,49,1,0
BRDA:162,50,0,0
BRDA:162,50,1,0
BRDA:170,51,0,0
BRDA:170,51,1,0
BRDA:170,52,0,0
BRDA:170,52,1,0
BRDA:171,53,0,0
BRDA:171,53,1,0
BRDA:171,54,0,0
BRDA:171,54,1,0
BRDA:172,55,0,0
BRDA:172,55,1,0
BRDA:172,56,0,0
BRDA:172,56,1,0
BRDA:173,57,0,0
BRDA:173,57,1,0
BRDA:173,58,0,0
BRDA:173,58,1,0
BRDA:174,59,0,0
BRDA:174,59,1,0
BRDA:174,60,0,0
BRDA:174,60,1,0
BRDA:175,61,0,0
BRDA:175,61,1,0
BRDA:175,62,0,0
BRDA:175,62,1,0
BRDA:176,63,0,0
BRDA:176,63,1,0
BRDA:176,64,0,0
BRDA:176,64,1,0
BRDA:182,65,0,0
BRDA:182,65,1,0
BRDA:183,66,0,0
BRDA:183,66,1,0
BRF:131
BRH:0
end_of_record
TN:
SF:src/utils/browserFetcher.js
FN:6,fetchHtml
FN:27,fetchRendered
FN:69,(anonymous_2)
FN:87,loadPlaywright
FN:100,findCachedChromium
FN:110,(anonymous_5)
FN:112,(anonymous_6)
FN:113,(anonymous_7)
FN:132,toBool
FNF:9
FNH:0
FNDA:0,fetchHtml
FNDA:0,fetchRendered
FNDA:0,(anonymous_2)
FNDA:0,loadPlaywright
FNDA:0,findCachedChromium
FNDA:0,(anonymous_5)
FNDA:0,(anonymous_6)
FNDA:0,(anonymous_7)
FNDA:0,toBool
DA:4,0
DA:7,0
DA:8,0
DA:9,0
DA:10,0
DA:13,0
DA:19,0
DA:28,0
DA:29,0
DA:30,0
DA:38,0
DA:40,0
DA:42,0
DA:43,0
DA:47,0
DA:48,0
DA:49,0
DA:51,0
DA:54,0
DA:55,0
DA:62,0
DA:63,0
DA:68,0
DA:69,0
DA:72,0
DA:73,0
DA:75,0
DA:76,0
DA:83,0
DA:88,0
DA:89,0
DA:91,0
DA:92,0
DA:93,0
DA:94,0
DA:96,0
DA:103,0
DA:104,0
DA:105,0
DA:106,0
DA:108,0
DA:109,0
DA:110,0
DA:111,0
DA:112,0
DA:113,0
DA:117,0
DA:118,0
DA:119,0
DA:120,0
DA:121,0
DA:129,0
DA:133,0
DA:134,0
DA:135,0
DA:136,0
DA:137,0
DA:138,0
LF:58
LH:0
BRDA:6,0,0,0
BRDA:8,1,0,0
BRDA:8,1,1,0
BRDA:10,2,0,0
BRDA:10,2,1,0
BRDA:14,3,0,0
BRDA:14,3,1,0
BRDA:15,4,0,0
BRDA:15,4,1,0
BRDA:16,5,0,0
BRDA:16,5,1,0
BRDA:22,6,0,0
BRDA:22,6,1,0
BRDA:27,7,0,0
BRDA:29,8,0,0
BRDA:29,8,1,0
BRDA:48,9,0,0
BRDA:48,9,1,0
BRDA:49,10,0,0
BRDA:49,10,1,0
BRDA:49,10,2,0
BRDA:49,10,3,0
BRDA:58,11,0,0
BRDA:58,11,1,0
BRDA:64,12,0,0
BRDA:64,12,1,0
BRDA:65,13,0,0
BRDA:65,13,1,0
BRDA:68,14,0,0
BRDA:68,14,1,0
BRDA:72,15,0,0
BRDA:72,15,1,0
BRDA:88,16,0,0
BRDA:88,16,1,0
BRDA:89,17,0,0
BRDA:89,17,1,0
BRDA:112,18,0,0
BRDA:112,18,1,0
BRDA:133,19,0,0
BRDA:133,19,1,0
BRDA:133,20,0,0
BRDA:133,20,1,0
BRDA:133,20,2,0
BRDA:134,21,0,0
BRDA:134,21,1,0
BRDA:136,22,0,0
BRDA:136,22,1,0
BRDA:136,23,0,0
BRDA:136,23,1,0
BRDA:136,23,2,0
BRDA:137,24,0,0
BRDA:137,24,1,0
BRDA:137,25,0,0
BRDA:137,25,1,0
BRDA:137,25,2,0
BRF:55
BRH:0
end_of_record
TN:
SF:src/utils/evidence.js
FN:7,saveEvidence
FN:27,normalizePlatform
FNF:2
FNH:0
FNDA:0,saveEvidence
FNDA:0,normalizePlatform
DA:5,0
DA:8,0
DA:10,0
DA:11,0
DA:12,0
DA:14,0
DA:15,0
DA:17,0
DA:18,0
DA:20,0
DA:28,0
DA:29,0
DA:30,0
DA:31,0
DA:32,0
DA:33,0
DA:34,0
LF:17
LH:0
BRDA:11,0,0,0
BRDA:11,0,1,0
BRDA:18,1,0,0
BRDA:18,1,1,0
BRDA:28,2,0,0
BRDA:28,2,1,0
BRDA:29,3,0,0
BRDA:29,3,1,0
BRDA:29,4,0,0
BRDA:29,4,1,0
BRDA:30,5,0,0
BRDA:30,5,1,0
BRDA:31,6,0,0
BRDA:31,6,1,0
BRDA:31,7,0,0
BRDA:31,7,1,0
BRDA:31,7,2,0
BRDA:32,8,0,0
BRDA:32,8,1,0
BRDA:32,9,0,0
BRDA:32,9,1,0
BRDA:32,9,2,0
BRDA:33,10,0,0
BRDA:33,10,1,0
BRDA:34,11,0,0
BRDA:34,11,1,0
BRF:26
BRH:0
end_of_record
TN:
SF:src/utils/fx.js
FN:16,getRates
FN:43,safeInvert
FN:48,toCny
FNF:3
FNH:3
FNDA:7,getRates
FNDA:4,safeInvert
FNDA:5,toCny
DA:3,1
DA:11,1
DA:17,7
DA:18,7
DA:20,1
DA:21,1
DA:22,1
DA:23,1
DA:34,0
DA:40,1
DA:44,4
DA:45,0
DA:49,5
DA:50,5
DA:51,5
LF:15
LH:13
BRDA:18,0,0,6
BRDA:18,0,1,1
BRDA:22,1,0,1
BRDA:22,1,1,1
BRDA:44,2,0,4
BRDA:44,2,1,0
BRDA:44,3,0,4
BRDA:44,3,1,0
BRDA:50,4,0,5
BRDA:50,4,1,1
BRF:10
BRH:8
end_of_record
TN:
SF:src/utils/httpClient.js
FN:9,getWithRetry
FN:24,(anonymous_1)
FN:44,sleep
FN:45,(anonymous_3)
FNF:4
FNH:2
FNDA:1,getWithRetry
FNDA:1,(anonymous_1)
FNDA:0,sleep
FNDA:0,(anonymous_3)
DA:3,1
DA:15,1
DA:18,1
DA:19,1
DA:20,1
DA:24,1
DA:34,1
DA:36,0
DA:37,0
DA:41,0
DA:45,0
LF:11
LH:7
BRDA:9,0,0,0
BRDA:11,1,0,0
BRDA:12,2,0,0
BRDA:13,3,0,1
BRF:4
BRH:1
end_of_record
TN:
SF:src/utils/productNormalizer.js
FN:1,normalizeTitle
FN:9,extractNikeDunkSignals
FN:26,isNikeDunkLike
FN:31,matchesModelCode
FN:38,guessColorway
FN:40,(anonymous_5)
FN:44,buildVariantKey
FNF:7
FNH:7
FNDA:15,normalizeTitle
FNDA:12,extractNikeDunkSignals
FNDA:3,isNikeDunkLike
FNDA:3,matchesModelCode
FNDA:12,guessColorway
FNDA:144,(anonymous_5)
FNDA:2,buildVariantKey
DA:2,15
DA:10,12
DA:11,12
DA:12,12
DA:13,12
DA:14,12
DA:15,12
DA:17,12
DA:27,3
DA:28,3
DA:32,3
DA:33,2
DA:34,2
DA:35,2
DA:39,12
DA:40,144
DA:41,12
DA:45,2
DA:46,2
DA:47,1
LF:20
LH:20
BRDA:1,0,0,0
BRDA:9,1,0,0
BRDA:13,2,0,3
BRDA:13,2,1,9
BRDA:13,3,0,12
BRDA:13,3,1,10
BRDA:13,4,0,2
BRDA:13,4,1,7
BRDA:13,5,0,9
BRDA:13,5,1,8
BRDA:14,6,0,12
BRDA:14,6,1,8
BRDA:14,7,0,12
BRDA:14,7,1,8
BRDA:26,8,0,0
BRDA:28,9,0,3
BRDA:28,9,1,3
BRDA:31,10,0,0
BRDA:31,11,0,0
BRDA:32,12,0,1
BRDA:32,12,1,2
BRDA:45,13,0,2
BRDA:45,13,1,0
BRDA:46,14,0,1
BRDA:46,14,1,1
BRDA:47,15,0,1
BRDA:47,15,1,0
BRDA:47,16,0,1
BRDA:47,16,1,0
BRF:29
BRH:21
end_of_record
TN:
SF:src/utils/similarity.js
FN:4,normalizeTitle
FN:21,tokenizeTitle
FN:25,(anonymous_2)
FN:37,jaccard
FN:47,extractStyleCode
FN:54,groupSimilarProducts
FN:57,(anonymous_6)
FN:59,(anonymous_7)
FN:60,(anonymous_8)
FN:61,(anonymous_9)
FN:62,(anonymous_10)
FN:64,find
FN:72,union
FN:131,(anonymous_13)
FN:144,extractBrand
FN:153,sharedTokens
FN:162,priceClose
FNF:17
FNH:17
FNDA:17,normalizeTitle
FNDA:8,tokenizeTitle
FNDA:29,(anonymous_2)
FNDA:6,jaccard
FNDA:9,extractStyleCode
FNDA:3,groupSimilarProducts
FNDA:5,(anonymous_6)
FNDA:5,(anonymous_7)
FNDA:5,(anonymous_8)
FNDA:5,(anonymous_9)
FNDA:5,(anonymous_10)
FNDA:9,find
FNDA:2,union
FNDA:4,(anonymous_13)
FNDA:5,extractBrand
FNDA:1,sharedTokens
FNDA:1,priceClose
DA:5,17
DA:14,17
DA:22,8
DA:23,8
DA:25,29
DA:27,8
DA:28,8
DA:29,8
DA:30,26
DA:31,24
DA:32,24
DA:34,8
DA:38,6
DA:39,6
DA:40,6
DA:41,4
DA:42,13
DA:43,4
DA:44,4
DA:49,9
DA:50,9
DA:51,9
DA:55,3
DA:56,3
DA:57,5
DA:59,5
DA:60,5
DA:61,5
DA:62,5
DA:65,9
DA:66,2
DA:67,2
DA:69,9
DA:73,2
DA:74,2
DA:75,2
DA:78,3
DA:79,5
DA:81,4
DA:82,1
DA:83,1
DA:87,3
DA:88,1
DA:89,1
DA:90,1
DA:91,1
DA:95,2
DA:96,2
DA:97,0
DA:98,0
DA:102,2
DA:103,2
DA:104,2
DA:105,0
DA:110,3
DA:111,3
DA:112,5
DA:113,5
DA:114,5
DA:115,5
DA:118,3
DA:119,3
DA:120,3
DA:122,3
DA:123,3
DA:124,2
DA:125,2
DA:126,4
DA:127,2
DA:131,4
DA:141,3
DA:145,5
DA:146,5
DA:148,5
DA:149,5
DA:150,5
DA:154,1
DA:155,1
DA:156,1
DA:157,4
DA:159,1
DA:163,1
DA:164,1
DA:165,1
DA:166,1
DA:167,1
LF:86
LH:83
BRDA:5,0,0,17
BRDA:5,0,1,1
BRDA:23,1,0,0
BRDA:23,1,1,8
BRDA:30,2,0,2
BRDA:30,2,1,24
BRDA:38,3,0,6
BRDA:38,3,1,0
BRDA:39,4,0,6
BRDA:39,4,1,0
BRDA:40,5,0,2
BRDA:40,5,1,4
BRDA:40,6,0,6
BRDA:40,6,1,5
BRDA:42,7,0,4
BRDA:42,7,1,9
BRDA:44,8,0,4
BRDA:44,8,1,0
BRDA:49,9,0,9
BRDA:49,9,1,0
BRDA:51,10,0,6
BRDA:51,10,1,3
BRDA:54,11,0,2
BRDA:54,12,0,2
BRDA:55,13,0,3
BRDA:55,13,1,0
BRDA:59,14,0,5
BRDA:59,14,1,0
BRDA:59,14,2,0
BRDA:60,15,0,5
BRDA:60,15,1,5
BRDA:60,15,2,5
BRDA:60,15,3,5
BRDA:60,16,0,5
BRDA:60,16,1,0
BRDA:61,17,0,5
BRDA:61,17,1,5
BRDA:61,17,2,0
BRDA:62,18,0,5
BRDA:62,18,1,0
BRDA:62,18,2,0
BRDA:75,19,0,2
BRDA:75,19,1,0
BRDA:81,20,0,1
BRDA:81,20,1,3
BRDA:81,21,0,4
BRDA:81,21,1,1
BRDA:87,22,0,1
BRDA:87,22,1,2
BRDA:87,23,0,3
BRDA:87,23,1,3
BRDA:89,24,0,1
BRDA:89,24,1,0
BRDA:89,25,0,1
BRDA:89,25,1,1
BRDA:96,26,0,0
BRDA:96,26,1,2
BRDA:102,27,0,2
BRDA:102,27,1,0
BRDA:103,28,0,2
BRDA:103,28,1,0
BRDA:104,29,0,0
BRDA:104,29,1,2
BRDA:104,30,0,2
BRDA:104,30,1,2
BRDA:104,30,2,2
BRDA:104,30,3,2
BRDA:104,30,4,0
BRDA:113,31,0,5
BRDA:113,31,1,3
BRDA:123,32,0,1
BRDA:123,32,1,2
BRDA:130,33,0,2
BRDA:130,33,1,0
BRDA:132,34,0,4
BRDA:132,34,1,0
BRDA:133,35,0,4
BRDA:133,35,1,0
BRDA:134,36,0,4
BRDA:134,36,1,0
BRDA:135,37,0,4
BRDA:135,37,1,4
BRDA:136,38,0,4
BRDA:136,38,1,0
BRDA:136,38,2,0
BRDA:145,39,0,5
BRDA:145,39,1,0
BRDA:146,40,0,0
BRDA:146,40,1,5
BRDA:149,41,0,0
BRDA:149,41,1,5
BRDA:153,42,0,0
BRDA:153,43,0,0
BRDA:154,44,0,1
BRDA:154,44,1,0
BRDA:156,45,0,1
BRDA:156,45,1,0
BRDA:157,46,0,4
BRDA:157,46,1,0
BRDA:163,47,0,1
BRDA:163,47,1,0
BRDA:164,48,0,1
BRDA:164,48,1,0
BRDA:165,49,0,0
BRDA:165,49,1,1
BRDA:165,50,0,1
BRDA:165,50,1,1
BRF:107
BRH:71
end_of_record
